{"C:\\Users\\Android-ap\\Documents\\Adobe\\khota a\\Gudcity-REDA\\src\\api\\api.ts": {"path":"C:\\Users\\Android-ap\\Documents\\Adobe\\khota a\\Gudcity-REDA\\src\\api\\api.ts","statementMap":{"0":{"start":{"line":5,"column":0},"end":{"line":5,"column":38}},"1":{"start":{"line":18,"column":4},"end":{"line":18,"column":27}},"2":{"start":{"line":19,"column":4},"end":{"line":21,"column":6}},"3":{"start":{"line":28,"column":4},"end":{"line":28,"column":41}},"4":{"start":{"line":36,"column":17},"end":{"line":36,"column":70}},"5":{"start":{"line":39,"column":4},"end":{"line":43,"column":5}},"6":{"start":{"line":40,"column":6},"end":{"line":42,"column":9}},"7":{"start":{"line":41,"column":8},"end":{"line":41,"column":42}},"8":{"start":{"line":46,"column":18},"end":{"line":46,"column":37}},"9":{"start":{"line":47,"column":4},"end":{"line":49,"column":5}},"10":{"start":{"line":48,"column":6},"end":{"line":48,"column":51}},"11":{"start":{"line":51,"column":4},"end":{"line":51,"column":19}},"12":{"start":{"line":58,"column":4},"end":{"line":79,"column":5}},"13":{"start":{"line":59,"column":22},"end":{"line":59,"column":52}},"14":{"start":{"line":61,"column":23},"end":{"line":64,"column":8}},"15":{"start":{"line":66,"column":19},"end":{"line":66,"column":58}},"16":{"start":{"line":66,"column":53},"end":{"line":66,"column":57}},"17":{"start":{"line":68,"column":6},"end":{"line":72,"column":8}},"18":{"start":{"line":74,"column":6},"end":{"line":74,"column":61}},"19":{"start":{"line":75,"column":6},"end":{"line":78,"column":8}},"20":{"start":{"line":86,"column":4},"end":{"line":108,"column":5}},"21":{"start":{"line":87,"column":22},"end":{"line":87,"column":52}},"22":{"start":{"line":89,"column":23},"end":{"line":93,"column":8}},"23":{"start":{"line":95,"column":19},"end":{"line":95,"column":58}},"24":{"start":{"line":95,"column":53},"end":{"line":95,"column":57}},"25":{"start":{"line":97,"column":6},"end":{"line":101,"column":8}},"26":{"start":{"line":103,"column":6},"end":{"line":103,"column":62}},"27":{"start":{"line":104,"column":6},"end":{"line":107,"column":8}},"28":{"start":{"line":115,"column":4},"end":{"line":137,"column":5}},"29":{"start":{"line":116,"column":22},"end":{"line":116,"column":52}},"30":{"start":{"line":118,"column":23},"end":{"line":122,"column":8}},"31":{"start":{"line":124,"column":19},"end":{"line":124,"column":58}},"32":{"start":{"line":124,"column":53},"end":{"line":124,"column":57}},"33":{"start":{"line":126,"column":6},"end":{"line":130,"column":8}},"34":{"start":{"line":132,"column":6},"end":{"line":132,"column":61}},"35":{"start":{"line":133,"column":6},"end":{"line":136,"column":8}},"36":{"start":{"line":144,"column":4},"end":{"line":165,"column":5}},"37":{"start":{"line":145,"column":22},"end":{"line":145,"column":52}},"38":{"start":{"line":147,"column":23},"end":{"line":150,"column":8}},"39":{"start":{"line":152,"column":19},"end":{"line":152,"column":58}},"40":{"start":{"line":152,"column":53},"end":{"line":152,"column":57}},"41":{"start":{"line":154,"column":6},"end":{"line":158,"column":8}},"42":{"start":{"line":160,"column":6},"end":{"line":160,"column":64}},"43":{"start":{"line":161,"column":6},"end":{"line":164,"column":8}},"44":{"start":{"line":170,"column":12},"end":{"line":170,"column":39}},"45":{"start":{"line":171,"column":0},"end":{"line":171,"column":19}}},"fnMap":{"0":{"name":"(anonymous_7)","decl":{"start":{"line":17,"column":2},"end":{"line":17,"column":14}},"loc":{"start":{"line":17,"column":29},"end":{"line":22,"column":3}}},"1":{"name":"(anonymous_8)","decl":{"start":{"line":27,"column":10},"end":{"line":27,"column":22}},"loc":{"start":{"line":27,"column":22},"end":{"line":29,"column":3}}},"2":{"name":"(anonymous_9)","decl":{"start":{"line":34,"column":10},"end":{"line":34,"column":20}},"loc":{"start":{"line":34,"column":59},"end":{"line":52,"column":3}}},"3":{"name":"(anonymous_10)","decl":{"start":{"line":40,"column":41},"end":{"line":40,"column":44}},"loc":{"start":{"line":40,"column":47},"end":{"line":42,"column":7}}},"4":{"name":"(anonymous_11)","decl":{"start":{"line":57,"column":8},"end":{"line":57,"column":11}},"loc":{"start":{"line":57,"column":68},"end":{"line":80,"column":null}}},"5":{"name":"(anonymous_13)","decl":{"start":{"line":66,"column":47},"end":{"line":66,"column":50}},"loc":{"start":{"line":66,"column":53},"end":{"line":66,"column":57}}},"6":{"name":"(anonymous_14)","decl":{"start":{"line":85,"column":8},"end":{"line":85,"column":12}},"loc":{"start":{"line":85,"column":81},"end":{"line":109,"column":null}}},"7":{"name":"(anonymous_16)","decl":{"start":{"line":95,"column":47},"end":{"line":95,"column":50}},"loc":{"start":{"line":95,"column":53},"end":{"line":95,"column":57}}},"8":{"name":"(anonymous_17)","decl":{"start":{"line":114,"column":8},"end":{"line":114,"column":11}},"loc":{"start":{"line":114,"column":80},"end":{"line":138,"column":null}}},"9":{"name":"(anonymous_19)","decl":{"start":{"line":124,"column":47},"end":{"line":124,"column":50}},"loc":{"start":{"line":124,"column":53},"end":{"line":124,"column":57}}},"10":{"name":"(anonymous_20)","decl":{"start":{"line":143,"column":8},"end":{"line":143,"column":14}},"loc":{"start":{"line":143,"column":71},"end":{"line":166,"column":null}}},"11":{"name":"(anonymous_22)","decl":{"start":{"line":152,"column":47},"end":{"line":152,"column":50}},"loc":{"start":{"line":152,"column":53},"end":{"line":152,"column":57}}}},"branchMap":{"0":{"loc":{"start":{"line":39,"column":4},"end":{"line":43,"column":5}},"type":"if","locations":[{"start":{"line":39,"column":4},"end":{"line":43,"column":5}}]},"1":{"loc":{"start":{"line":47,"column":4},"end":{"line":49,"column":5}},"type":"if","locations":[{"start":{"line":47,"column":4},"end":{"line":49,"column":5}}]},"2":{"loc":{"start":{"line":71,"column":15},"end":{"line":71,"column":80}},"type":"cond-expr","locations":[{"start":{"line":71,"column":31},"end":{"line":71,"column":67}},{"start":{"line":71,"column":71},"end":{"line":71,"column":80}}]},"3":{"loc":{"start":{"line":71,"column":31},"end":{"line":71,"column":67}},"type":"binary-expr","locations":[{"start":{"line":71,"column":31},"end":{"line":71,"column":44}},{"start":{"line":71,"column":48},"end":{"line":71,"column":67}}]},"4":{"loc":{"start":{"line":71,"column":31},"end":{"line":71,"column":44}},"type":"cond-expr","locations":[{"start":{"line":71,"column":35},"end":{"line":71,"column":37}},{"start":{"line":71,"column":31},"end":{"line":71,"column":44}}]},"5":{"loc":{"start":{"line":71,"column":31},"end":{"line":71,"column":37}},"type":"binary-expr","locations":[{"start":{"line":71,"column":31},"end":{"line":71,"column":37}},{"start":{"line":71,"column":31},"end":{"line":71,"column":37}}]},"6":{"loc":{"start":{"line":77,"column":15},"end":{"line":77,"column":71}},"type":"cond-expr","locations":[{"start":{"line":77,"column":40},"end":{"line":77,"column":53}},{"start":{"line":77,"column":56},"end":{"line":77,"column":71}}]},"7":{"loc":{"start":{"line":92,"column":14},"end":{"line":92,"column":53}},"type":"cond-expr","locations":[{"start":{"line":92,"column":21},"end":{"line":92,"column":41}},{"start":{"line":92,"column":44},"end":{"line":92,"column":53}}]},"8":{"loc":{"start":{"line":100,"column":15},"end":{"line":100,"column":80}},"type":"cond-expr","locations":[{"start":{"line":100,"column":31},"end":{"line":100,"column":67}},{"start":{"line":100,"column":71},"end":{"line":100,"column":80}}]},"9":{"loc":{"start":{"line":100,"column":31},"end":{"line":100,"column":67}},"type":"binary-expr","locations":[{"start":{"line":100,"column":31},"end":{"line":100,"column":44}},{"start":{"line":100,"column":48},"end":{"line":100,"column":67}}]},"10":{"loc":{"start":{"line":100,"column":31},"end":{"line":100,"column":44}},"type":"cond-expr","locations":[{"start":{"line":100,"column":35},"end":{"line":100,"column":37}},{"start":{"line":100,"column":31},"end":{"line":100,"column":44}}]},"11":{"loc":{"start":{"line":100,"column":31},"end":{"line":100,"column":37}},"type":"binary-expr","locations":[{"start":{"line":100,"column":31},"end":{"line":100,"column":37}},{"start":{"line":100,"column":31},"end":{"line":100,"column":37}}]},"12":{"loc":{"start":{"line":106,"column":15},"end":{"line":106,"column":71}},"type":"cond-expr","locations":[{"start":{"line":106,"column":40},"end":{"line":106,"column":53}},{"start":{"line":106,"column":56},"end":{"line":106,"column":71}}]},"13":{"loc":{"start":{"line":121,"column":14},"end":{"line":121,"column":53}},"type":"cond-expr","locations":[{"start":{"line":121,"column":21},"end":{"line":121,"column":41}},{"start":{"line":121,"column":44},"end":{"line":121,"column":53}}]},"14":{"loc":{"start":{"line":129,"column":15},"end":{"line":129,"column":80}},"type":"cond-expr","locations":[{"start":{"line":129,"column":31},"end":{"line":129,"column":67}},{"start":{"line":129,"column":71},"end":{"line":129,"column":80}}]},"15":{"loc":{"start":{"line":129,"column":31},"end":{"line":129,"column":67}},"type":"binary-expr","locations":[{"start":{"line":129,"column":31},"end":{"line":129,"column":44}},{"start":{"line":129,"column":48},"end":{"line":129,"column":67}}]},"16":{"loc":{"start":{"line":129,"column":31},"end":{"line":129,"column":44}},"type":"cond-expr","locations":[{"start":{"line":129,"column":35},"end":{"line":129,"column":37}},{"start":{"line":129,"column":31},"end":{"line":129,"column":44}}]},"17":{"loc":{"start":{"line":129,"column":31},"end":{"line":129,"column":37}},"type":"binary-expr","locations":[{"start":{"line":129,"column":31},"end":{"line":129,"column":37}},{"start":{"line":129,"column":31},"end":{"line":129,"column":37}}]},"18":{"loc":{"start":{"line":135,"column":15},"end":{"line":135,"column":71}},"type":"cond-expr","locations":[{"start":{"line":135,"column":40},"end":{"line":135,"column":53}},{"start":{"line":135,"column":56},"end":{"line":135,"column":71}}]},"19":{"loc":{"start":{"line":157,"column":15},"end":{"line":157,"column":80}},"type":"cond-expr","locations":[{"start":{"line":157,"column":31},"end":{"line":157,"column":67}},{"start":{"line":157,"column":71},"end":{"line":157,"column":80}}]},"20":{"loc":{"start":{"line":157,"column":31},"end":{"line":157,"column":67}},"type":"binary-expr","locations":[{"start":{"line":157,"column":31},"end":{"line":157,"column":44}},{"start":{"line":157,"column":48},"end":{"line":157,"column":67}}]},"21":{"loc":{"start":{"line":157,"column":31},"end":{"line":157,"column":44}},"type":"cond-expr","locations":[{"start":{"line":157,"column":35},"end":{"line":157,"column":37}},{"start":{"line":157,"column":31},"end":{"line":157,"column":44}}]},"22":{"loc":{"start":{"line":157,"column":31},"end":{"line":157,"column":37}},"type":"binary-expr","locations":[{"start":{"line":157,"column":31},"end":{"line":157,"column":37}},{"start":{"line":157,"column":31},"end":{"line":157,"column":37}}]},"23":{"loc":{"start":{"line":163,"column":15},"end":{"line":163,"column":71}},"type":"cond-expr","locations":[{"start":{"line":163,"column":40},"end":{"line":163,"column":53}},{"start":{"line":163,"column":56},"end":{"line":163,"column":71}}]}},"s":{"0":0,"1":0,"2":0,"3":0,"4":0,"5":0,"6":0,"7":0,"8":0,"9":0,"10":0,"11":0,"12":0,"13":0,"14":0,"15":0,"16":0,"17":0,"18":0,"19":0,"20":0,"21":0,"22":0,"23":0,"24":0,"25":0,"26":0,"27":0,"28":0,"29":0,"30":0,"31":0,"32":0,"33":0,"34":0,"35":0,"36":0,"37":0,"38":0,"39":0,"40":0,"41":0,"42":0,"43":0,"44":0,"45":0},"f":{"0":0,"1":0,"2":0,"3":0,"4":0,"5":0,"6":0,"7":0,"8":0,"9":0,"10":0,"11":0},"b":{"0":[0],"1":[0],"2":[0,0],"3":[0,0],"4":[0,0],"5":[0,0],"6":[0,0],"7":[0,0],"8":[0,0],"9":[0,0],"10":[0,0],"11":[0,0],"12":[0,0],"13":[0,0],"14":[0,0],"15":[0,0],"16":[0,0],"17":[0,0],"18":[0,0],"19":[0,0],"20":[0,0],"21":[0,0],"22":[0,0],"23":[0,0]}}
,"C:\\Users\\Android-ap\\Documents\\Adobe\\khota a\\Gudcity-REDA\\src\\hooks\\useDataLoader.ts": {"path":"C:\\Users\\Android-ap\\Documents\\Adobe\\khota a\\Gudcity-REDA\\src\\hooks\\useDataLoader.ts","statementMap":{"0":{"start":{"line":73,"column":0},"end":{"line":73,"column":16}},"1":{"start":{"line":217,"column":0},"end":{"line":217,"column":16}},"2":{"start":{"line":6,"column":0},"end":{"line":6,"column":57}},"3":{"start":{"line":7,"column":0},"end":{"line":7,"column":79}},"4":{"start":{"line":8,"column":0},"end":{"line":8,"column":37}},"5":{"start":{"line":9,"column":0},"end":{"line":9,"column":47}},"6":{"start":{"line":10,"column":0},"end":{"line":10,"column":40}},"7":{"start":{"line":11,"column":0},"end":{"line":11,"column":43}},"8":{"start":{"line":86,"column":6},"end":{"line":86,"column":13}},"9":{"start":{"line":89,"column":40},"end":{"line":89,"column":55}},"10":{"start":{"line":92,"column":2},"end":{"line":98,"column":21}},"11":{"start":{"line":93,"column":22},"end":{"line":95,"column":20}},"12":{"start":{"line":94,"column":6},"end":{"line":94,"column":27}},"13":{"start":{"line":97,"column":4},"end":{"line":97,"column":41}},"14":{"start":{"line":97,"column":17},"end":{"line":97,"column":40}},"15":{"start":{"line":101,"column":20},"end":{"line":101,"column":45}},"16":{"start":{"line":104,"column":29},"end":{"line":104,"column":61}},"17":{"start":{"line":107,"column":26},"end":{"line":156,"column":91}},"18":{"start":{"line":107,"column":49},"end":{"line":156,"column":5}},"19":{"start":{"line":111,"column":4},"end":{"line":131,"column":5}},"20":{"start":{"line":112,"column":6},"end":{"line":128,"column":9}},"21":{"start":{"line":116,"column":10},"end":{"line":118,"column":11}},"22":{"start":{"line":117,"column":12},"end":{"line":117,"column":130}},"23":{"start":{"line":121,"column":10},"end":{"line":126,"column":24}},"24":{"start":{"line":130,"column":6},"end":{"line":130,"column":31}},"25":{"start":{"line":134,"column":4},"end":{"line":153,"column":5}},"26":{"start":{"line":135,"column":6},"end":{"line":152,"column":9}},"27":{"start":{"line":138,"column":10},"end":{"line":150,"column":24}},"28":{"start":{"line":139,"column":33},"end":{"line":139,"column":105}},"29":{"start":{"line":140,"column":12},"end":{"line":140,"column":33}},"30":{"start":{"line":143,"column":12},"end":{"line":149,"column":13}},"31":{"start":{"line":144,"column":14},"end":{"line":148,"column":28}},"32":{"start":{"line":155,"column":4},"end":{"line":155,"column":24}},"33":{"start":{"line":159,"column":26},"end":{"line":164,"column":11}},"34":{"start":{"line":161,"column":27},"end":{"line":161,"column":78}},"35":{"start":{"line":162,"column":8},"end":{"line":162,"column":41}},"36":{"start":{"line":167,"column":16},"end":{"line":171,"column":null}},"37":{"start":{"line":175,"column":2},"end":{"line":188,"column":58}},"38":{"start":{"line":176,"column":4},"end":{"line":187,"column":5}},"39":{"start":{"line":177,"column":6},"end":{"line":177,"column":81}},"40":{"start":{"line":180,"column":6},"end":{"line":186,"column":7}},"41":{"start":{"line":181,"column":8},"end":{"line":185,"column":20}},"42":{"start":{"line":191,"column":28},"end":{"line":191,"column":90}},"43":{"start":{"line":194,"column":15},"end":{"line":196,"column":52}},"44":{"start":{"line":199,"column":20},"end":{"line":199,"column":50}},"45":{"start":{"line":202,"column":27},"end":{"line":202,"column":62}},"46":{"start":{"line":203,"column":30},"end":{"line":203,"column":47}},"47":{"start":{"line":205,"column":2},"end":{"line":210,"column":null}},"48":{"start":{"line":221,"column":2},"end":{"line":227,"column":4}},"49":{"start":{"line":222,"column":4},"end":{"line":226,"column":6}},"50":{"start":{"line":224,"column":12},"end":{"line":224,"column":35}},"51":{"start":{"line":230,"column":0},"end":{"line":230,"column":29}}},"fnMap":{"0":{"name":"useDataLoader","decl":{"start":{"line":73,"column":16},"end":{"line":73,"column":29}},"loc":{"start":{"line":76,"column":48},"end":{"line":212,"column":1}}},"1":{"name":"(anonymous_8)","decl":{"start":{"line":92,"column":12},"end":{"line":92,"column":15}},"loc":{"start":{"line":92,"column":17},"end":{"line":98,"column":3}}},"2":{"name":"(anonymous_9)","decl":{"start":{"line":93,"column":33},"end":{"line":93,"column":36}},"loc":{"start":{"line":93,"column":38},"end":{"line":95,"column":5}}},"3":{"name":"(anonymous_10)","decl":{"start":{"line":97,"column":11},"end":{"line":97,"column":14}},"loc":{"start":{"line":97,"column":17},"end":{"line":97,"column":40}}},"4":{"name":"(anonymous_11)","decl":{"start":{"line":107,"column":38},"end":{"line":107,"column":47}},"loc":{"start":{"line":107,"column":49},"end":{"line":156,"column":5}}},"5":{"name":"(anonymous_12)","decl":{"start":{"line":107,"column":49},"end":{"line":107,"column":null}},"loc":{"start":{"line":107,"column":49},"end":{"line":156,"column":3}}},"6":{"name":"(anonymous_13)","decl":{"start":{"line":115,"column":17},"end":{"line":115,"column":18}},"loc":{"start":{"line":115,"column":36},"end":{"line":127,"column":9}}},"7":{"name":"(anonymous_14)","decl":{"start":{"line":137,"column":27},"end":{"line":137,"column":28}},"loc":{"start":{"line":137,"column":41},"end":{"line":151,"column":9}}},"8":{"name":"(anonymous_15)","decl":{"start":{"line":138,"column":21},"end":{"line":138,"column":24}},"loc":{"start":{"line":138,"column":26},"end":{"line":150,"column":11}}},"9":{"name":"(anonymous_16)","decl":{"start":{"line":160,"column":6},"end":{"line":160,"column":7}},"loc":{"start":{"line":160,"column":46},"end":{"line":163,"column":7}}},"10":{"name":"(anonymous_17)","decl":{"start":{"line":175,"column":12},"end":{"line":175,"column":15}},"loc":{"start":{"line":175,"column":17},"end":{"line":188,"column":3}}},"11":{"name":"createEntityLoader","decl":{"start":{"line":217,"column":16},"end":{"line":217,"column":34}},"loc":{"start":{"line":219,"column":58},"end":{"line":228,"column":1}}},"12":{"name":"(anonymous_19)","decl":{"start":{"line":221,"column":9},"end":{"line":221,"column":10}},"loc":{"start":{"line":221,"column":85},"end":{"line":227,"column":3}}},"13":{"name":"(anonymous_20)","decl":{"start":{"line":224,"column":6},"end":{"line":224,"column":9}},"loc":{"start":{"line":224,"column":12},"end":{"line":224,"column":35}}}},"branchMap":{"0":{"loc":{"start":{"line":76,"column":2},"end":{"line":76,"column":48}},"type":"default-arg","locations":[{"start":{"line":76,"column":46},"end":{"line":76,"column":48}}]},"1":{"loc":{"start":{"line":80,"column":4},"end":{"line":80,"column":20}},"type":"default-arg","locations":[{"start":{"line":80,"column":16},"end":{"line":80,"column":20}}]},"2":{"loc":{"start":{"line":81,"column":4},"end":{"line":81,"column":22}},"type":"default-arg","locations":[{"start":{"line":81,"column":19},"end":{"line":81,"column":22}}]},"3":{"loc":{"start":{"line":82,"column":4},"end":{"line":82,"column":60}},"type":"default-arg","locations":[{"start":{"line":82,"column":12},"end":{"line":82,"column":60}}]},"4":{"loc":{"start":{"line":84,"column":4},"end":{"line":84,"column":47}},"type":"default-arg","locations":[{"start":{"line":84,"column":22},"end":{"line":84,"column":47}}]},"5":{"loc":{"start":{"line":85,"column":4},"end":{"line":85,"column":21}},"type":"default-arg","locations":[{"start":{"line":85,"column":19},"end":{"line":85,"column":21}}]},"6":{"loc":{"start":{"line":104,"column":29},"end":{"line":104,"column":61}},"type":"binary-expr","locations":[{"start":{"line":104,"column":29},"end":{"line":104,"column":44}},{"start":{"line":104,"column":48},"end":{"line":104,"column":61}}]},"7":{"loc":{"start":{"line":111,"column":4},"end":{"line":131,"column":5}},"type":"if","locations":[{"start":{"line":111,"column":4},"end":{"line":131,"column":5}},{"start":{"line":129,"column":11},"end":{"line":131,"column":5}}]},"8":{"loc":{"start":{"line":113,"column":20},"end":{"line":113,"column":71}},"type":"binary-expr","locations":[{"start":{"line":113,"column":20},"end":{"line":113,"column":36}},{"start":{"line":113,"column":40},"end":{"line":113,"column":71}}]},"9":{"loc":{"start":{"line":116,"column":10},"end":{"line":118,"column":11}},"type":"if","locations":[{"start":{"line":116,"column":10},"end":{"line":118,"column":11}}]},"10":{"loc":{"start":{"line":117,"column":67},"end":{"line":117,"column":118}},"type":"binary-expr","locations":[{"start":{"line":117,"column":67},"end":{"line":117,"column":83}},{"start":{"line":117,"column":87},"end":{"line":117,"column":118}}]},"11":{"loc":{"start":{"line":124,"column":19},"end":{"line":124,"column":73}},"type":"cond-expr","locations":[{"start":{"line":124,"column":44},"end":{"line":124,"column":57}},{"start":{"line":124,"column":60},"end":{"line":124,"column":73}}]},"12":{"loc":{"start":{"line":134,"column":4},"end":{"line":153,"column":5}},"type":"if","locations":[{"start":{"line":134,"column":4},"end":{"line":153,"column":5}}]},"13":{"loc":{"start":{"line":143,"column":12},"end":{"line":149,"column":13}},"type":"if","locations":[{"start":{"line":143,"column":12},"end":{"line":149,"column":13}}]},"14":{"loc":{"start":{"line":159,"column":26},"end":{"line":164,"column":11}},"type":"cond-expr","locations":[{"start":{"line":160,"column":6},"end":{"line":163,"column":7}},{"start":{"line":164,"column":6},"end":{"line":164,"column":11}}]},"15":{"loc":{"start":{"line":161,"column":27},"end":{"line":161,"column":78}},"type":"binary-expr","locations":[{"start":{"line":161,"column":27},"end":{"line":161,"column":43}},{"start":{"line":161,"column":47},"end":{"line":161,"column":78}}]},"16":{"loc":{"start":{"line":176,"column":4},"end":{"line":187,"column":5}},"type":"if","locations":[{"start":{"line":176,"column":4},"end":{"line":187,"column":5}}]},"17":{"loc":{"start":{"line":176,"column":8},"end":{"line":176,"column":32}},"type":"binary-expr","locations":[{"start":{"line":176,"column":8},"end":{"line":176,"column":19}},{"start":{"line":176,"column":23},"end":{"line":176,"column":32}}]},"18":{"loc":{"start":{"line":180,"column":6},"end":{"line":186,"column":7}},"type":"if","locations":[{"start":{"line":180,"column":6},"end":{"line":186,"column":7}}]},"19":{"loc":{"start":{"line":183,"column":17},"end":{"line":183,"column":89}},"type":"cond-expr","locations":[{"start":{"line":183,"column":48},"end":{"line":183,"column":67}},{"start":{"line":183,"column":70},"end":{"line":183,"column":89}}]},"20":{"loc":{"start":{"line":191,"column":28},"end":{"line":191,"column":90}},"type":"binary-expr","locations":[{"start":{"line":191,"column":28},"end":{"line":191,"column":43}},{"start":{"line":191,"column":47},"end":{"line":191,"column":60}},{"start":{"line":191,"column":64},"end":{"line":191,"column":90}}]},"21":{"loc":{"start":{"line":194,"column":15},"end":{"line":196,"column":52}},"type":"cond-expr","locations":[{"start":{"line":195,"column":6},"end":{"line":195,"column":16}},{"start":{"line":196,"column":7},"end":{"line":196,"column":51}}]},"22":{"loc":{"start":{"line":196,"column":7},"end":{"line":196,"column":51}},"type":"cond-expr","locations":[{"start":{"line":196,"column":27},"end":{"line":196,"column":39}},{"start":{"line":196,"column":42},"end":{"line":196,"column":51}}]},"23":{"loc":{"start":{"line":199,"column":20},"end":{"line":199,"column":50}},"type":"binary-expr","locations":[{"start":{"line":199,"column":20},"end":{"line":199,"column":35}},{"start":{"line":199,"column":39},"end":{"line":199,"column":50}}]},"24":{"loc":{"start":{"line":202,"column":27},"end":{"line":202,"column":62}},"type":"binary-expr","locations":[{"start":{"line":202,"column":27},"end":{"line":202,"column":42}},{"start":{"line":202,"column":46},"end":{"line":202,"column":62}}]}},"s":{"0":0,"1":0,"2":0,"3":0,"4":0,"5":0,"6":0,"7":0,"8":0,"9":0,"10":0,"11":0,"12":0,"13":0,"14":0,"15":0,"16":0,"17":0,"18":0,"19":0,"20":0,"21":0,"22":0,"23":0,"24":0,"25":0,"26":0,"27":0,"28":0,"29":0,"30":0,"31":0,"32":0,"33":0,"34":0,"35":0,"36":0,"37":0,"38":0,"39":0,"40":0,"41":0,"42":0,"43":0,"44":0,"45":0,"46":0,"47":0,"48":0,"49":0,"50":0,"51":0},"f":{"0":0,"1":0,"2":0,"3":0,"4":0,"5":0,"6":0,"7":0,"8":0,"9":0,"10":0,"11":0,"12":0,"13":0},"b":{"0":[0],"1":[0],"2":[0],"3":[0],"4":[0],"5":[0],"6":[0,0],"7":[0,0],"8":[0,0],"9":[0],"10":[0,0],"11":[0,0],"12":[0],"13":[0],"14":[0,0],"15":[0,0],"16":[0],"17":[0,0],"18":[0],"19":[0,0],"20":[0,0,0],"21":[0,0],"22":[0,0],"23":[0,0],"24":[0,0]}}
,"C:\\Users\\Android-ap\\Documents\\Adobe\\khota a\\Gudcity-REDA\\src\\i18n\\index.ts": {"path":"C:\\Users\\Android-ap\\Documents\\Adobe\\khota a\\Gudcity-REDA\\src\\i18n\\index.ts","statementMap":{"0":{"start":{"line":1,"column":0},"end":{"line":1,"column":27}},"1":{"start":{"line":2,"column":0},"end":{"line":2,"column":49}},"2":{"start":{"line":4,"column":18},"end":{"line":53,"column":2}},"3":{"start":{"line":55,"column":0},"end":{"line":64,"column":5}},"4":{"start":{"line":66,"column":0},"end":{"line":66,"column":20}}},"fnMap":{},"branchMap":{},"s":{"0":0,"1":0,"2":0,"3":0,"4":0},"f":{},"b":{}}
,"C:\\Users\\Android-ap\\Documents\\Adobe\\khota a\\Gudcity-REDA\\src\\middleware\\auth.ts": {"path":"C:\\Users\\Android-ap\\Documents\\Adobe\\khota a\\Gudcity-REDA\\src\\middleware\\auth.ts","statementMap":{"0":{"start":{"line":2,"column":0},"end":{"line":2,"column":54}},"1":{"start":{"line":21,"column":20},"end":{"line":51,"column":2}},"2":{"start":{"line":21,"column":78},"end":{"line":51,"column":2}},"3":{"start":{"line":22,"column":2},"end":{"line":50,"column":3}},"4":{"start":{"line":24,"column":23},"end":{"line":24,"column":48}},"5":{"start":{"line":26,"column":4},"end":{"line":28,"column":5}},"6":{"start":{"line":27,"column":6},"end":{"line":27,"column":72}},"7":{"start":{"line":30,"column":18},"end":{"line":30,"column":42}},"8":{"start":{"line":33,"column":20},"end":{"line":33,"column":44}},"9":{"start":{"line":35,"column":4},"end":{"line":37,"column":5}},"10":{"start":{"line":36,"column":6},"end":{"line":36,"column":73}},"11":{"start":{"line":40,"column":4},"end":{"line":44,"column":6}},"12":{"start":{"line":46,"column":4},"end":{"line":46,"column":11}},"13":{"start":{"line":48,"column":4},"end":{"line":48,"column":50}},"14":{"start":{"line":49,"column":4},"end":{"line":49,"column":61}},"15":{"start":{"line":21,"column":13},"end":{"line":21,"column":20}},"16":{"start":{"line":57,"column":25},"end":{"line":69,"column":1}},"17":{"start":{"line":58,"column":2},"end":{"line":68,"column":4}},"18":{"start":{"line":59,"column":4},"end":{"line":61,"column":5}},"19":{"start":{"line":60,"column":6},"end":{"line":60,"column":72}},"20":{"start":{"line":63,"column":4},"end":{"line":65,"column":5}},"21":{"start":{"line":64,"column":6},"end":{"line":64,"column":73}},"22":{"start":{"line":67,"column":4},"end":{"line":67,"column":11}},"23":{"start":{"line":57,"column":13},"end":{"line":57,"column":25}}},"fnMap":{"0":{"name":"(anonymous_7)","decl":{"start":{"line":21,"column":20},"end":{"line":21,"column":27}},"loc":{"start":{"line":21,"column":78},"end":{"line":51,"column":2}}},"1":{"name":"(anonymous_8)","decl":{"start":{"line":21,"column":78},"end":{"line":21,"column":null}},"loc":{"start":{"line":21,"column":78},"end":{"line":51,"column":1}}},"2":{"name":"(anonymous_9)","decl":{"start":{"line":57,"column":25},"end":{"line":57,"column":26}},"loc":{"start":{"line":57,"column":45},"end":{"line":69,"column":1}}},"3":{"name":"(anonymous_10)","decl":{"start":{"line":58,"column":9},"end":{"line":58,"column":10}},"loc":{"start":{"line":58,"column":61},"end":{"line":68,"column":3}}}},"branchMap":{"0":{"loc":{"start":{"line":26,"column":4},"end":{"line":28,"column":5}},"type":"if","locations":[{"start":{"line":26,"column":4},"end":{"line":28,"column":5}}]},"1":{"loc":{"start":{"line":26,"column":8},"end":{"line":26,"column":56}},"type":"binary-expr","locations":[{"start":{"line":26,"column":8},"end":{"line":26,"column":19}},{"start":{"line":26,"column":23},"end":{"line":26,"column":56}}]},"2":{"loc":{"start":{"line":35,"column":4},"end":{"line":37,"column":5}},"type":"if","locations":[{"start":{"line":35,"column":4},"end":{"line":37,"column":5}}]},"3":{"loc":{"start":{"line":59,"column":4},"end":{"line":61,"column":5}},"type":"if","locations":[{"start":{"line":59,"column":4},"end":{"line":61,"column":5}}]},"4":{"loc":{"start":{"line":63,"column":4},"end":{"line":65,"column":5}},"type":"if","locations":[{"start":{"line":63,"column":4},"end":{"line":65,"column":5}}]}},"s":{"0":0,"1":0,"2":0,"3":0,"4":0,"5":0,"6":0,"7":0,"8":0,"9":0,"10":0,"11":0,"12":0,"13":0,"14":0,"15":0,"16":0,"17":0,"18":0,"19":0,"20":0,"21":0,"22":0,"23":0},"f":{"0":0,"1":0,"2":0,"3":0},"b":{"0":[0],"1":[0,0],"2":[0],"3":[0],"4":[0]}}
,"C:\\Users\\Android-ap\\Documents\\Adobe\\khota a\\Gudcity-REDA\\src\\services\\analyticsDbService.ts": {"path":"C:\\Users\\Android-ap\\Documents\\Adobe\\khota a\\Gudcity-REDA\\src\\services\\analyticsDbService.ts","statementMap":{"0":{"start":{"line":1,"column":0},"end":{"line":1,"column":42}},"1":{"start":{"line":3,"column":0},"end":{"line":3,"column":94}},"2":{"start":{"line":4,"column":0},"end":{"line":4,"column":null}},"3":{"start":{"line":45,"column":4},"end":{"line":118,"column":null}},"4":{"start":{"line":49,"column":4},"end":{"line":117,"column":5}},"5":{"start":{"line":52,"column":8},"end":{"line":52,"column":61}},"6":{"start":{"line":61,"column":10},"end":{"line":72,"column":null}},"7":{"start":{"line":76,"column":42},"end":{"line":83,"column":8}},"8":{"start":{"line":86,"column":39},"end":{"line":96,"column":8}},"9":{"start":{"line":90,"column":63},"end":{"line":94,"column":10}},"10":{"start":{"line":99,"column":31},"end":{"line":104,"column":8}},"11":{"start":{"line":106,"column":6},"end":{"line":113,"column":8}},"12":{"start":{"line":115,"column":6},"end":{"line":115,"column":78}},"13":{"start":{"line":116,"column":6},"end":{"line":116,"column":18}},"14":{"start":{"line":127,"column":20},"end":{"line":177,"column":6}},"15":{"start":{"line":179,"column":4},"end":{"line":181,"column":5}},"16":{"start":{"line":180,"column":6},"end":{"line":180,"column":98}},"17":{"start":{"line":183,"column":4},"end":{"line":183,"column":22}},"18":{"start":{"line":195,"column":19},"end":{"line":205,"column":6}},"19":{"start":{"line":208,"column":20},"end":{"line":215,"column":6}},"20":{"start":{"line":218,"column":4},"end":{"line":229,"column":8}},"21":{"start":{"line":218,"column":71},"end":{"line":229,"column":6}},"22":{"start":{"line":239,"column":20},"end":{"line":250,"column":6}},"23":{"start":{"line":252,"column":4},"end":{"line":259,"column":8}},"24":{"start":{"line":252,"column":53},"end":{"line":259,"column":6}},"25":{"start":{"line":269,"column":20},"end":{"line":279,"column":6}},"26":{"start":{"line":281,"column":4},"end":{"line":281,"column":19}},"27":{"start":{"line":285,"column":4},"end":{"line":311,"column":null}},"28":{"start":{"line":288,"column":4},"end":{"line":310,"column":5}},"29":{"start":{"line":290,"column":32},"end":{"line":290,"column":62}},"30":{"start":{"line":291,"column":30},"end":{"line":291,"column":52}},"31":{"start":{"line":294,"column":59},"end":{"line":298,"column":8}},"32":{"start":{"line":300,"column":6},"end":{"line":306,"column":8}},"33":{"start":{"line":308,"column":6},"end":{"line":308,"column":75}},"34":{"start":{"line":309,"column":6},"end":{"line":309,"column":18}},"35":{"start":{"line":327,"column":20},"end":{"line":373,"column":6}},"36":{"start":{"line":375,"column":4},"end":{"line":377,"column":5}},"37":{"start":{"line":376,"column":6},"end":{"line":376,"column":72}},"38":{"start":{"line":379,"column":17},"end":{"line":379,"column":27}},"39":{"start":{"line":382,"column":37},"end":{"line":393,"column":6}},"40":{"start":{"line":396,"column":23},"end":{"line":401,"column":6}},"41":{"start":{"line":403,"column":4},"end":{"line":403,"column":35}},"42":{"start":{"line":423,"column":20},"end":{"line":474,"column":6}},"43":{"start":{"line":477,"column":4},"end":{"line":489,"column":8}},"44":{"start":{"line":477,"column":60},"end":{"line":489,"column":6}},"45":{"start":{"line":507,"column":54},"end":{"line":549,"column":6}},"46":{"start":{"line":551,"column":4},"end":{"line":553,"column":5}},"47":{"start":{"line":552,"column":6},"end":{"line":552,"column":76}},"48":{"start":{"line":556,"column":25},"end":{"line":556,"column":42}},"49":{"start":{"line":557,"column":28},"end":{"line":557,"column":54}},"50":{"start":{"line":559,"column":4},"end":{"line":566,"column":6}},"51":{"start":{"line":575,"column":20},"end":{"line":588,"column":6}},"52":{"start":{"line":590,"column":4},"end":{"line":592,"column":5}},"53":{"start":{"line":591,"column":6},"end":{"line":591,"column":100}},"54":{"start":{"line":594,"column":17},"end":{"line":594,"column":27}},"55":{"start":{"line":595,"column":4},"end":{"line":602,"column":6}},"56":{"start":{"line":612,"column":20},"end":{"line":627,"column":6}},"57":{"start":{"line":629,"column":4},"end":{"line":640,"column":8}},"58":{"start":{"line":629,"column":54},"end":{"line":640,"column":6}},"59":{"start":{"line":649,"column":4},"end":{"line":720,"column":5}},"60":{"start":{"line":651,"column":28},"end":{"line":663,"column":8}},"61":{"start":{"line":673,"column":38},"end":{"line":685,"column":8}},"62":{"start":{"line":688,"column":45},"end":{"line":691,"column":8}},"63":{"start":{"line":694,"column":58},"end":{"line":694,"column":60}},"64":{"start":{"line":695,"column":6},"end":{"line":701,"column":7}},"65":{"start":{"line":696,"column":26},"end":{"line":696,"column":40}},"66":{"start":{"line":697,"column":8},"end":{"line":699,"column":9}},"67":{"start":{"line":698,"column":10},"end":{"line":698,"column":44}},"68":{"start":{"line":700,"column":8},"end":{"line":700,"column":60}},"69":{"start":{"line":704,"column":6},"end":{"line":714,"column":9}},"70":{"start":{"line":705,"column":26},"end":{"line":705,"column":40}},"71":{"start":{"line":706,"column":8},"end":{"line":713,"column":10}},"72":{"start":{"line":716,"column":6},"end":{"line":716,"column":65}},"73":{"start":{"line":718,"column":6},"end":{"line":718,"column":73}},"74":{"start":{"line":719,"column":6},"end":{"line":719,"column":61}},"75":{"start":{"line":731,"column":27},"end":{"line":741,"column":6}},"76":{"start":{"line":743,"column":4},"end":{"line":745,"column":5}},"77":{"start":{"line":744,"column":6},"end":{"line":744,"column":98}},"78":{"start":{"line":748,"column":28},"end":{"line":758,"column":6}},"79":{"start":{"line":760,"column":17},"end":{"line":760,"column":34}},"80":{"start":{"line":762,"column":24},"end":{"line":766,"column":7}},"81":{"start":{"line":762,"column":66},"end":{"line":766,"column":6}},"82":{"start":{"line":768,"column":4},"end":{"line":774,"column":6}},"83":{"start":{"line":781,"column":20},"end":{"line":796,"column":6}},"84":{"start":{"line":798,"column":4},"end":{"line":800,"column":5}},"85":{"start":{"line":799,"column":6},"end":{"line":799,"column":72}},"86":{"start":{"line":802,"column":17},"end":{"line":802,"column":27}},"87":{"start":{"line":803,"column":4},"end":{"line":814,"column":6}},"88":{"start":{"line":822,"column":26},"end":{"line":834,"column":6}},"89":{"start":{"line":837,"column":31},"end":{"line":847,"column":6}},"90":{"start":{"line":855,"column":10},"end":{"line":855,"column":12}},"91":{"start":{"line":857,"column":4},"end":{"line":868,"column":7}},"92":{"start":{"line":858,"column":6},"end":{"line":860,"column":7}},"93":{"start":{"line":859,"column":8},"end":{"line":859,"column":45}},"94":{"start":{"line":862,"column":6},"end":{"line":867,"column":9}},"95":{"start":{"line":870,"column":4},"end":{"line":882,"column":8}},"96":{"start":{"line":870,"column":61},"end":{"line":882,"column":6}},"97":{"start":{"line":889,"column":30},"end":{"line":898,"column":6}},"98":{"start":{"line":901,"column":27},"end":{"line":908,"column":6}},"99":{"start":{"line":911,"column":29},"end":{"line":918,"column":6}},"100":{"start":{"line":920,"column":4},"end":{"line":922,"column":5}},"101":{"start":{"line":921,"column":6},"end":{"line":921,"column":76}},"102":{"start":{"line":924,"column":17},"end":{"line":924,"column":37}},"103":{"start":{"line":927,"column":58},"end":{"line":927,"column":60}},"104":{"start":{"line":928,"column":4},"end":{"line":930,"column":7}},"105":{"start":{"line":929,"column":6},"end":{"line":929,"column":70}},"106":{"start":{"line":933,"column":37},"end":{"line":933,"column":110}},"107":{"start":{"line":933,"column":85},"end":{"line":933,"column":109}},"108":{"start":{"line":936,"column":24},"end":{"line":938,"column":60}},"109":{"start":{"line":937,"column":68},"end":{"line":937,"column":109}},"110":{"start":{"line":938,"column":43},"end":{"line":938,"column":59}},"111":{"start":{"line":940,"column":4},"end":{"line":947,"column":6}},"112":{"start":{"line":954,"column":20},"end":{"line":965,"column":6}},"113":{"start":{"line":967,"column":4},"end":{"line":969,"column":5}},"114":{"start":{"line":968,"column":6},"end":{"line":968,"column":117}},"115":{"start":{"line":971,"column":17},"end":{"line":971,"column":27}},"116":{"start":{"line":972,"column":4},"end":{"line":977,"column":6}},"117":{"start":{"line":983,"column":20},"end":{"line":992,"column":6}},"118":{"start":{"line":994,"column":4},"end":{"line":996,"column":5}},"119":{"start":{"line":995,"column":6},"end":{"line":995,"column":80}},"120":{"start":{"line":1003,"column":28},"end":{"line":1007,"column":6}},"121":{"start":{"line":1009,"column":17},"end":{"line":1009,"column":27}},"122":{"start":{"line":1010,"column":26},"end":{"line":1010,"column":66}},"123":{"start":{"line":1012,"column":4},"end":{"line":1017,"column":6}},"124":{"start":{"line":40,"column":0},"end":{"line":40,"column":13}}},"fnMap":{"0":{"name":"(anonymous_7)","decl":{"start":{"line":44,"column":2},"end":{"line":44,"column":8}},"loc":{"start":{"line":44,"column":35},"end":{"line":118,"column":null}}},"1":{"name":"(anonymous_8)","decl":{"start":{"line":45,"column":4},"end":{"line":45,"column":22}},"loc":{"start":{"line":47,"column":55},"end":{"line":118,"column":3}}},"2":{"name":"(anonymous_9)","decl":{"start":{"line":90,"column":37},"end":{"line":90,"column":38}},"loc":{"start":{"line":90,"column":63},"end":{"line":94,"column":10}}},"3":{"name":"(anonymous_10)","decl":{"start":{"line":123,"column":10},"end":{"line":123,"column":16}},"loc":{"start":{"line":125,"column":45},"end":{"line":184,"column":null}}},"4":{"name":"(anonymous_12)","decl":{"start":{"line":189,"column":10},"end":{"line":189,"column":16}},"loc":{"start":{"line":192,"column":45},"end":{"line":230,"column":null}}},"5":{"name":"(anonymous_14)","decl":{"start":{"line":218,"column":40},"end":{"line":218,"column":41}},"loc":{"start":{"line":218,"column":71},"end":{"line":229,"column":6}}},"6":{"name":"(anonymous_15)","decl":{"start":{"line":235,"column":10},"end":{"line":235,"column":16}},"loc":{"start":{"line":237,"column":45},"end":{"line":260,"column":null}}},"7":{"name":"(anonymous_17)","decl":{"start":{"line":252,"column":23},"end":{"line":252,"column":24}},"loc":{"start":{"line":252,"column":53},"end":{"line":259,"column":6}}},"8":{"name":"(anonymous_18)","decl":{"start":{"line":265,"column":10},"end":{"line":265,"column":16}},"loc":{"start":{"line":267,"column":45},"end":{"line":282,"column":null}}},"9":{"name":"(anonymous_20)","decl":{"start":{"line":284,"column":2},"end":{"line":284,"column":8}},"loc":{"start":{"line":284,"column":32},"end":{"line":311,"column":null}}},"10":{"name":"(anonymous_21)","decl":{"start":{"line":285,"column":4},"end":{"line":285,"column":26}},"loc":{"start":{"line":286,"column":55},"end":{"line":311,"column":3}}},"11":{"name":"(anonymous_22)","decl":{"start":{"line":316,"column":10},"end":{"line":316,"column":16}},"loc":{"start":{"line":318,"column":45},"end":{"line":404,"column":null}}},"12":{"name":"(anonymous_24)","decl":{"start":{"line":409,"column":10},"end":{"line":409,"column":16}},"loc":{"start":{"line":411,"column":45},"end":{"line":490,"column":null}}},"13":{"name":"(anonymous_26)","decl":{"start":{"line":477,"column":23},"end":{"line":477,"column":24}},"loc":{"start":{"line":477,"column":60},"end":{"line":489,"column":6}}},"14":{"name":"(anonymous_27)","decl":{"start":{"line":495,"column":10},"end":{"line":495,"column":16}},"loc":{"start":{"line":496,"column":45},"end":{"line":567,"column":null}}},"15":{"name":"(anonymous_29)","decl":{"start":{"line":569,"column":10},"end":{"line":569,"column":16}},"loc":{"start":{"line":571,"column":45},"end":{"line":603,"column":null}}},"16":{"name":"(anonymous_31)","decl":{"start":{"line":605,"column":10},"end":{"line":605,"column":16}},"loc":{"start":{"line":608,"column":45},"end":{"line":641,"column":null}}},"17":{"name":"(anonymous_33)","decl":{"start":{"line":629,"column":23},"end":{"line":629,"column":24}},"loc":{"start":{"line":629,"column":54},"end":{"line":640,"column":6}}},"18":{"name":"(anonymous_34)","decl":{"start":{"line":643,"column":10},"end":{"line":643,"column":16}},"loc":{"start":{"line":645,"column":45},"end":{"line":721,"column":null}}},"19":{"name":"(anonymous_36)","decl":{"start":{"line":704,"column":26},"end":{"line":704,"column":29}},"loc":{"start":{"line":704,"column":32},"end":{"line":714,"column":7}}},"20":{"name":"(anonymous_37)","decl":{"start":{"line":723,"column":10},"end":{"line":723,"column":16}},"loc":{"start":{"line":726,"column":45},"end":{"line":775,"column":null}}},"21":{"name":"(anonymous_39)","decl":{"start":{"line":762,"column":44},"end":{"line":762,"column":45}},"loc":{"start":{"line":762,"column":66},"end":{"line":766,"column":6}}},"22":{"name":"(anonymous_40)","decl":{"start":{"line":777,"column":10},"end":{"line":777,"column":16}},"loc":{"start":{"line":779,"column":45},"end":{"line":815,"column":null}}},"23":{"name":"(anonymous_42)","decl":{"start":{"line":817,"column":10},"end":{"line":817,"column":16}},"loc":{"start":{"line":819,"column":45},"end":{"line":883,"column":null}}},"24":{"name":"(anonymous_44)","decl":{"start":{"line":857,"column":31},"end":{"line":857,"column":32}},"loc":{"start":{"line":857,"column":62},"end":{"line":868,"column":5}}},"25":{"name":"(anonymous_45)","decl":{"start":{"line":870,"column":29},"end":{"line":870,"column":30}},"loc":{"start":{"line":870,"column":61},"end":{"line":882,"column":6}}},"26":{"name":"(anonymous_46)","decl":{"start":{"line":885,"column":10},"end":{"line":885,"column":16}},"loc":{"start":{"line":886,"column":45},"end":{"line":948,"column":null}}},"27":{"name":"(anonymous_48)","decl":{"start":{"line":928,"column":27},"end":{"line":928,"column":28}},"loc":{"start":{"line":928,"column":58},"end":{"line":930,"column":5}}},"28":{"name":"(anonymous_49)","decl":{"start":{"line":933,"column":58},"end":{"line":933,"column":59}},"loc":{"start":{"line":933,"column":85},"end":{"line":933,"column":109}}},"29":{"name":"(anonymous_50)","decl":{"start":{"line":937,"column":12},"end":{"line":937,"column":13}},"loc":{"start":{"line":937,"column":68},"end":{"line":937,"column":109}}},"30":{"name":"(anonymous_51)","decl":{"start":{"line":938,"column":11},"end":{"line":938,"column":12}},"loc":{"start":{"line":938,"column":43},"end":{"line":938,"column":59}}},"31":{"name":"(anonymous_52)","decl":{"start":{"line":950,"column":10},"end":{"line":950,"column":16}},"loc":{"start":{"line":952,"column":45},"end":{"line":978,"column":null}}},"32":{"name":"(anonymous_54)","decl":{"start":{"line":980,"column":10},"end":{"line":980,"column":16}},"loc":{"start":{"line":981,"column":45},"end":{"line":1018,"column":null}}}},"branchMap":{"0":{"loc":{"start":{"line":47,"column":4},"end":{"line":47,"column":55}},"type":"default-arg","locations":[{"start":{"line":47,"column":48},"end":{"line":47,"column":55}}]},"1":{"loc":{"start":{"line":179,"column":4},"end":{"line":181,"column":5}},"type":"if","locations":[{"start":{"line":179,"column":4},"end":{"line":181,"column":5}}]},"2":{"loc":{"start":{"line":286,"column":4},"end":{"line":286,"column":55}},"type":"default-arg","locations":[{"start":{"line":286,"column":48},"end":{"line":286,"column":55}}]},"3":{"loc":{"start":{"line":375,"column":4},"end":{"line":377,"column":5}},"type":"if","locations":[{"start":{"line":375,"column":4},"end":{"line":377,"column":5}}]},"4":{"loc":{"start":{"line":482,"column":19},"end":{"line":482,"column":41}},"type":"binary-expr","locations":[{"start":{"line":482,"column":19},"end":{"line":482,"column":35}},{"start":{"line":482,"column":39},"end":{"line":482,"column":41}}]},"5":{"loc":{"start":{"line":551,"column":4},"end":{"line":553,"column":5}},"type":"if","locations":[{"start":{"line":551,"column":4},"end":{"line":553,"column":5}}]},"6":{"loc":{"start":{"line":563,"column":29},"end":{"line":563,"column":74}},"type":"binary-expr","locations":[{"start":{"line":563,"column":29},"end":{"line":563,"column":68}},{"start":{"line":563,"column":72},"end":{"line":563,"column":74}}]},"7":{"loc":{"start":{"line":564,"column":22},"end":{"line":564,"column":60}},"type":"binary-expr","locations":[{"start":{"line":564,"column":22},"end":{"line":564,"column":54}},{"start":{"line":564,"column":58},"end":{"line":564,"column":60}}]},"8":{"loc":{"start":{"line":565,"column":19},"end":{"line":565,"column":53}},"type":"binary-expr","locations":[{"start":{"line":565,"column":19},"end":{"line":565,"column":47}},{"start":{"line":565,"column":51},"end":{"line":565,"column":53}}]},"9":{"loc":{"start":{"line":590,"column":4},"end":{"line":592,"column":5}},"type":"if","locations":[{"start":{"line":590,"column":4},"end":{"line":592,"column":5}}]},"10":{"loc":{"start":{"line":697,"column":8},"end":{"line":699,"column":9}},"type":"if","locations":[{"start":{"line":697,"column":8},"end":{"line":699,"column":9}}]},"11":{"loc":{"start":{"line":711,"column":29},"end":{"line":711,"column":63}},"type":"binary-expr","locations":[{"start":{"line":711,"column":29},"end":{"line":711,"column":57}},{"start":{"line":711,"column":61},"end":{"line":711,"column":63}}]},"12":{"loc":{"start":{"line":743,"column":4},"end":{"line":745,"column":5}},"type":"if","locations":[{"start":{"line":743,"column":4},"end":{"line":745,"column":5}}]},"13":{"loc":{"start":{"line":798,"column":4},"end":{"line":800,"column":5}},"type":"if","locations":[{"start":{"line":798,"column":4},"end":{"line":800,"column":5}}]},"14":{"loc":{"start":{"line":858,"column":6},"end":{"line":860,"column":7}},"type":"if","locations":[{"start":{"line":858,"column":6},"end":{"line":860,"column":7}}]},"15":{"loc":{"start":{"line":875,"column":19},"end":{"line":875,"column":56}},"type":"binary-expr","locations":[{"start":{"line":875,"column":19},"end":{"line":875,"column":50}},{"start":{"line":875,"column":54},"end":{"line":875,"column":56}}]},"16":{"loc":{"start":{"line":920,"column":4},"end":{"line":922,"column":5}},"type":"if","locations":[{"start":{"line":920,"column":4},"end":{"line":922,"column":5}}]},"17":{"loc":{"start":{"line":967,"column":4},"end":{"line":969,"column":5}},"type":"if","locations":[{"start":{"line":967,"column":4},"end":{"line":969,"column":5}}]},"18":{"loc":{"start":{"line":994,"column":4},"end":{"line":996,"column":5}},"type":"if","locations":[{"start":{"line":994,"column":4},"end":{"line":996,"column":5}}]},"19":{"loc":{"start":{"line":1010,"column":26},"end":{"line":1010,"column":66}},"type":"binary-expr","locations":[{"start":{"line":1010,"column":26},"end":{"line":1010,"column":61}},{"start":{"line":1010,"column":65},"end":{"line":1010,"column":66}}]}},"s":{"0":0,"1":0,"2":0,"3":0,"4":0,"5":0,"6":0,"7":0,"8":0,"9":0,"10":0,"11":0,"12":0,"13":0,"14":0,"15":0,"16":0,"17":0,"18":0,"19":0,"20":0,"21":0,"22":0,"23":0,"24":0,"25":0,"26":0,"27":0,"28":0,"29":0,"30":0,"31":0,"32":0,"33":0,"34":0,"35":0,"36":0,"37":0,"38":0,"39":0,"40":0,"41":0,"42":0,"43":0,"44":0,"45":0,"46":0,"47":0,"48":0,"49":0,"50":0,"51":0,"52":0,"53":0,"54":0,"55":0,"56":0,"57":0,"58":0,"59":0,"60":0,"61":0,"62":0,"63":0,"64":0,"65":0,"66":0,"67":0,"68":0,"69":0,"70":0,"71":0,"72":0,"73":0,"74":0,"75":0,"76":0,"77":0,"78":0,"79":0,"80":0,"81":0,"82":0,"83":0,"84":0,"85":0,"86":0,"87":0,"88":0,"89":0,"90":0,"91":0,"92":0,"93":0,"94":0,"95":0,"96":0,"97":0,"98":0,"99":0,"100":0,"101":0,"102":0,"103":0,"104":0,"105":0,"106":0,"107":0,"108":0,"109":0,"110":0,"111":0,"112":0,"113":0,"114":0,"115":0,"116":0,"117":0,"118":0,"119":0,"120":0,"121":0,"122":0,"123":0,"124":0},"f":{"0":0,"1":0,"2":0,"3":0,"4":0,"5":0,"6":0,"7":0,"8":0,"9":0,"10":0,"11":0,"12":0,"13":0,"14":0,"15":0,"16":0,"17":0,"18":0,"19":0,"20":0,"21":0,"22":0,"23":0,"24":0,"25":0,"26":0,"27":0,"28":0,"29":0,"30":0,"31":0,"32":0},"b":{"0":[0],"1":[0],"2":[0],"3":[0],"4":[0,0],"5":[0],"6":[0,0],"7":[0,0],"8":[0,0],"9":[0],"10":[0],"11":[0,0],"12":[0],"13":[0],"14":[0],"15":[0,0],"16":[0],"17":[0],"18":[0],"19":[0,0]}}
,"C:\\Users\\Android-ap\\Documents\\Adobe\\khota a\\Gudcity-REDA\\src\\services\\approvalService.ts": {"path":"C:\\Users\\Android-ap\\Documents\\Adobe\\khota a\\Gudcity-REDA\\src\\services\\approvalService.ts","statementMap":{"0":{"start":{"line":28,"column":0},"end":{"line":28,"column":22}},"1":{"start":{"line":50,"column":0},"end":{"line":50,"column":22}},"2":{"start":{"line":75,"column":0},"end":{"line":75,"column":22}},"3":{"start":{"line":100,"column":0},"end":{"line":100,"column":22}},"4":{"start":{"line":144,"column":0},"end":{"line":144,"column":22}},"5":{"start":{"line":1,"column":0},"end":{"line":1,"column":30}},"6":{"start":{"line":2,"column":0},"end":{"line":2,"column":null}},"7":{"start":{"line":29,"column":2},"end":{"line":46,"column":3}},"8":{"start":{"line":30,"column":4},"end":{"line":30,"column":45}},"9":{"start":{"line":33,"column":33},"end":{"line":33,"column":67}},"10":{"start":{"line":34,"column":30},"end":{"line":34,"column":92}},"11":{"start":{"line":42,"column":4},"end":{"line":42,"column":29}},"12":{"start":{"line":44,"column":4},"end":{"line":44,"column":58}},"13":{"start":{"line":45,"column":4},"end":{"line":45,"column":14}},"14":{"start":{"line":51,"column":2},"end":{"line":71,"column":3}},"15":{"start":{"line":52,"column":4},"end":{"line":52,"column":55}},"16":{"start":{"line":54,"column":4},"end":{"line":67,"column":5}},"17":{"start":{"line":56,"column":37},"end":{"line":56,"column":71}},"18":{"start":{"line":57,"column":8},"end":{"line":57,"column":78}},"19":{"start":{"line":66,"column":8},"end":{"line":66,"column":18}},"20":{"start":{"line":69,"column":4},"end":{"line":69,"column":70}},"21":{"start":{"line":70,"column":4},"end":{"line":70,"column":14}},"22":{"start":{"line":76,"column":2},"end":{"line":96,"column":3}},"23":{"start":{"line":77,"column":4},"end":{"line":77,"column":68}},"24":{"start":{"line":79,"column":4},"end":{"line":92,"column":5}},"25":{"start":{"line":81,"column":28},"end":{"line":81,"column":64}},"26":{"start":{"line":82,"column":8},"end":{"line":82,"column":86}},"27":{"start":{"line":91,"column":8},"end":{"line":91,"column":20}},"28":{"start":{"line":94,"column":4},"end":{"line":94,"column":83}},"29":{"start":{"line":95,"column":4},"end":{"line":95,"column":16}},"30":{"start":{"line":106,"column":2},"end":{"line":126,"column":3}},"31":{"start":{"line":107,"column":4},"end":{"line":107,"column":88}},"32":{"start":{"line":109,"column":4},"end":{"line":122,"column":5}},"33":{"start":{"line":111,"column":23},"end":{"line":111,"column":79}},"34":{"start":{"line":112,"column":8},"end":{"line":112,"column":24}},"35":{"start":{"line":121,"column":8},"end":{"line":121,"column":21}},"36":{"start":{"line":124,"column":4},"end":{"line":124,"column":83}},"37":{"start":{"line":125,"column":4},"end":{"line":125,"column":17}},"38":{"start":{"line":131,"column":2},"end":{"line":140,"column":4}},"39":{"start":{"line":145,"column":2},"end":{"line":166,"column":3}},"40":{"start":{"line":146,"column":4},"end":{"line":146,"column":53}},"41":{"start":{"line":149,"column":4},"end":{"line":161,"column":6}},"42":{"start":{"line":163,"column":4},"end":{"line":163,"column":60}},"43":{"start":{"line":165,"column":4},"end":{"line":165,"column":66}}},"fnMap":{"0":{"name":"getAllApprovals","decl":{"start":{"line":28,"column":22},"end":{"line":28,"column":37}},"loc":{"start":{"line":28,"column":37},"end":{"line":47,"column":null}}},"1":{"name":"getApprovalsByType","decl":{"start":{"line":50,"column":22},"end":{"line":50,"column":40}},"loc":{"start":{"line":50,"column":59},"end":{"line":72,"column":null}}},"2":{"name":"getApprovalById","decl":{"start":{"line":75,"column":22},"end":{"line":75,"column":37}},"loc":{"start":{"line":75,"column":68},"end":{"line":97,"column":null}}},"3":{"name":"updateApprovalStatus","decl":{"start":{"line":100,"column":22},"end":{"line":100,"column":42}},"loc":{"start":{"line":104,"column":16},"end":{"line":127,"column":null}}},"4":{"name":"convertBusinessApplicationToApproval","decl":{"start":{"line":130,"column":9},"end":{"line":130,"column":45}},"loc":{"start":{"line":130,"column":78},"end":{"line":141,"column":1}}},"5":{"name":"ensureApprovalTableExists","decl":{"start":{"line":144,"column":22},"end":{"line":144,"column":47}},"loc":{"start":{"line":144,"column":47},"end":{"line":167,"column":null}}}},"branchMap":{"0":{"loc":{"start":{"line":54,"column":4},"end":{"line":67,"column":5}},"type":"switch","locations":[{"start":{"line":55,"column":6},"end":{"line":57,"column":78}},{"start":{"line":65,"column":6},"end":{"line":66,"column":18}}]},"1":{"loc":{"start":{"line":79,"column":4},"end":{"line":92,"column":5}},"type":"switch","locations":[{"start":{"line":80,"column":6},"end":{"line":82,"column":86}},{"start":{"line":90,"column":6},"end":{"line":91,"column":20}}]},"2":{"loc":{"start":{"line":82,"column":15},"end":{"line":82,"column":85}},"type":"cond-expr","locations":[{"start":{"line":82,"column":29},"end":{"line":82,"column":78}},{"start":{"line":82,"column":81},"end":{"line":82,"column":85}}]},"3":{"loc":{"start":{"line":109,"column":4},"end":{"line":122,"column":5}},"type":"switch","locations":[{"start":{"line":110,"column":6},"end":{"line":112,"column":24}},{"start":{"line":120,"column":6},"end":{"line":121,"column":21}}]}},"s":{"0":0,"1":0,"2":0,"3":0,"4":0,"5":0,"6":0,"7":0,"8":0,"9":0,"10":0,"11":0,"12":0,"13":0,"14":0,"15":0,"16":0,"17":0,"18":0,"19":0,"20":0,"21":0,"22":0,"23":0,"24":0,"25":0,"26":0,"27":0,"28":0,"29":0,"30":0,"31":0,"32":0,"33":0,"34":0,"35":0,"36":0,"37":0,"38":0,"39":0,"40":0,"41":0,"42":0,"43":0},"f":{"0":0,"1":0,"2":0,"3":0,"4":0,"5":0},"b":{"0":[0,0],"1":[0,0],"2":[0,0],"3":[0,0]}}
,"C:\\Users\\Android-ap\\Documents\\Adobe\\khota a\\Gudcity-REDA\\src\\services\\authService.ts": {"path":"C:\\Users\\Android-ap\\Documents\\Adobe\\khota a\\Gudcity-REDA\\src\\services\\authService.ts","statementMap":{"0":{"start":{"line":43,"column":0},"end":{"line":43,"column":16}},"1":{"start":{"line":81,"column":0},"end":{"line":81,"column":22}},"2":{"start":{"line":150,"column":0},"end":{"line":150,"column":22}},"3":{"start":{"line":202,"column":0},"end":{"line":202,"column":22}},"4":{"start":{"line":219,"column":0},"end":{"line":219,"column":22}},"5":{"start":{"line":259,"column":0},"end":{"line":259,"column":22}},"6":{"start":{"line":275,"column":0},"end":{"line":275,"column":22}},"7":{"start":{"line":1,"column":0},"end":{"line":1,"column":30}},"8":{"start":{"line":2,"column":0},"end":{"line":2,"column":31}},"9":{"start":{"line":3,"column":0},"end":{"line":3,"column":53}},"10":{"start":{"line":4,"column":0},"end":{"line":4,"column":52}},"11":{"start":{"line":14,"column":54},"end":{"line":14,"column":56}},"12":{"start":{"line":17,"column":0},"end":{"line":24,"column":10}},"13":{"start":{"line":18,"column":14},"end":{"line":18,"column":24}},"14":{"start":{"line":19,"column":2},"end":{"line":23,"column":5}},"15":{"start":{"line":20,"column":4},"end":{"line":22,"column":5}},"16":{"start":{"line":21,"column":6},"end":{"line":21,"column":32}},"17":{"start":{"line":44,"column":14},"end":{"line":44,"column":24}},"18":{"start":{"line":45,"column":19},"end":{"line":45,"column":43}},"19":{"start":{"line":46,"column":22},"end":{"line":46,"column":40}},"20":{"start":{"line":49,"column":2},"end":{"line":54,"column":3}},"21":{"start":{"line":50,"column":4},"end":{"line":53,"column":6}},"22":{"start":{"line":57,"column":2},"end":{"line":62,"column":3}},"23":{"start":{"line":58,"column":4},"end":{"line":61,"column":6}},"24":{"start":{"line":65,"column":2},"end":{"line":65,"column":28}},"25":{"start":{"line":68,"column":18},"end":{"line":68,"column":56}},"26":{"start":{"line":69,"column":28},"end":{"line":69,"column":78}},"27":{"start":{"line":71,"column":2},"end":{"line":75,"column":4}},"28":{"start":{"line":82,"column":2},"end":{"line":112,"column":3}},"29":{"start":{"line":84,"column":16},"end":{"line":84,"column":44}},"30":{"start":{"line":87,"column":34},"end":{"line":91,"column":6}},"31":{"start":{"line":94,"column":25},"end":{"line":94,"column":55}},"32":{"start":{"line":95,"column":26},"end":{"line":95,"column":64}},"33":{"start":{"line":98,"column":24},"end":{"line":98,"column":88}},"34":{"start":{"line":99,"column":25},"end":{"line":99,"column":105}},"35":{"start":{"line":102,"column":4},"end":{"line":102,"column":67}},"36":{"start":{"line":104,"column":4},"end":{"line":108,"column":6}},"37":{"start":{"line":110,"column":4},"end":{"line":110,"column":53}},"38":{"start":{"line":111,"column":4},"end":{"line":111,"column":64}},"39":{"start":{"line":119,"column":2},"end":{"line":144,"column":3}},"40":{"start":{"line":121,"column":22},"end":{"line":121,"column":61}},"41":{"start":{"line":124,"column":4},"end":{"line":134,"column":6}},"42":{"start":{"line":137,"column":4},"end":{"line":140,"column":6}},"43":{"start":{"line":142,"column":4},"end":{"line":142,"column":57}},"44":{"start":{"line":143,"column":4},"end":{"line":143,"column":53}},"45":{"start":{"line":151,"column":2},"end":{"line":196,"column":3}},"46":{"start":{"line":153,"column":16},"end":{"line":153,"column":44}},"47":{"start":{"line":157,"column":4},"end":{"line":162,"column":5}},"48":{"start":{"line":158,"column":6},"end":{"line":158,"column":81}},"49":{"start":{"line":160,"column":6},"end":{"line":160,"column":53}},"50":{"start":{"line":161,"column":6},"end":{"line":161,"column":18}},"51":{"start":{"line":165,"column":24},"end":{"line":170,"column":6}},"52":{"start":{"line":172,"column":4},"end":{"line":175,"column":5}},"53":{"start":{"line":173,"column":6},"end":{"line":173,"column":58}},"54":{"start":{"line":174,"column":6},"end":{"line":174,"column":18}},"55":{"start":{"line":178,"column":17},"end":{"line":178,"column":52}},"56":{"start":{"line":179,"column":4},"end":{"line":182,"column":5}},"57":{"start":{"line":180,"column":6},"end":{"line":180,"column":56}},"58":{"start":{"line":181,"column":6},"end":{"line":181,"column":18}},"59":{"start":{"line":185,"column":4},"end":{"line":189,"column":6}},"60":{"start":{"line":192,"column":4},"end":{"line":192,"column":32}},"61":{"start":{"line":194,"column":4},"end":{"line":194,"column":53}},"62":{"start":{"line":195,"column":4},"end":{"line":195,"column":16}},"63":{"start":{"line":203,"column":2},"end":{"line":213,"column":3}},"64":{"start":{"line":205,"column":16},"end":{"line":205,"column":44}},"65":{"start":{"line":208,"column":20},"end":{"line":208,"column":69}},"66":{"start":{"line":209,"column":4},"end":{"line":209,"column":19}},"67":{"start":{"line":211,"column":4},"end":{"line":211,"column":43}},"68":{"start":{"line":212,"column":4},"end":{"line":212,"column":16}},"69":{"start":{"line":220,"column":2},"end":{"line":231,"column":3}},"70":{"start":{"line":221,"column":4},"end":{"line":226,"column":6}},"71":{"start":{"line":227,"column":4},"end":{"line":227,"column":16}},"72":{"start":{"line":229,"column":4},"end":{"line":229,"column":56}},"73":{"start":{"line":230,"column":4},"end":{"line":230,"column":17}},"74":{"start":{"line":238,"column":16},"end":{"line":238,"column":48}},"75":{"start":{"line":239,"column":2},"end":{"line":241,"column":3}},"76":{"start":{"line":240,"column":4},"end":{"line":240,"column":16}},"77":{"start":{"line":243,"column":16},"end":{"line":243,"column":38}},"78":{"start":{"line":244,"column":15},"end":{"line":244,"column":23}},"79":{"start":{"line":246,"column":2},"end":{"line":253,"column":3}},"80":{"start":{"line":247,"column":14},"end":{"line":247,"column":27}},"81":{"start":{"line":248,"column":14},"end":{"line":248,"column":32}},"82":{"start":{"line":249,"column":14},"end":{"line":249,"column":37}},"83":{"start":{"line":250,"column":14},"end":{"line":250,"column":42}},"84":{"start":{"line":251,"column":14},"end":{"line":251,"column":46}},"85":{"start":{"line":252,"column":13},"end":{"line":252,"column":25}},"86":{"start":{"line":260,"column":2},"end":{"line":269,"column":3}},"87":{"start":{"line":262,"column":19},"end":{"line":262,"column":43}},"88":{"start":{"line":264,"column":17},"end":{"line":264,"column":41}},"89":{"start":{"line":265,"column":4},"end":{"line":265,"column":39}},"90":{"start":{"line":267,"column":4},"end":{"line":267,"column":52}},"91":{"start":{"line":268,"column":4},"end":{"line":268,"column":47}},"92":{"start":{"line":276,"column":2},"end":{"line":302,"column":3}},"93":{"start":{"line":278,"column":4},"end":{"line":281,"column":5}},"94":{"start":{"line":279,"column":6},"end":{"line":279,"column":68}},"95":{"start":{"line":280,"column":6},"end":{"line":280,"column":19}},"96":{"start":{"line":284,"column":4},"end":{"line":294,"column":5}},"97":{"start":{"line":286,"column":21},"end":{"line":286,"column":45}},"98":{"start":{"line":289,"column":6},"end":{"line":291,"column":7}},"99":{"start":{"line":290,"column":8},"end":{"line":290,"column":67}},"100":{"start":{"line":293,"column":6},"end":{"line":293,"column":69}},"101":{"start":{"line":297,"column":23},"end":{"line":297,"column":72}},"102":{"start":{"line":298,"column":4},"end":{"line":298,"column":41}},"103":{"start":{"line":300,"column":4},"end":{"line":300,"column":54}},"104":{"start":{"line":301,"column":4},"end":{"line":301,"column":17}},"105":{"start":{"line":306,"column":0},"end":{"line":323,"column":5}},"106":{"start":{"line":307,"column":2},"end":{"line":322,"column":3}},"107":{"start":{"line":308,"column":4},"end":{"line":318,"column":6}},"108":{"start":{"line":319,"column":4},"end":{"line":319,"column":52}},"109":{"start":{"line":321,"column":4},"end":{"line":321,"column":65}},"110":{"start":{"line":325,"column":0},"end":{"line":333,"column":2}}},"fnMap":{"0":{"name":"(anonymous_7)","decl":{"start":{"line":17,"column":12},"end":{"line":17,"column":15}},"loc":{"start":{"line":17,"column":17},"end":{"line":24,"column":1}}},"1":{"name":"(anonymous_8)","decl":{"start":{"line":19,"column":37},"end":{"line":19,"column":40}},"loc":{"start":{"line":19,"column":43},"end":{"line":23,"column":3}}},"2":{"name":"checkRateLimit","decl":{"start":{"line":43,"column":16},"end":{"line":43,"column":30}},"loc":{"start":{"line":43,"column":41},"end":{"line":76,"column":1}}},"3":{"name":"generateTokens","decl":{"start":{"line":81,"column":22},"end":{"line":81,"column":36}},"loc":{"start":{"line":81,"column":47},"end":{"line":113,"column":null}}},"4":{"name":"(anonymous_12)","decl":{"start":{"line":84,"column":16},"end":{"line":84,"column":29}},"loc":{"start":{"line":84,"column":16},"end":{"line":84,"column":44}}},"5":{"name":"storeRefreshToken","decl":{"start":{"line":118,"column":15},"end":{"line":118,"column":32}},"loc":{"start":{"line":118,"column":81},"end":{"line":145,"column":null}}},"6":{"name":"refreshTokens","decl":{"start":{"line":150,"column":22},"end":{"line":150,"column":35}},"loc":{"start":{"line":150,"column":56},"end":{"line":197,"column":null}}},"7":{"name":"(anonymous_17)","decl":{"start":{"line":153,"column":16},"end":{"line":153,"column":29}},"loc":{"start":{"line":153,"column":16},"end":{"line":153,"column":44}}},"8":{"name":"verifyToken","decl":{"start":{"line":202,"column":22},"end":{"line":202,"column":33}},"loc":{"start":{"line":202,"column":47},"end":{"line":214,"column":null}}},"9":{"name":"(anonymous_20)","decl":{"start":{"line":205,"column":16},"end":{"line":205,"column":29}},"loc":{"start":{"line":205,"column":16},"end":{"line":205,"column":44}}},"10":{"name":"revokeAllUserTokens","decl":{"start":{"line":219,"column":22},"end":{"line":219,"column":41}},"loc":{"start":{"line":219,"column":56},"end":{"line":232,"column":null}}},"11":{"name":"parseJwtExpiry","decl":{"start":{"line":237,"column":9},"end":{"line":237,"column":23}},"loc":{"start":{"line":237,"column":38},"end":{"line":254,"column":1}}},"12":{"name":"hashPassword","decl":{"start":{"line":259,"column":22},"end":{"line":259,"column":34}},"loc":{"start":{"line":259,"column":51},"end":{"line":270,"column":null}}},"13":{"name":"(anonymous_26)","decl":{"start":{"line":262,"column":19},"end":{"line":262,"column":32}},"loc":{"start":{"line":262,"column":19},"end":{"line":262,"column":43}}},"14":{"name":"verifyPassword","decl":{"start":{"line":275,"column":22},"end":{"line":275,"column":36}},"loc":{"start":{"line":275,"column":82},"end":{"line":303,"column":null}}},"15":{"name":"(anonymous_29)","decl":{"start":{"line":286,"column":21},"end":{"line":286,"column":34}},"loc":{"start":{"line":286,"column":21},"end":{"line":286,"column":45}}},"16":{"name":"ensureRefreshTokensTable","decl":{"start":{"line":306,"column":16},"end":{"line":306,"column":40}},"loc":{"start":{"line":306,"column":40},"end":{"line":323,"column":2}}}},"branchMap":{"0":{"loc":{"start":{"line":20,"column":4},"end":{"line":22,"column":5}},"type":"if","locations":[{"start":{"line":20,"column":4},"end":{"line":22,"column":5}}]},"1":{"loc":{"start":{"line":49,"column":2},"end":{"line":54,"column":3}},"type":"if","locations":[{"start":{"line":49,"column":2},"end":{"line":54,"column":3}}]},"2":{"loc":{"start":{"line":57,"column":2},"end":{"line":62,"column":3}},"type":"if","locations":[{"start":{"line":57,"column":2},"end":{"line":62,"column":3}}]},"3":{"loc":{"start":{"line":90,"column":12},"end":{"line":90,"column":35}},"type":"binary-expr","locations":[{"start":{"line":90,"column":12},"end":{"line":90,"column":21}},{"start":{"line":90,"column":25},"end":{"line":90,"column":35}}]},"4":{"loc":{"start":{"line":172,"column":4},"end":{"line":175,"column":5}},"type":"if","locations":[{"start":{"line":172,"column":4},"end":{"line":175,"column":5}}]},"5":{"loc":{"start":{"line":172,"column":8},"end":{"line":172,"column":48}},"type":"binary-expr","locations":[{"start":{"line":172,"column":8},"end":{"line":172,"column":20}},{"start":{"line":172,"column":24},"end":{"line":172,"column":48}}]},"6":{"loc":{"start":{"line":179,"column":4},"end":{"line":182,"column":5}},"type":"if","locations":[{"start":{"line":179,"column":4},"end":{"line":182,"column":5}}]},"7":{"loc":{"start":{"line":239,"column":2},"end":{"line":241,"column":3}},"type":"if","locations":[{"start":{"line":239,"column":2},"end":{"line":241,"column":3}}]},"8":{"loc":{"start":{"line":246,"column":2},"end":{"line":253,"column":3}},"type":"switch","locations":[{"start":{"line":247,"column":4},"end":{"line":247,"column":27}},{"start":{"line":248,"column":4},"end":{"line":248,"column":32}},{"start":{"line":249,"column":4},"end":{"line":249,"column":37}},{"start":{"line":250,"column":4},"end":{"line":250,"column":42}},{"start":{"line":251,"column":4},"end":{"line":251,"column":46}},{"start":{"line":252,"column":4},"end":{"line":252,"column":25}}]},"9":{"loc":{"start":{"line":278,"column":4},"end":{"line":281,"column":5}},"type":"if","locations":[{"start":{"line":278,"column":4},"end":{"line":281,"column":5}}]},"10":{"loc":{"start":{"line":278,"column":8},"end":{"line":278,"column":41}},"type":"binary-expr","locations":[{"start":{"line":278,"column":8},"end":{"line":278,"column":22}},{"start":{"line":278,"column":26},"end":{"line":278,"column":41}}]},"11":{"loc":{"start":{"line":289,"column":6},"end":{"line":291,"column":7}},"type":"if","locations":[{"start":{"line":289,"column":6},"end":{"line":291,"column":7}}]}},"s":{"0":0,"1":0,"2":0,"3":0,"4":0,"5":0,"6":0,"7":0,"8":0,"9":0,"10":0,"11":0,"12":0,"13":0,"14":0,"15":0,"16":0,"17":0,"18":0,"19":0,"20":0,"21":0,"22":0,"23":0,"24":0,"25":0,"26":0,"27":0,"28":0,"29":0,"30":0,"31":0,"32":0,"33":0,"34":0,"35":0,"36":0,"37":0,"38":0,"39":0,"40":0,"41":0,"42":0,"43":0,"44":0,"45":0,"46":0,"47":0,"48":0,"49":0,"50":0,"51":0,"52":0,"53":0,"54":0,"55":0,"56":0,"57":0,"58":0,"59":0,"60":0,"61":0,"62":0,"63":0,"64":0,"65":0,"66":0,"67":0,"68":0,"69":0,"70":0,"71":0,"72":0,"73":0,"74":0,"75":0,"76":0,"77":0,"78":0,"79":0,"80":0,"81":0,"82":0,"83":0,"84":0,"85":0,"86":0,"87":0,"88":0,"89":0,"90":0,"91":0,"92":0,"93":0,"94":0,"95":0,"96":0,"97":0,"98":0,"99":0,"100":0,"101":0,"102":0,"103":0,"104":0,"105":0,"106":0,"107":0,"108":0,"109":0,"110":0},"f":{"0":0,"1":0,"2":0,"3":0,"4":0,"5":0,"6":0,"7":0,"8":0,"9":0,"10":0,"11":0,"12":0,"13":0,"14":0,"15":0,"16":0},"b":{"0":[0],"1":[0],"2":[0],"3":[0,0],"4":[0],"5":[0,0],"6":[0],"7":[0],"8":[0,0,0,0,0,0],"9":[0],"10":[0,0],"11":[0]}}
,"C:\\Users\\Android-ap\\Documents\\Adobe\\khota a\\Gudcity-REDA\\src\\services\\businessSettingsService.fixed.ts": {"path":"C:\\Users\\Android-ap\\Documents\\Adobe\\khota a\\Gudcity-REDA\\src\\services\\businessSettingsService.fixed.ts","statementMap":{"0":{"start":{"line":1,"column":0},"end":{"line":1,"column":30}},"1":{"start":{"line":68,"column":21},"end":{"line":82,"column":2}},"2":{"start":{"line":89,"column":4},"end":{"line":209,"column":5}},"3":{"start":{"line":90,"column":28},"end":{"line":90,"column":94}},"4":{"start":{"line":93,"column":28},"end":{"line":96,"column":8}},"5":{"start":{"line":99,"column":6},"end":{"line":136,"column":7}},"6":{"start":{"line":100,"column":27},"end":{"line":103,"column":10}},"7":{"start":{"line":105,"column":8},"end":{"line":108,"column":9}},"8":{"start":{"line":106,"column":10},"end":{"line":106,"column":64}},"9":{"start":{"line":107,"column":10},"end":{"line":107,"column":22}},"10":{"start":{"line":110,"column":21},"end":{"line":110,"column":34}},"11":{"start":{"line":113,"column":8},"end":{"line":125,"column":10}},"12":{"start":{"line":128,"column":26},"end":{"line":131,"column":10}},"13":{"start":{"line":133,"column":8},"end":{"line":135,"column":9}},"14":{"start":{"line":134,"column":10},"end":{"line":134,"column":42}},"15":{"start":{"line":139,"column":29},"end":{"line":139,"column":33}},"16":{"start":{"line":141,"column":6},"end":{"line":192,"column":7}},"17":{"start":{"line":143,"column":28},"end":{"line":149,"column":10}},"18":{"start":{"line":151,"column":8},"end":{"line":189,"column":9}},"19":{"start":{"line":153,"column":33},"end":{"line":156,"column":12}},"20":{"start":{"line":158,"column":10},"end":{"line":188,"column":11}},"21":{"start":{"line":159,"column":12},"end":{"line":159,"column":49}},"22":{"start":{"line":162,"column":12},"end":{"line":177,"column":14}},"23":{"start":{"line":180,"column":38},"end":{"line":183,"column":14}},"24":{"start":{"line":185,"column":12},"end":{"line":187,"column":13}},"25":{"start":{"line":186,"column":14},"end":{"line":186,"column":54}},"26":{"start":{"line":191,"column":8},"end":{"line":191,"column":62}},"27":{"start":{"line":195,"column":25},"end":{"line":198,"column":8}},"28":{"start":{"line":200,"column":19},"end":{"line":200,"column":63}},"29":{"start":{"line":203,"column":22},"end":{"line":203,"column":72}},"30":{"start":{"line":205,"column":6},"end":{"line":205,"column":71}},"31":{"start":{"line":207,"column":6},"end":{"line":207,"column":63}},"32":{"start":{"line":208,"column":6},"end":{"line":208,"column":18}},"33":{"start":{"line":219,"column":4},"end":{"line":391,"column":5}},"34":{"start":{"line":220,"column":28},"end":{"line":220,"column":94}},"35":{"start":{"line":222,"column":6},"end":{"line":222,"column":71}},"36":{"start":{"line":223,"column":6},"end":{"line":223,"column":76}},"37":{"start":{"line":226,"column":28},"end":{"line":229,"column":8}},"38":{"start":{"line":231,"column":6},"end":{"line":231,"column":83}},"39":{"start":{"line":233,"column":6},"end":{"line":260,"column":7}},"40":{"start":{"line":235,"column":27},"end":{"line":238,"column":10}},"41":{"start":{"line":240,"column":8},"end":{"line":243,"column":9}},"42":{"start":{"line":241,"column":10},"end":{"line":241,"column":64}},"43":{"start":{"line":242,"column":10},"end":{"line":242,"column":22}},"44":{"start":{"line":245,"column":21},"end":{"line":245,"column":34}},"45":{"start":{"line":247,"column":8},"end":{"line":259,"column":10}},"46":{"start":{"line":263,"column":6},"end":{"line":285,"column":7}},"47":{"start":{"line":269,"column":26},"end":{"line":269,"column":64}},"48":{"start":{"line":272,"column":8},"end":{"line":284,"column":10}},"49":{"start":{"line":288,"column":6},"end":{"line":295,"column":7}},"50":{"start":{"line":289,"column":8},"end":{"line":294,"column":10}},"51":{"start":{"line":298,"column":6},"end":{"line":305,"column":7}},"52":{"start":{"line":299,"column":8},"end":{"line":304,"column":10}},"53":{"start":{"line":308,"column":6},"end":{"line":315,"column":7}},"54":{"start":{"line":309,"column":8},"end":{"line":314,"column":10}},"55":{"start":{"line":318,"column":6},"end":{"line":325,"column":7}},"56":{"start":{"line":319,"column":8},"end":{"line":324,"column":10}},"57":{"start":{"line":328,"column":6},"end":{"line":384,"column":7}},"58":{"start":{"line":329,"column":8},"end":{"line":383,"column":9}},"59":{"start":{"line":330,"column":30},"end":{"line":336,"column":12}},"60":{"start":{"line":338,"column":10},"end":{"line":380,"column":11}},"61":{"start":{"line":340,"column":35},"end":{"line":343,"column":14}},"62":{"start":{"line":345,"column":12},"end":{"line":379,"column":13}},"63":{"start":{"line":347,"column":14},"end":{"line":355,"column":16}},"64":{"start":{"line":358,"column":14},"end":{"line":378,"column":16}},"65":{"start":{"line":382,"column":10},"end":{"line":382,"column":63}},"66":{"start":{"line":387,"column":6},"end":{"line":387,"column":56}},"67":{"start":{"line":389,"column":6},"end":{"line":389,"column":64}},"68":{"start":{"line":390,"column":6},"end":{"line":390,"column":18}},"69":{"start":{"line":403,"column":48},"end":{"line":411,"column":6}},"70":{"start":{"line":413,"column":52},"end":{"line":418,"column":6}},"71":{"start":{"line":420,"column":52},"end":{"line":425,"column":6}},"72":{"start":{"line":427,"column":62},"end":{"line":434,"column":6}},"73":{"start":{"line":436,"column":46},"end":{"line":441,"column":6}},"74":{"start":{"line":444,"column":23},"end":{"line":444,"column":55}},"75":{"start":{"line":445,"column":4},"end":{"line":452,"column":5}},"76":{"start":{"line":446,"column":6},"end":{"line":451,"column":8}},"77":{"start":{"line":455,"column":26},"end":{"line":455,"column":73}},"78":{"start":{"line":456,"column":28},"end":{"line":456,"column":79}},"79":{"start":{"line":457,"column":33},"end":{"line":457,"column":94}},"80":{"start":{"line":458,"column":25},"end":{"line":458,"column":69}},"81":{"start":{"line":461,"column":4},"end":{"line":484,"column":6}},"82":{"start":{"line":84,"column":0},"end":{"line":84,"column":13}}},"fnMap":{"0":{"name":"(anonymous_7)","decl":{"start":{"line":88,"column":2},"end":{"line":88,"column":8}},"loc":{"start":{"line":88,"column":62},"end":{"line":210,"column":null}}},"1":{"name":"(anonymous_9)","decl":{"start":{"line":215,"column":2},"end":{"line":215,"column":8}},"loc":{"start":{"line":217,"column":39},"end":{"line":392,"column":null}}},"2":{"name":"(anonymous_11)","decl":{"start":{"line":397,"column":10},"end":{"line":397,"column":16}},"loc":{"start":{"line":400,"column":13},"end":{"line":485,"column":3}}}},"branchMap":{"0":{"loc":{"start":{"line":90,"column":28},"end":{"line":90,"column":94}},"type":"cond-expr","locations":[{"start":{"line":90,"column":61},"end":{"line":90,"column":81}},{"start":{"line":90,"column":84},"end":{"line":90,"column":94}}]},"1":{"loc":{"start":{"line":99,"column":6},"end":{"line":136,"column":7}},"type":"if","locations":[{"start":{"line":99,"column":6},"end":{"line":136,"column":7}}]},"2":{"loc":{"start":{"line":105,"column":8},"end":{"line":108,"column":9}},"type":"if","locations":[{"start":{"line":105,"column":8},"end":{"line":108,"column":9}}]},"3":{"loc":{"start":{"line":123,"column":14},"end":{"line":123,"column":39}},"type":"binary-expr","locations":[{"start":{"line":123,"column":14},"end":{"line":123,"column":33}},{"start":{"line":123,"column":37},"end":{"line":123,"column":39}}]},"4":{"loc":{"start":{"line":133,"column":8},"end":{"line":135,"column":9}},"type":"if","locations":[{"start":{"line":133,"column":8},"end":{"line":135,"column":9}}]},"5":{"loc":{"start":{"line":151,"column":8},"end":{"line":189,"column":9}},"type":"if","locations":[{"start":{"line":151,"column":8},"end":{"line":189,"column":9}}]},"6":{"loc":{"start":{"line":151,"column":12},"end":{"line":151,"column":34}},"type":"cond-expr","locations":[{"start":{"line":151,"column":26},"end":{"line":151,"column":28}},{"start":{"line":151,"column":26},"end":{"line":151,"column":34}}]},"7":{"loc":{"start":{"line":151,"column":12},"end":{"line":151,"column":28}},"type":"binary-expr","locations":[{"start":{"line":151,"column":12},"end":{"line":151,"column":28}},{"start":{"line":151,"column":26},"end":{"line":151,"column":28}}]},"8":{"loc":{"start":{"line":158,"column":10},"end":{"line":188,"column":11}},"type":"if","locations":[{"start":{"line":158,"column":10},"end":{"line":188,"column":11}},{"start":{"line":160,"column":17},"end":{"line":188,"column":11}}]},"9":{"loc":{"start":{"line":185,"column":12},"end":{"line":187,"column":13}},"type":"if","locations":[{"start":{"line":185,"column":12},"end":{"line":187,"column":13}}]},"10":{"loc":{"start":{"line":200,"column":19},"end":{"line":200,"column":63}},"type":"cond-expr","locations":[{"start":{"line":200,"column":43},"end":{"line":200,"column":56}},{"start":{"line":200,"column":59},"end":{"line":200,"column":63}}]},"11":{"loc":{"start":{"line":203,"column":22},"end":{"line":203,"column":72}},"type":"cond-expr","locations":[{"start":{"line":203,"column":49},"end":{"line":203,"column":65}},{"start":{"line":203,"column":68},"end":{"line":203,"column":72}}]},"12":{"loc":{"start":{"line":220,"column":28},"end":{"line":220,"column":94}},"type":"cond-expr","locations":[{"start":{"line":220,"column":61},"end":{"line":220,"column":81}},{"start":{"line":220,"column":84},"end":{"line":220,"column":94}}]},"13":{"loc":{"start":{"line":233,"column":6},"end":{"line":260,"column":7}},"type":"if","locations":[{"start":{"line":233,"column":6},"end":{"line":260,"column":7}}]},"14":{"loc":{"start":{"line":240,"column":8},"end":{"line":243,"column":9}},"type":"if","locations":[{"start":{"line":240,"column":8},"end":{"line":243,"column":9}}]},"15":{"loc":{"start":{"line":257,"column":14},"end":{"line":257,"column":39}},"type":"binary-expr","locations":[{"start":{"line":257,"column":14},"end":{"line":257,"column":33}},{"start":{"line":257,"column":37},"end":{"line":257,"column":39}}]},"16":{"loc":{"start":{"line":263,"column":6},"end":{"line":285,"column":7}},"type":"if","locations":[{"start":{"line":263,"column":6},"end":{"line":285,"column":7}}]},"17":{"loc":{"start":{"line":263,"column":10},"end":{"line":266,"column":24}},"type":"binary-expr","locations":[{"start":{"line":263,"column":10},"end":{"line":263,"column":23}},{"start":{"line":263,"column":27},"end":{"line":263,"column":48}},{"start":{"line":263,"column":52},"end":{"line":263,"column":66}},{"start":{"line":263,"column":70},"end":{"line":263,"column":84}},{"start":{"line":264,"column":10},"end":{"line":264,"column":26}},{"start":{"line":264,"column":30},"end":{"line":264,"column":50}},{"start":{"line":264,"column":54},"end":{"line":264,"column":70}},{"start":{"line":264,"column":74},"end":{"line":264,"column":87}},{"start":{"line":265,"column":10},"end":{"line":265,"column":27}},{"start":{"line":265,"column":31},"end":{"line":265,"column":47}},{"start":{"line":265,"column":51},"end":{"line":265,"column":68}},{"start":{"line":265,"column":72},"end":{"line":265,"column":89}},{"start":{"line":266,"column":10},"end":{"line":266,"column":24}}]},"18":{"loc":{"start":{"line":269,"column":26},"end":{"line":269,"column":64}},"type":"binary-expr","locations":[{"start":{"line":269,"column":26},"end":{"line":269,"column":39}},{"start":{"line":269,"column":43},"end":{"line":269,"column":64}}]},"19":{"loc":{"start":{"line":288,"column":6},"end":{"line":295,"column":7}},"type":"if","loc
[...]
column":2},"end":{"line":291,"column":28}},"100":{"start":{"line":298,"column":2},"end":{"line":300,"column":3}},"101":{"start":{"line":299,"column":4},"end":{"line":299,"column":61}},"102":{"start":{"line":299,"column":40},"end":{"line":299,"column":59}},"103":{"start":{"line":301,"column":2},"end":{"line":301,"column":27}},"104":{"start":{"line":315,"column":14},"end":{"line":315,"column":24}},"105":{"start":{"line":316,"column":26},"end":{"line":319,"column":26}},"106":{"start":{"line":317,"column":17},"end":{"line":317,"column":71}},"107":{"start":{"line":318,"column":14},"end":{"line":318,"column":21}},"108":{"start":{"line":319,"column":20},"end":{"line":319,"column":25}},"109":{"start":{"line":321,"column":2},"end":{"line":323,"column":3}},"110":{"start":{"line":322,"column":4},"end":{"line":322,"column":64}},"111":{"start":{"line":325,"column":14},"end":{"line":325,"column":32}},"112":{"start":{"line":326,"column":14},"end":{"line":326,"column":57}},"113":{"start":{"line":327,"column":14},"end":{"line":327,"column":64}},"114":{"start":{"line":327,"column":51},"end":{"line":327,"column":60}},"115":{"start":{"line":328,"column":14},"end":{"line":328,"column":42}},"116":{"start":{"line":329,"column":19},"end":{"line":329,"column":60}},"117":{"start":{"line":330,"column":19},"end":{"line":330,"column":60}},"118":{"start":{"line":332,"column":2},"end":{"line":339,"column":4}},"119":{"start":{"line":346,"column":2},"end":{"line":346,"column":27}},"120":{"start":{"line":347,"column":2},"end":{"line":347,"column":26}},"121":{"start":{"line":351,"column":18},"end":{"line":362,"column":2}},"122":{"start":{"line":364,"column":0},"end":{"line":364,"column":25}}},"fnMap":{"0":{"name":"recordMetric","decl":{"start":{"line":75,"column":16},"end":{"line":75,"column":28}},"loc":{"start":{"line":75,"column":91},"end":{"line":106,"column":1}}},"1":{"name":"(anonymous_1)","decl":{"start":{"line":90,"column":28},"end":{"line":90,"column":36}},"loc":{"start":{"line":90,"column":39},"end":{"line":96,"column":3}}},"2":{"name":"recordEvent","decl":{"start":{"line":111,"column":16},"end":{"line":111,"column":27}},"loc":{"start":{"line":111,"column":133},"end":{"line":160,"column":1}}},"3":{"name":"(anonymous_3)","decl":{"start":{"line":126,"column":27},"end":{"line":126,"column":35}},"loc":{"start":{"line":126,"column":38},"end":{"line":132,"column":3}}},"4":{"name":"updateConnectionStatusFromEvent","decl":{"start":{"line":165,"column":9},"end":{"line":165,"column":40}},"loc":{"start":{"line":165,"column":79},"end":{"line":200,"column":1}}},"5":{"name":"notifyConnectionStatusChange","decl":{"start":{"line":209,"column":9},"end":{"line":209,"column":37}},"loc":{"start":{"line":209,"column":62},"end":{"line":217,"column":1}}},"6":{"name":"(anonymous_6)","decl":{"start":{"line":210,"column":38},"end":{"line":210,"column":46}},"loc":{"start":{"line":210,"column":49},"end":{"line":216,"column":3}}},"7":{"name":"subscribeToMetrics","decl":{"start":{"line":222,"column":16},"end":{"line":222,"column":34}},"loc":{"start":{"line":222,"column":59},"end":{"line":230,"column":1}}},"8":{"name":"(anonymous_8)","decl":{"start":{"line":224,"column":9},"end":{"line":224,"column":12}},"loc":{"start":{"line":224,"column":14},"end":{"line":229,"column":3}}},"9":{"name":"subscribeToEvents","decl":{"start":{"line":235,"column":16},"end":{"line":235,"column":33}},"loc":{"start":{"line":235,"column":57},"end":{"line":243,"column":1}}},"10":{"name":"(anonymous_10)","decl":{"start":{"line":237,"column":9},"end":{"line":237,"column":12}},"loc":{"start":{"line":237,"column":14},"end":{"line":242,"column":3}}},"11":{"name":"subscribeToConnectionStatus","decl":{"start":{"line":248,"column":16},"end":{"line":248,"column":43}},"loc":{"start":{"line":248,"column":78},"end":{"line":264,"column":1}}},"12":{"name":"(anonymous_12)","decl":{"start":{"line":258,"column":9},"end":{"line":258,"column":12}},"loc":{"start":{"line":258,"column":14},"end":{"line":263,"column":3}}},"13":{"name":"getConnectionStatus","decl":{"start":{"line":269,"column":16},"end":{"line":269,"column":35}},"loc":{"start":{"line":269,"column":35},"end":{"line":282,"column":1}}},"14":{"name":"getRecentMetrics","decl":{"start":{"line":287,"column":16},"end":{"line":287,"column":32}},"loc":{"start":{"line":287,"column":50},"end":{"line":292,"column":1}}},"15":{"name":"(anonymous_15)","decl":{"start":{"line":289,"column":32},"end":{"line":289,"column":38}},"loc":{"start":{"line":289,"column":42},"end":{"line":289,"column":62}}},"16":{"name":"getRecentEvents","decl":{"start":{"line":297,"column":16},"end":{"line":297,"column":31}},"loc":{"start":{"line":297,"column":48},"end":{"line":302,"column":1}}},"17":{"name":"(anonymous_17)","decl":{"start":{"line":299,"column":31},"end":{"line":299,"column":36}},"loc":{"start":{"line":299,"column":40},"end":{"line":299,"column":59}}},"18":{"name":"getAggregatedMetrics","decl":{"start":{"line":307,"column":16},"end":{"line":307,"column":36}},"loc":{"start":{"line":307,"column":75},"end":{"line":340,"column":1}}},"19":{"name":"(anonymous_19)","decl":{"start":{"line":317,"column":12},"end":{"line":317,"column":13}},"loc":{"start":{"line":317,"column":17},"end":{"line":317,"column":71}}},"20":{"name":"(anonymous_20)","decl":{"start":{"line":318,"column":9},"end":{"line":318,"column":10}},"loc":{"start":{"line":318,"column":14},"end":{"line":318,"column":21}}},"21":{"name":"(anonymous_21)","decl":{"start":{"line":319,"column":10},"end":{"line":319,"column":11}},"loc":{"start":{"line":319,"column":20},"end":{"line":319,"column":25}}},"22":{"name":"(anonymous_22)","decl":{"start":{"line":327,"column":37},"end":{"line":327,"column":38}},"loc":{"start":{"line":327,"column":51},"end":{"line":327,"column":60}}},"23":{"name":"clearTelemetryData","decl":{"start":{"line":345,"column":16},"end":{"line":345,"column":34}},"loc":{"start":{"line":345,"column":34},"end":{"line":348,"column":1}}}},"branchMap":{"0":{"loc":{"start":{"line":85,"column":2},"end":{"line":87,"column":3}},"type":"if","locations":[{"start":{"line":85,"column":2},"end":{"line":87,"column":3}}]},"1":{"loc":{"start":{"line":99,"column":2},"end":{"line":105,"column":3}},"type":"if","locations":[{"start":{"line":99,"column":2},"end":{"line":105,"column":3}}]},"2":{"loc":{"start":{"line":99,"column":6},"end":{"line":99,"column":50}},"type":"binary-expr","locations":[{"start":{"line":99,"column":6},"end":{"line":99,"column":34}},{"start":{"line":99,"column":38},"end":{"line":99,"column":50}}]},"3":{"loc":{"start":{"line":100,"column":22},"end":{"line":100,"column":46}},"type":"binary-expr","locations":[{"start":{"line":100,"column":22},"end":{"line":100,"column":33}},{"start":{"line":100,"column":37},"end":{"line":100,"column":46}}]},"4":{"loc":{"start":{"line":100,"column":22},"end":{"line":100,"column":33}},"type":"cond-expr","locations":[{"start":{"line":100,"column":26},"end":{"line":100,"column":28}},{"start":{"line":100,"column":22},"end":{"line":100,"column":33}}]},"5":{"loc":{"start":{"line":100,"column":22},"end":{"line":100,"column":28}},"type":"binary-expr","locations":[{"start":{"line":100,"column":22},"end":{"line":100,"column":28}},{"start":{"line":100,"column":22},"end":{"line":100,"column":28}}]},"6":{"loc":{"start":{"line":111,"column":73},"end":{"line":111,"column":133}},"type":"default-arg","locations":[{"start":{"line":111,"column":127},"end":{"line":111,"column":133}}]},"7":{"loc":{"start":{"line":121,"column":2},"end":{"line":123,"column":3}},"type":"if","locations":[{"start":{"line":121,"column":2},"end":{"line":123,"column":3}}]},"8":{"loc":{"start":{"line":135,"column":2},"end":{"line":146,"column":3}},"type":"switch","locations":[{"start":{"line":136,"column":4},"end":{"line":138,"column":12}},{"start":{"line":139,"column":4},"end":{"line":141,"column":12}},{"start":{"line":142,"column":4},"end":{"line":142,"column":17}},{"start":{"line":143,"column":4},"end":{"line":145,"column":12}}]},"9":{"loc":{"start":{"line":149,"column":2},"end":{"line":159,"column":3}},"type":"if","locations":[{"start":{"line":149,"column":2},"end":{"line":159,"column":3}},{"start":{"line":152,"column":9},"end":{"line":159,"column":3}}]},"10":{"loc":{"start":{"line":154,"column":4},"end":{"line":158,"column":5}},"type":"if","locations":[{"start":{"line":154,"column":4},"end":{"line":158,"column":5}}]},"11":{"loc":{"start":{"line":167,"column":2},"end":{"line":169,"column":3}},"type":"if","locations":[{"start":{"line":167,"column":2},"end":{"line":169,"column":3}}]},"12":{"loc":{"start":{"line":173,"column":2},"end":{"line":191,"column":3}},"type":"switch","locations":[{"start":{"line":174,"column":4},"end":{"line":176,"column":12}},{"start":{"line":177,"column":4},"end":{"line":179,"column":12}},{"start":{"line":180,"column":4},"end":{"line":182,"column":12}},{"start":{"line":183,"column":4},"end":{"line":185,"column":12}},{"start":{"line":186,"column":4},"end":{"line":190,"column":12}}]},"13":{"loc":{"start":{"line":187,"column":6},"end":{"line":189,"column":7}},"type":"if","locations":[{"start":{"line":187,"column":6},"end":{"line":189,"column":7}}]},"14":{"loc":{"start":{"line":187,"column":10},"end":{"line":187,"column":76}},"type":"binary-expr","locations":[{"start":{"line":187,"column":10},"end":{"line":187,"column":33}},{"start":{"line":187,"column":37},"end":{"line":187,"column":76}}]},"15":{"loc":{"start":{"line":193,"column":2},"end":{"line":199,"column":3}},"type":"if","locations":[{"start":{"line":193,"column":2},"end":{"line":199,"column":3}}]},"16":{"loc":{"start":{"line":193,"column":6},"end":{"line":193,"column":56}},"type":"binary-expr","locations":[{"start":{"line":193,"column":6},"end":{"line":193,"column":15}},{"start":{"line":193,"column":19},"end":{"line":193,"column":56}}]},"17":{"loc":{"start":{"line":226,"column":4},"end":{"line":228,"column":5}},"type":"if","locations":[{"start":{"line":226,"column":4},"end":{"line":228,"column":5}}]},"18":{"loc":{"start":{"line":239,"column":4},"end":{"line":241,"column":5}},"type":"if","locations":[{"start":{"line":239,"column":4},"end":{"line":241,"column":5}}]},"19":{"loc":{"start":{"line":252,"column":2},"end":{"line":256,"column":3}},"type":"if","locations":[{"start":{"line":252,"column":2},"end":{"line":256,"column":3}},{"start":{"line":254,"column":9},"end":{"line":256,"column":3}}]},"20":{"loc":{"start":{"line":260,"column":4},"end":{"line":262,"column":5}},"type":"if","locations":[{"start":{"line":260,"column":4},"end":{"line":262,"column":5}}]},"21":{"loc":{"start":{"line":271,"column":2},"end":{"line":276,"column":3}},"type":"if","locations":[{"start":{"line":271,"column":2},"end":{"line":276,"column":3}}]},"22":{"loc":{"start":{"line":288,"column":2},"end":{"line":290,"column":3}},"type":"if","locations":[{"start":{"line":288,"column":2},"end":{"line":290,"column":3}}]},"23":{"loc":{"start":{"line":298,"column":2},"end":{"line":300,"column":3}},"type":"if","locations":[{"start":{"line":298,"column":2},"end":{"line":300,"column":3}}]},"24":{"loc":{"start":{"line":307,"column":55},"end":{"line":307,"column":75}},"type":"default-arg","locations":[{"start":{"line":307,"column":70},"end":{"line":307,"column":75}}]},"25":{"loc":{"start":{"line":317,"column":17},"end":{"line":317,"column":71}},"type":"binary-expr","locations":[{"start":{"line":317,"column":17},"end":{"line":317,"column":32}},{"start":{"line":317,"column":36},"end":{"line":317,"column":71}}]},"26":{"loc":{"start":{"line":321,"column":2},"end":{"line":323,"column":3}},"type":"if","locations":[{"start":{"line":321,"column":2},"end":{"line":323,"column":3}}]},"27":{"loc":{"start":{"line":337,"column":9},"end":{"line":337,"column":41}},"type":"binary-expr","locations":[{"start":{"line":337,"column":9},"end":{"line":337,"column":34}},{"start":{"line":337,"column":38},"end":{"line":337,"column":41}}]},"28":{"loc":{"start":{"line":338,"column":9},"end":{"line":338,"column":41}},"type":"binary-expr","locations":[{"start":{"line":338,"column":9},"end":{"line":338,"column":34}},{"start":{"line":338,"column":38},"end":{"line":338,"column":41}}]}},"s":{"0":0,"1":0,"2":0,"3":0,"4":0,"5":0,"6":0,"7":0,"8":0,"9":0,"10":0,"11":0,"12":0,"13":0,"14":0,"15":0,"16":0,"17":0,"18":0,"19":0,"20":0,"21":0,"22":0,"23":0,"24":0,"25":0,"26":0,"27":0,"28":0,"29":0,"30":0,"31":0,"32":0,"33":0,"34":0,"35":0,"36":0,"37":0,"38":0,"39":0,"40":0,"41":0,"42":0,"43":0,"44":0,"45":0,"46":0,"47":0,"48":0,"49":0,"50":0,"51":0,"52":0,"53":0,"54":0,"55":0,"56":0,"57":0,"58":0,"59":0,"60":0,"61":0,"62":0,"63":0,"64":0,"65":0,"66":0,"67":0,"68":0,"69":0,"70":0,"71":0,"72":0,"73":0,"74":0,"75":0,"76":0,"77":0,"78":0,"79":0,"80":0,"81":0,"82":0,"83":0,"84":0,"85":0,"86":0,"87":0,"88":0,"89":0,"90":0,"91":0,"92":0,"93":0,"94":0,"95":0,"96":0,"97":0,"98":0,"99":0,"100":0,"101":0,"102":0,"103":0,"104":0,"105":0,"106":0,"107":0,"108":0,"109":0,"110":0,"111":0,"112":0,"113":0,"114":0,"115":0,"116":0,"117":0,"118":0,"119":0,"120":0,"121":0,"122":0},"f":{"0":0,"1":0,"2":0,"3":0,"4":0,"5":0,"6":0,"7":0,"8":0,"9":0,"10":0,"11":0,"12":0,"13":0,"14":0,"15":0,"16":0,"17":0,"18":0,"19":0,"20":0,"21":0,"22":0,"23":0},"b":{"0":[0],"1":[0],"2":[0,0],"3":[0,0],"4":[0,0],"5":[0,0],"6":[0],"7":[0],"8":[0,0,0,0],"9":[0,0],"10":[0],"11":[0],"12":[0,0,0,0,0],"13":[0],"14":[0,0],"15":[0],"16":[0,0],"17":[0],"18":[0],"19":[0,0],"20":[0],"21":[0],"22":[0],"23":[0],"24":[0],"25":[0,0],"26":[0],"27":[0,0],"28":[0,0]}}
,"C:\\Users\\Android-ap\\Documents\\Adobe\\khota a\\Gudcity-REDA\\src\\utils\\withRetry.ts": {"path":"C:\\Users\\Android-ap\\Documents\\Adobe\\khota a\\Gudcity-REDA\\src\\utils\\withRetry.ts","statementMap":{"0":{"start":{"line":22,"column":0},"end":{"line":22,"column":22}},"1":{"start":{"line":82,"column":0},"end":{"line":82,"column":16}},"2":{"start":{"line":23,"column":2},"end":{"line":76,"column":null}},"3":{"start":{"line":32,"column":6},"end":{"line":32,"column":13}},"4":{"start":{"line":30,"column":24},"end":{"line":30,"column":28}},"5":{"start":{"line":36,"column":2},"end":{"line":71,"column":3}},"6":{"start":{"line":36,"column":21},"end":{"line":36,"column":22}},"7":{"start":{"line":37,"column":4},"end":{"line":70,"column":5}},"8":{"start":{"line":38,"column":6},"end":{"line":38,"column":24}},"9":{"start":{"line":40,"column":6},"end":{"line":40,"column":24}},"10":{"start":{"line":43,"column":6},"end":{"line":45,"column":7}},"11":{"start":{"line":44,"column":8},"end":{"line":44,"column":20}},"12":{"start":{"line":48,"column":6},"end":{"line":50,"column":7}},"13":{"start":{"line":49,"column":8},"end":{"line":49,"column":20}},"14":{"start":{"line":53,"column":6},"end":{"line":53,"column":30}},"15":{"start":{"line":57,"column":31},"end":{"line":59,"column":null}},"16":{"start":{"line":63,"column":21},"end":{"line":63,"column":59}},"17":{"start":{"line":66,"column":20},"end":{"line":66,"column":45}},"18":{"start":{"line":69,"column":6},"end":{"line":69,"column":63}},"19":{"start":{"line":69,"column":35},"end":{"line":69,"column":61}},"20":{"start":{"line":75,"column":2},"end":{"line":75,"column":18}},"21":{"start":{"line":86,"column":2},"end":{"line":110,"column":5}},"22":{"start":{"line":90,"column":6},"end":{"line":101,"column":7}},"23":{"start":{"line":91,"column":24},"end":{"line":91,"column":51}},"24":{"start":{"line":92,"column":8},"end":{"line":100,"column":10}},"25":{"start":{"line":102,"column":6},"end":{"line":102,"column":19}},"26":{"start":{"line":105,"column":6},"end":{"line":108,"column":8}}},"fnMap":{"0":{"name":"withRetry","decl":{"start":{"line":22,"column":22},"end":{"line":22,"column":31}},"loc":{"start":{"line":22,"column":31},"end":{"line":76,"column":null}}},"1":{"name":"(anonymous_8)","decl":{"start":{"line":23,"column":2},"end":{"line":23,"column":22}},"loc":{"start":{"line":24,"column":28},"end":{"line":76,"column":1}}},"2":{"name":"(anonymous_9)","decl":{"start":{"line":30,"column":18},"end":{"line":30,"column":21}},"loc":{"start":{"line":30,"column":24},"end":{"line":30,"column":28}}},"3":{"name":"(anonymous_10)","decl":{"start":{"line":31,"column":14},"end":{"line":31,"column":17}},"loc":{"start":{"line":31,"column":19},"end":{"line":31,"column":22}}},"4":{"name":"(anonymous_11)","decl":{"start":{"line":69,"column":24},"end":{"line":69,"column":31}},"loc":{"start":{"line":69,"column":35},"end":{"line":69,"column":61}}},"5":{"name":"withDatabaseRetry","decl":{"start":{"line":82,"column":16},"end":{"line":82,"column":33}},"loc":{"start":{"line":84,"column":49},"end":{"line":111,"column":1}}},"6":{"name":"(anonymous_13)","decl":{"start":{"line":88,"column":17},"end":{"line":88,"column":18}},"loc":{"start":{"line":88,"column":27},"end":{"line":103,"column":5}}},"7":{"name":"(anonymous_14)","decl":{"start":{"line":104,"column":13},"end":{"line":104,"column":14}},"loc":{"start":{"line":104,"column":32},"end":{"line":109,"column":5}}}},"branchMap":{"0":{"loc":{"start":{"line":24,"column":2},"end":{"line":24,"column":28}},"type":"default-arg","locations":[{"start":{"line":24,"column":26},"end":{"line":24,"column":28}}]},"1":{"loc":{"start":{"line":27,"column":4},"end":{"line":27,"column":18}},"type":"default-arg","locations":[{"start":{"line":27,"column":17},"end":{"line":27,"column":18}}]},"2":{"loc":{"start":{"line":28,"column":4},"end":{"line":28,"column":19}},"type":"default-arg","locations":[{"start":{"line":28,"column":16},"end":{"line":28,"column":19}}]},"3":{"loc":{"start":{"line":29,"column":4},"end":{"line":29,"column":20}},"type":"default-arg","locations":[{"start":{"line":29,"column":15},"end":{"line":29,"column":20}}]},"4":{"loc":{"start":{"line":30,"column":4},"end":{"line":30,"column":28}},"type":"default-arg","locations":[{"start":{"line":30,"column":18},"end":{"line":30,"column":28}}]},"5":{"loc":{"start":{"line":31,"column":4},"end":{"line":31,"column":22}},"type":"default-arg","locations":[{"start":{"line":31,"column":14},"end":{"line":31,"column":22}}]},"6":{"loc":{"start":{"line":43,"column":6},"end":{"line":45,"column":7}},"type":"if","locations":[{"start":{"line":43,"column":6},"end":{"line":45,"column":7}}]},"7":{"loc":{"start":{"line":48,"column":6},"end":{"line":50,"column":7}},"type":"if","locations":[{"start":{"line":48,"column":6},"end":{"line":50,"column":7}}]},"8":{"loc":{"start":{"line":84,"column":2},"end":{"line":84,"column":49}},"type":"default-arg","locations":[{"start":{"line":84,"column":47},"end":{"line":84,"column":49}}]},"9":{"loc":{"start":{"line":90,"column":6},"end":{"line":101,"column":7}},"type":"if","locations":[{"start":{"line":90,"column":6},"end":{"line":101,"column":7}}]},"10":{"loc":{"start":{"line":93,"column":10},"end":{"line":99,"column":33}},"type":"binary-expr","locations":[{"start":{"line":93,"column":10},"end":{"line":93,"column":40}},{"start":{"line":94,"column":10},"end":{"line":94,"column":37}},{"start":{"line":95,"column":10},"end":{"line":95,"column":37}},{"start":{"line":96,"column":10},"end":{"line":96,"column":36}},{"start":{"line":97,"column":10},"end":{"line":97,"column":40}},{"start":{"line":98,"column":10},"end":{"line":98,"column":38}},{"start":{"line":99,"column":10},"end":{"line":99,"column":33}}]},"11":{"loc":{"start":{"line":106,"column":61},"end":{"line":106,"column":84}},"type":"binary-expr","locations":[{"start":{"line":106,"column":61},"end":{"line":106,"column":79}},{"start":{"line":106,"column":83},"end":{"line":106,"column":84}}]},"12":{"loc":{"start":{"line":107,"column":8},"end":{"line":107,"column":54}},"type":"cond-expr","locations":[{"start":{"line":107,"column":33},"end":{"line":107,"column":46}},{"start":{"line":107,"column":49},"end":{"line":107,"column":54}}]}},"s":{"0":0,"1":0,"2":0,"3":0,"4":0,"5":0,"6":0,"7":0,"8":0,"9":0,"10":0,"11":0,"12":0,"13":0,"14":0,"15":0,"16":0,"17":0,"18":0,"19":0,"20":0,"21":0,"22":0,"23":0,"24":0,"25":0,"26":0},"f":{"0":0,"1":0,"2":0,"3":0,"4":0,"5":0,"6":0,"7":0},"b":{"0":[0],"1":[0],"2":[0],"3":[0],"4":[0],"5":[0],"6":[0],"7":[0],"8":[0],"9":[0],"10":[0,0,0,0,0,0,0],"11":[0,0],"12":[0,0]}}
}
