TN:
SF:src\api\api.ts
FN:17,(anonymous_7)
FN:27,(anonymous_8)
FN:34,(anonymous_9)
FN:40,(anonymous_10)
FN:57,(anonymous_11)
FN:66,(anonymous_13)
FN:85,(anonymous_14)
FN:95,(anonymous_16)
FN:114,(anonymous_17)
FN:124,(anonymous_19)
FN:143,(anonymous_20)
FN:152,(anonymous_22)
FNF:12
FNH:0
FNDA:0,(anonymous_7)
FNDA:0,(anonymous_8)
FNDA:0,(anonymous_9)
FNDA:0,(anonymous_10)
FNDA:0,(anonymous_11)
FNDA:0,(anonymous_13)
FNDA:0,(anonymous_14)
FNDA:0,(anonymous_16)
FNDA:0,(anonymous_17)
FNDA:0,(anonymous_19)
FNDA:0,(anonymous_20)
FNDA:0,(anonymous_22)
DA:5,0
DA:18,0
DA:19,0
DA:28,0
DA:36,0
DA:39,0
DA:40,0
DA:41,0
DA:46,0
DA:47,0
DA:48,0
DA:51,0
DA:58,0
DA:59,0
DA:61,0
DA:66,0
DA:68,0
DA:74,0
DA:75,0
DA:86,0
DA:87,0
DA:89,0
DA:95,0
DA:97,0
DA:103,0
DA:104,0
DA:115,0
DA:116,0
DA:118,0
DA:124,0
DA:126,0
DA:132,0
DA:133,0
DA:144,0
DA:145,0
DA:147,0
DA:152,0
DA:154,0
DA:160,0
DA:161,0
DA:170,0
DA:171,0
LF:42
LH:0
BRDA:39,0,0,0
BRDA:47,1,0,0
BRDA:71,2,0,0
BRDA:71,2,1,0
BRDA:71,3,0,0
BRDA:71,3,1,0
BRDA:71,4,0,0
BRDA:71,4,1,0
BRDA:71,5,0,0
BRDA:71,5,1,0
BRDA:77,6,0,0
BRDA:77,6,1,0
BRDA:92,7,0,0
BRDA:92,7,1,0
BRDA:100,8,0,0
BRDA:100,8,1,0
BRDA:100,9,0,0
BRDA:100,9,1,0
BRDA:100,10,0,0
BRDA:100,10,1,0
BRDA:100,11,0,0
BRDA:100,11,1,0
BRDA:106,12,0,0
BRDA:106,12,1,0
BRDA:121,13,0,0
BRDA:121,13,1,0
BRDA:129,14,0,0
BRDA:129,14,1,0
BRDA:129,15,0,0
BRDA:129,15,1,0
BRDA:129,16,0,0
BRDA:129,16,1,0
BRDA:129,17,0,0
BRDA:129,17,1,0
BRDA:135,18,0,0
BRDA:135,18,1,0
BRDA:157,19,0,0
BRDA:157,19,1,0
BRDA:157,20,0,0
BRDA:157,20,1,0
BRDA:157,21,0,0
BRDA:157,21,1,0
BRDA:157,22,0,0
BRDA:157,22,1,0
BRDA:163,23,0,0
BRDA:163,23,1,0
BRF:46
BRH:0
end_of_record
TN:
SF:src\hooks\useDataLoader.ts
FN:73,useDataLoader
FN:92,(anonymous_8)
FN:93,(anonymous_9)
FN:97,(anonymous_10)
FN:107,(anonymous_11)
FN:107,(anonymous_12)
FN:115,(anonymous_13)
FN:137,(anonymous_14)
FN:138,(anonymous_15)
FN:160,(anonymous_16)
FN:175,(anonymous_17)
FN:217,createEntityLoader
FN:221,(anonymous_19)
FN:224,(anonymous_20)
FNF:14
FNH:0
FNDA:0,useDataLoader
FNDA:0,(anonymous_8)
FNDA:0,(anonymous_9)
FNDA:0,(anonymous_10)
FNDA:0,(anonymous_11)
FNDA:0,(anonymous_12)
FNDA:0,(anonymous_13)
FNDA:0,(anonymous_14)
FNDA:0,(anonymous_15)
FNDA:0,(anonymous_16)
FNDA:0,(anonymous_17)
FNDA:0,createEntityLoader
FNDA:0,(anonymous_19)
FNDA:0,(anonymous_20)
DA:6,0
DA:7,0
DA:8,0
DA:9,0
DA:10,0
DA:11,0
DA:73,0
DA:86,0
DA:89,0
DA:92,0
DA:93,0
DA:94,0
DA:97,0
DA:101,0
DA:104,0
DA:107,0
DA:111,0
DA:112,0
DA:116,0
DA:117,0
DA:121,0
DA:130,0
DA:134,0
DA:135,0
DA:138,0
DA:139,0
DA:140,0
DA:143,0
DA:144,0
DA:155,0
DA:159,0
DA:161,0
DA:162,0
DA:167,0
DA:175,0
DA:176,0
DA:177,0
DA:180,0
DA:181,0
DA:191,0
DA:194,0
DA:199,0
DA:202,0
DA:203,0
DA:205,0
DA:217,0
DA:221,0
DA:222,0
DA:224,0
DA:230,0
LF:50
LH:0
BRDA:76,0,0,0
BRDA:80,1,0,0
BRDA:81,2,0,0
BRDA:82,3,0,0
BRDA:84,4,0,0
BRDA:85,5,0,0
BRDA:104,6,0,0
BRDA:104,6,1,0
BRDA:111,7,0,0
BRDA:111,7,1,0
BRDA:113,8,0,0
BRDA:113,8,1,0
BRDA:116,9,0,0
BRDA:117,10,0,0
BRDA:117,10,1,0
BRDA:124,11,0,0
BRDA:124,11,1,0
BRDA:134,12,0,0
BRDA:143,13,0,0
BRDA:159,14,0,0
BRDA:159,14,1,0
BRDA:161,15,0,0
BRDA:161,15,1,0
BRDA:176,16,0,0
BRDA:176,17,0,0
BRDA:176,17,1,0
BRDA:180,18,0,0
BRDA:183,19,0,0
BRDA:183,19,1,0
BRDA:191,20,0,0
BRDA:191,20,1,0
BRDA:191,20,2,0
BRDA:194,21,0,0
BRDA:194,21,1,0
BRDA:196,22,0,0
BRDA:196,22,1,0
BRDA:199,23,0,0
BRDA:199,23,1,0
BRDA:202,24,0,0
BRDA:202,24,1,0
BRF:40
BRH:0
end_of_record
TN:
SF:src\i18n\index.ts
FNF:0
FNH:0
DA:1,0
DA:2,0
DA:4,0
DA:55,0
DA:66,0
LF:5
LH:0
BRF:0
BRH:0
end_of_record
TN:
SF:src\middleware\auth.ts
FN:21,(anonymous_7)
FN:21,(anonymous_8)
FN:57,(anonymous_9)
FN:58,(anonymous_10)
FNF:4
FNH:0
FNDA:0,(anonymous_7)
FNDA:0,(anonymous_8)
FNDA:0,(anonymous_9)
FNDA:0,(anonymous_10)
DA:2,0
DA:21,0
DA:22,0
DA:24,0
DA:26,0
DA:27,0
DA:30,0
DA:33,0
DA:35,0
DA:36,0
DA:40,0
DA:46,0
DA:48,0
DA:49,0
DA:57,0
DA:58,0
DA:59,0
DA:60,0
DA:63,0
DA:64,0
DA:67,0
LF:21
LH:0
BRDA:26,0,0,0
BRDA:26,1,0,0
BRDA:26,1,1,0
BRDA:35,2,0,0
BRDA:59,3,0,0
BRDA:63,4,0,0
BRF:6
BRH:0
end_of_record
TN:
SF:src\services\analyticsDbService.ts
FN:44,(anonymous_7)
FN:45,(anonymous_8)
FN:90,(anonymous_9)
FN:123,(anonymous_10)
FN:189,(anonymous_12)
FN:218,(anonymous_14)
FN:235,(anonymous_15)
FN:252,(anonymous_17)
FN:265,(anonymous_18)
FN:284,(anonymous_20)
FN:285,(anonymous_21)
FN:316,(anonymous_22)
FN:409,(anonymous_24)
FN:477,(anonymous_26)
FN:495,(anonymous_27)
FN:569,(anonymous_29)
FN:605,(anonymous_31)
FN:629,(anonymous_33)
FN:643,(anonymous_34)
FN:704,(anonymous_36)
FN:723,(anonymous_37)
FN:762,(anonymous_39)
FN:777,(anonymous_40)
FN:817,(anonymous_42)
FN:857,(anonymous_44)
FN:870,(anonymous_45)
FN:885,(anonymous_46)
FN:928,(anonymous_48)
FN:933,(anonymous_49)
FN:937,(anonymous_50)
FN:938,(anonymous_51)
FN:950,(anonymous_52)
FN:980,(anonymous_54)
FNF:33
FNH:0
FNDA:0,(anonymous_7)
FNDA:0,(anonymous_8)
FNDA:0,(anonymous_9)
FNDA:0,(anonymous_10)
FNDA:0,(anonymous_12)
FNDA:0,(anonymous_14)
FNDA:0,(anonymous_15)
FNDA:0,(anonymous_17)
FNDA:0,(anonymous_18)
FNDA:0,(anonymous_20)
FNDA:0,(anonymous_21)
FNDA:0,(anonymous_22)
FNDA:0,(anonymous_24)
FNDA:0,(anonymous_26)
FNDA:0,(anonymous_27)
FNDA:0,(anonymous_29)
FNDA:0,(anonymous_31)
FNDA:0,(anonymous_33)
FNDA:0,(anonymous_34)
FNDA:0,(anonymous_36)
FNDA:0,(anonymous_37)
FNDA:0,(anonymous_39)
FNDA:0,(anonymous_40)
FNDA:0,(anonymous_42)
FNDA:0,(anonymous_44)
FNDA:0,(anonymous_45)
FNDA:0,(anonymous_46)
FNDA:0,(anonymous_48)
FNDA:0,(anonymous_49)
FNDA:0,(anonymous_50)
FNDA:0,(anonymous_51)
FNDA:0,(anonymous_52)
FNDA:0,(anonymous_54)
DA:1,0
DA:3,0
DA:4,0
DA:40,0
DA:45,0
DA:49,0
DA:52,0
DA:61,0
DA:76,0
DA:86,0
DA:90,0
DA:99,0
DA:106,0
DA:115,0
DA:116,0
DA:127,0
DA:179,0
DA:180,0
DA:183,0
DA:195,0
DA:208,0
DA:218,0
DA:239,0
DA:252,0
DA:269,0
DA:281,0
DA:285,0
DA:288,0
DA:290,0
DA:291,0
DA:294,0
DA:300,0
DA:308,0
DA:309,0
DA:327,0
DA:375,0
DA:376,0
DA:379,0
DA:382,0
DA:396,0
DA:403,0
DA:423,0
DA:477,0
DA:507,0
DA:551,0
DA:552,0
DA:556,0
DA:557,0
DA:559,0
DA:575,0
DA:590,0
DA:591,0
DA:594,0
DA:595,0
DA:612,0
DA:629,0
DA:649,0
DA:651,0
DA:673,0
DA:688,0
DA:694,0
DA:695,0
DA:696,0
DA:697,0
DA:698,0
DA:700,0
DA:704,0
DA:705,0
DA:706,0
DA:716,0
DA:718,0
DA:719,0
DA:731,0
DA:743,0
DA:744,0
DA:748,0
DA:760,0
DA:762,0
DA:768,0
DA:781,0
DA:798,0
DA:799,0
DA:802,0
DA:803,0
DA:822,0
DA:837,0
DA:855,0
DA:857,0
DA:858,0
DA:859,0
DA:862,0
DA:870,0
DA:889,0
DA:901,0
DA:911,0
DA:920,0
DA:921,0
DA:924,0
DA:927,0
DA:928,0
DA:929,0
DA:933,0
DA:936,0
DA:937,0
DA:938,0
DA:940,0
DA:954,0
DA:967,0
DA:968,0
DA:971,0
DA:972,0
DA:983,0
DA:994,0
DA:995,0
DA:1003,0
DA:1009,0
DA:1010,0
DA:1012,0
LF:118
LH:0
BRDA:47,0,0,0
BRDA:179,1,0,0
BRDA:286,2,0,0
BRDA:375,3,0,0
BRDA:482,4,0,0
BRDA:482,4,1,0
BRDA:551,5,0,0
BRDA:563,6,0,0
BRDA:563,6,1,0
BRDA:564,7,0,0
BRDA:564,7,1,0
BRDA:565,8,0,0
BRDA:565,8,1,0
BRDA:590,9,0,0
BRDA:697,10,0,0
BRDA:711,11,0,0
BRDA:711,11,1,0
BRDA:743,12,0,0
BRDA:798,13,0,0
BRDA:858,14,0,0
BRDA:875,15,0,0
BRDA:875,15,1,0
BRDA:920,16,0,0
BRDA:967,17,0,0
BRDA:994,18,0,0
BRDA:1010,19,0,0
BRDA:1010,19,1,0
BRF:27
BRH:0
end_of_record
TN:
SF:src\services\approvalService.ts
FN:28,getAllApprovals
FN:50,getApprovalsByType
FN:75,getApprovalById
FN:100,updateApprovalStatus
FN:130,convertBusinessApplicationToApproval
FN:144,ensureApprovalTableExists
FNF:6
FNH:0
FNDA:0,getAllApprovals
FNDA:0,getApprovalsByType
FNDA:0,getApprovalById
FNDA:0,updateApprovalStatus
FNDA:0,convertBusinessApplicationToApproval
FNDA:0,ensureApprovalTableExists
DA:1,0
DA:2,0
DA:28,0
DA:29,0
DA:30,0
DA:33,0
DA:34,0
DA:42,0
DA:44,0
DA:45,0
DA:50,0
DA:51,0
DA:52,0
DA:54,0
DA:56,0
DA:57,0
DA:66,0
DA:69,0
DA:70,0
DA:75,0
DA:76,0
DA:77,0
DA:79,0
DA:81,0
DA:82,0
DA:91,0
DA:94,0
DA:95,0
DA:100,0
DA:106,0
DA:107,0
DA:109,0
DA:111,0
DA:112,0
DA:121,0
DA:124,0
DA:125,0
DA:131,0
DA:144,0
DA:145,0
DA:146,0
DA:149,0
DA:163,0
DA:165,0
LF:44
LH:0
BRDA:54,0,0,0
BRDA:54,0,1,0
BRDA:79,1,0,0
BRDA:79,1,1,0
BRDA:82,2,0,0
BRDA:82,2,1,0
BRDA:109,3,0,0
BRDA:109,3,1,0
BRF:8
BRH:0
end_of_record
TN:
SF:src\services\authService.ts
FN:17,(anonymous_7)
FN:19,(anonymous_8)
FN:43,checkRateLimit
FN:81,generateTokens
FN:84,(anonymous_12)
FN:118,storeRefreshToken
FN:150,refreshTokens
FN:153,(anonymous_17)
FN:202,verifyToken
FN:205,(anonymous_20)
FN:219,revokeAllUserTokens
FN:237,parseJwtExpiry
FN:259,hashPassword
FN:262,(anonymous_26)
FN:275,verifyPassword
FN:286,(anonymous_29)
FN:306,ensureRefreshTokensTable
FNF:17
FNH:0
FNDA:0,(anonymous_7)
FNDA:0,(anonymous_8)
FNDA:0,checkRateLimit
FNDA:0,generateTokens
FNDA:0,(anonymous_12)
FNDA:0,storeRefreshToken
FNDA:0,refreshTokens
FNDA:0,(anonymous_17)
FNDA:0,verifyToken
FNDA:0,(anonymous_20)
FNDA:0,revokeAllUserTokens
FNDA:0,parseJwtExpiry
FNDA:0,hashPassword
FNDA:0,(anonymous_26)
FNDA:0,verifyPassword
FNDA:0,(anonymous_29)
FNDA:0,ensureRefreshTokensTable
DA:1,0
DA:2,0
DA:3,0
DA:4,0
DA:14,0
DA:17,0
DA:18,0
DA:19,0
DA:20,0
DA:21,0
DA:43,0
DA:44,0
DA:45,0
DA:46,0
DA:49,0
DA:50,0
DA:57,0
DA:58,0
DA:65,0
DA:68,0
DA:69,0
DA:71,0
DA:81,0
DA:82,0
DA:84,0
DA:87,0
DA:94,0
DA:95,0
DA:98,0
DA:99,0
DA:102,0
DA:104,0
DA:110,0
DA:111,0
DA:119,0
DA:121,0
DA:124,0
DA:137,0
DA:142,0
DA:143,0
DA:150,0
DA:151,0
DA:153,0
DA:157,0
DA:158,0
DA:160,0
DA:161,0
DA:165,0
DA:172,0
DA:173,0
DA:174,0
DA:178,0
DA:179,0
DA:180,0
DA:181,0
DA:185,0
DA:192,0
DA:194,0
DA:195,0
DA:202,0
DA:203,0
DA:205,0
DA:208,0
DA:209,0
DA:211,0
DA:212,0
DA:219,0
DA:220,0
DA:221,0
DA:227,0
DA:229,0
DA:230,0
DA:238,0
DA:239,0
DA:240,0
DA:243,0
DA:244,0
DA:246,0
DA:247,0
DA:248,0
DA:249,0
DA:250,0
DA:251,0
DA:252,0
DA:259,0
DA:260,0
DA:262,0
DA:264,0
DA:265,0
DA:267,0
DA:268,0
DA:275,0
DA:276,0
DA:278,0
DA:279,0
DA:280,0
DA:284,0
DA:286,0
DA:289,0
DA:290,0
DA:293,0
DA:297,0
DA:298,0
DA:300,0
DA:301,0
DA:306,0
DA:307,0
DA:308,0
DA:319,0
DA:321,0
DA:325,0
LF:111
LH:0
BRDA:20,0,0,0
BRDA:49,1,0,0
BRDA:57,2,0,0
BRDA:90,3,0,0
BRDA:90,3,1,0
BRDA:172,4,0,0
BRDA:172,5,0,0
BRDA:172,5,1,0
BRDA:179,6,0,0
BRDA:239,7,0,0
BRDA:246,8,0,0
BRDA:246,8,1,0
BRDA:246,8,2,0
BRDA:246,8,3,0
BRDA:246,8,4,0
BRDA:246,8,5,0
BRDA:278,9,0,0
BRDA:278,10,0,0
BRDA:278,10,1,0
BRDA:289,11,0,0
BRF:20
BRH:0
end_of_record
TN:
SF:src\services\businessSettingsService.fixed.ts
FN:88,(anonymous_7)
FN:215,(anonymous_9)
FN:397,(anonymous_11)
FNF:3
FNH:0
FNDA:0,(anonymous_7)
FNDA:0,(anonymous_9)
FNDA:0,(anonymous_11)
DA:1,0
DA:68,0
DA:84,0
DA:89,0
DA:90,0
DA:93,0
DA:99,0
DA:100,0
DA:105,0
DA:106,0
DA:107,0
DA:110,0
DA:113,0
DA:128,0
DA:133,0
DA:134,0
DA:139,0
DA:141,0
DA:143,0
DA:151,0
DA:153,0
DA:158,0
DA:159,0
DA:162,0
DA:180,0
DA:185,0
DA:186,0
DA:191,0
DA:195,0
DA:200,0
DA:203,0
DA:205,0
DA:207,0
DA:208,0
DA:219,0
DA:220,0
DA:222,0
DA:223,0
DA:226,0
DA:231,0
DA:233,0
DA:235,0
DA:240,0
DA:241,0
DA:242,0
DA:245,0
DA:247,0
DA:263,0
DA:269,0
DA:272,0
DA:288,0
DA:289,0
DA:298,0
DA:299,0
DA:308,0
DA:309,0
DA:318,0
DA:319,0
DA:328,0
DA:329,0
DA:330,0
DA:338,0
DA:340,0
DA:345,0
DA:347,0
DA:358,0
DA:382,0
DA:387,0
DA:389,0
DA:390,0
DA:403,0
DA:413,0
DA:420,0
DA:427,0
DA:436,0
DA:444,0
DA:445,0
DA:446,0
DA:455,0
DA:456,0
DA:457,0
DA:458,0
DA:461,0
LF:83
LH:0
BRDA:90,0,0,0
BRDA:90,0,1,0
BRDA:99,1,0,0
BRDA:105,2,0,0
BRDA:123,3,0,0
BRDA:123,3,1,0
BRDA:133,4,0,0
BRDA:151,5,0,0
BRDA:151,6,0,0
BRDA:151,6,1,0
BRDA:151,7,0,0
BRDA:151,7,1,0
BRDA:158,8,0,0
BRDA:158,8,1,0
BRDA:185,9,0,0
BRDA:200,10,0,0
BRDA:200,10,1,0
BRDA:203,11,0,0
BRDA:203,11,1,0
BRDA:220,12,0,0
BRDA:220,12,1,0
BRDA:233,13,0,0
BRDA:240,14,0,0
BRDA:257,15,0,0
BRDA:257,15,1,0
BRDA:263,16,0,0
BRDA:263,17,0,0
BRDA:263,17,1,0
BRDA:263,17,2,0
BRDA:263,17,3,0
BRDA:263,17,4,0
BRDA:263,17,5,0
BRDA:263,17,6,0
BRDA:263,17,7,0
BRDA:263,17,8,0
BRDA:263,17,9,0
BRDA:263,17,10,0
BRDA:263,17,11,0
BRDA:263,17,12,0
BRDA:269,18,0,0
BRDA:269,18,1,0
BRDA:288,19,0,0
BRDA:298,20,0,0
BRDA:308,21,0,0
BRDA:318,22,0,0
BRDA:328,23,0,0
BRDA:338,24,0,0
BRDA:338,25,0,0
BRDA:338,25,1,0
BRDA:338,26,0,0
BRDA:338,26,1,0
BRDA:345,27,0,0
BRDA:345,27,1,0
BRDA:445,28,0,0
BRDA:447,29,0,0
BRDA:447,29,1,0
BRDA:448,30,0,0
BRDA:448,30,1,0
BRDA:449,31,0,0
BRDA:449,31,1,0
BRDA:450,32,0,0
BRDA:450,32,1,0
BRDA:455,33,0,0
BRDA:455,33,1,0
BRDA:455,34,0,0
BRDA:455,34,1,0
BRDA:455,35,0,0
BRDA:455,35,1,0
BRDA:456,36,0,0
BRDA:456,36,1,0
BRDA:456,37,0,0
BRDA:456,37,1,0
BRDA:456,38,0,0
BRDA:456,38,1,0
BRDA:457,39,0,0
BRDA:457,39,1,0
BRDA:457,40,0,0
BRDA:457,40,1,0
BRDA:457,41,0,0
BRDA:457,41,1,0
BRDA:458,42,0,0
BRDA:458,42,1,0
BRDA:458,43,0,0
BRDA:458,43,1,0
BRDA:458,44,0,0
BRDA:458,44,1,0
BRDA:462,45,0,0
BRDA:462,45,1,0
BRDA:462,46,0,0
BRDA:462,46,1,0
BRDA:462,47,0,0
BRDA:462,47,1,0
BRDA:463,48,0,0
BRDA:463,48,1,0
BRDA:463,48,2,0
BRDA:463,49,0,0
BRDA:463,49,1,0
BRDA:463,50,0,0
BRDA:463,50,1,0
BRDA:463,51,0,0
BRDA:463,51,1,0
BRDA:463,52,0,0
BRDA:463,52,1,0
BRDA:464,53,0,0
BRDA:464,53,1,0
BRDA:464,53,2,0
BRDA:464,54,0,0
BRDA:464,54,1,0
BRDA:464,55,0,0
BRDA:464,55,1,0
BRDA:464,56,0,0
BRDA:464,56,1,0
BRDA:464,57,0,0
BRDA:464,57,1,0
BRDA:465,58,0,0
BRDA:465,58,1,0
BRDA:465,58,2,0
BRDA:465,59,0,0
BRDA:465,59,1,0
BRDA:465,60,0,0
BRDA:465,60,1,0
BRDA:465,61,0,0
BRDA:465,61,1,0
BRDA:465,62,0,0
BRDA:465,62,1,0
BRDA:466,63,0,0
BRDA:466,63,1,0
BRDA:466,63,2,0
BRDA:466,64,0,0
BRDA:466,64,1,0
BRDA:466,65,0,0
BRDA:466,65,1,0
BRDA:466,66,0,0
BRDA:466,66,1,0
BRDA:466,67,0,0
BRDA:466,67,1,0
BRDA:467,68,0,0
BRDA:467,68,1,0
BRDA:467,68,2,0
BRDA:467,69,0,0
BRDA:467,69,1,0
BRDA:467,70,0,0
BRDA:467,70,1,0
BRDA:467,71,0,0
BRDA:467,71,1,0
BRDA:467,72,0,0
BRDA:467,72,1,0
BRDA:468,73,0,0
BRDA:468,73,1,0
BRDA:468,74,0,0
BRDA:468,74,1,0
BRDA:468,75,0,0
BRDA:468,75,1,0
BRDA:469,76,0,0
BRDA:469,76,1,0
BRDA:469,77,0,0
BRDA:469,77,1,0
BRDA:469,78,0,0
BRDA:469,78,1,0
BRDA:470,79,0,0
BRDA:470,79,1,0
BRDA:470,80,0,0
BRDA:470,80,1,0
BRDA:470,81,0,0
BRDA:470,81,1,0
BRDA:471,82,0,0
BRDA:471,82,1,0
BRDA:471,83,0,0
BRDA:471,83,1,0
BRDA:471,84,0,0
BRDA:471,84,1,0
BRDA:472,85,0,0
BRDA:472,85,1,0
BRDA:472,86,0,0
BRDA:472,86,1,0
BRDA:472,87,0,0
BRDA:472,87,1,0
BRDA:473,88,0,0
BRDA:473,88,1,0
BRDA:473,89,0,0
BRDA:473,89,1,0
BRDA:473,90,0,0
BRDA:473,90,1,0
BRDA:474,91,0,0
BRDA:474,91,1,0
BRDA:474,92,0,0
BRDA:474,92,1,0
BRDA:474,93,0,0
BRDA:474,93,1,0
BRDA:475,94,0,0
BRDA:475,94,1,0
BRDA:475,95,0,0
BRDA:475,95,1,0
BRDA:475,96,0,0
BRDA:475,96,1,0
BRDA:476,97,0,0
BRDA:476,97,1,0
BRDA:476,98,0,0
BRDA:476,98,1,0
BRDA:476,99,0,0
BRDA:476,99,1,0
BRDA:482,100,0,0
BRDA:482,100,1,0
BRDA:482,101,0,0
BRDA:482,101,1,0
BRDA:482,102,0,0
BRDA:482,102,1,0
BRDA:483,103,0,0
BRDA:483,103,1,0
BRDA:483,104,0,0
BRDA:483,104,1,0
BRDA:483,105,0,0
BRDA:483,105,1,0
BRF:213
BRH:0
end_of_record
TN:
SF:src\services\businessSettingsService.ts
FN:88,(anonymous_7)
FN:241,(anonymous_9)
FN:307,(anonymous_11)
FN:710,(anonymous_12)
FNF:4
FNH:0
FNDA:0,(anonymous_7)
FNDA:0,(anonymous_9)
FNDA:0,(anonymous_11)
FNDA:0,(anonymous_12)
DA:1,0
DA:68,0
DA:84,0
DA:89,0
DA:90,0
DA:93,0
DA:94,0
DA:99,0
DA:102,0
DA:103,0
DA:104,0
DA:109,0
DA:111,0
DA:112,0
DA:113,0
DA:116,0
DA:119,0
DA:120,0
DA:135,0
DA:136,0
DA:141,0
DA:143,0
DA:144,0
DA:149,0
DA:151,0
DA:153,0
DA:154,0
DA:162,0
DA:164,0
DA:166,0
DA:167,0
DA:172,0
DA:174,0
DA:175,0
DA:178,0
DA:179,0
DA:197,0
DA:198,0
DA:203,0
DA:205,0
DA:206,0
DA:211,0
DA:215,0
DA:216,0
DA:221,0
DA:223,0
DA:226,0
DA:228,0
DA:229,0
DA:231,0
DA:233,0
DA:234,0
DA:245,0
DA:246,0
DA:248,0
DA:249,0
DA:252,0
DA:257,0
DA:259,0
DA:261,0
DA:266,0
DA:267,0
DA:268,0
DA:271,0
DA:273,0
DA:274,0
DA:288,0
DA:289,0
DA:294,0
DA:299,0
DA:301,0
DA:307,0
DA:308,0
DA:312,0
DA:315,0
DA:316,0
DA:319,0
DA:323,0
DA:326,0
DA:333,0
DA:337,0
DA:340,0
DA:341,0
DA:342,0
DA:347,0
DA:348,0
DA:349,0
DA:356,0
DA:360,0
DA:363,0
DA:367,0
DA:368,0
DA:375,0
DA:376,0
DA:383,0
DA:384,0
DA:391,0
DA:392,0
DA:399,0
DA:400,0
DA:407,0
DA:408,0
DA:415,0
DA:416,0
DA:423,0
DA:424,0
DA:429,0
DA:430,0
DA:432,0
DA:439,0
DA:441,0
DA:449,0
DA:450,0
DA:451,0
DA:465,0
DA:472,0
DA:473,0
DA:477,0
DA:478,0
DA:483,0
DA:484,0
DA:486,0
DA:493,0
DA:495,0
DA:503,0
DA:504,0
DA:505,0
DA:516,0
DA:523,0
DA:524,0
DA:528,0
DA:529,0
DA:534,0
DA:535,0
DA:537,0
DA:544,0
DA:546,0
DA:554,0
DA:555,0
DA:556,0
DA:569,0
DA:576,0
DA:577,0
DA:581,0
DA:582,0
DA:587,0
DA:588,0
DA:590,0
DA:597,0
DA:599,0
DA:607,0
DA:608,0
DA:609,0
DA:620,0
DA:627,0
DA:628,0
DA:632,0
DA:633,0
DA:638,0
DA:639,0
DA:640,0
DA:648,0
DA:650,0
DA:655,0
DA:657,0
DA:668,0
DA:691,0
DA:694,0
DA:695,0
DA:700,0
DA:702,0
DA:703,0
DA:716,0
DA:726,0
DA:733,0
DA:740,0
DA:749,0
DA:757,0
DA:758,0
DA:759,0
DA:768,0
DA:769,0
DA:770,0
DA:771,0
DA:774,0
DA:775,0
DA:776,0
DA:777,0
DA:780,0
DA:781,0
DA:782,0
DA:783,0
DA:784,0
DA:785,0
DA:786,0
DA:787,0
DA:788,0
DA:789,0
DA:793,0
LF:199
LH:0
BRDA:90,0,0,0
BRDA:90,0,1,0
BRDA:102,1,0,0
BRDA:111,2,0,0
BRDA:130,3,0,0
BRDA:130,3,1,0
BRDA:143,4,0,0
BRDA:164,5,0,0
BRDA:164,6,0,0
BRDA:164,6,1,0
BRDA:164,7,0,0
BRDA:164,7,1,0
BRDA:174,8,0,0
BRDA:174,8,1,0
BRDA:205,9,0,0
BRDA:223,10,0,0
BRDA:223,10,1,0
BRDA:226,11,0,0
BRDA:226,11,1,0
BRDA:246,12,0,0
BRDA:246,12,1,0
BRDA:259,13,0,0
BRDA:266,14,0,0
BRDA:284,15,0,0
BRDA:284,15,1,0
BRDA:289,16,0,0
BRDA:289,16,1,0
BRDA:294,17,0,0
BRDA:294,18,0,0
BRDA:294,18,1,0
BRDA:294,18,2,0
BRDA:294,18,3,0
BRDA:294,18,4,0
BRDA:294,18,5,0
BRDA:294,18,6,0
BRDA:294,18,7,0
BRDA:294,18,8,0
BRDA:294,18,9,0
BRDA:294,18,10,0
BRDA:294,18,11,0
BRDA:294,18,12,0
BRDA:312,19,0,0
BRDA:312,19,1,0
BRDA:315,20,0,0
BRDA:315,21,0,0
BRDA:315,21,1,0
BRDA:347,22,0,0
BRDA:347,23,0,0
BRDA:347,23,1,0
BRDA:347,23,2,0
BRDA:367,24,0,0
BRDA:367,25,0,0
BRDA:367,25,1,0
BRDA:375,26,0,0
BRDA:375,27,0,0
BRDA:375,27,1,0
BRDA:383,28,0,0
BRDA:383,29,0,0
BRDA:383,29,1,0
BRDA:391,30,0,0
BRDA:391,31,0,0
BRDA:391,31,1,0
BRDA:399,32,0,0
BRDA:399,33,0,0
BRDA:399,33,1,0
BRDA:407,34,0,0
BRDA:407,35,0,0
BRDA:407,35,1,0
BRDA:415,36,0,0
BRDA:415,37,0,0
BRDA:415,37,1,0
BRDA:424,38,0,0
BRDA:424,38,1,0
BRDA:429,39,0,0
BRDA:439,40,0,0
BRDA:439,40,1,0
BRDA:473,41,0,0
BRDA:473,41,1,0
BRDA:478,42,0,0
BRDA:478,42,1,0
BRDA:483,43,0,0
BRDA:493,44,0,0
BRDA:493,44,1,0
BRDA:524,45,0,0
BRDA:524,45,1,0
BRDA:529,46,0,0
BRDA:529,46,1,0
BRDA:534,47,0,0
BRDA:544,48,0,0
BRDA:544,48,1,0
BRDA:577,49,0,0
BRDA:577,49,1,0
BRDA:582,50,0,0
BRDA:582,50,1,0
BRDA:587,51,0,0
BRDA:597,52,0,0
BRDA:597,52,1,0
BRDA:628,53,0,0
BRDA:628,53,1,0
BRDA:633,54,0,0
BRDA:633,54,1,0
BRDA:638,55,0,0
BRDA:648,56,0,0
BRDA:648,56,1,0
BRDA:648,57,0,0
BRDA:648,57,1,0
BRDA:648,58,0,0
BRDA:648,58,1,0
BRDA:655,59,0,0
BRDA:655,59,1,0
BRDA:695,60,0,0
BRDA:695,60,1,0
BRDA:758,61,0,0
BRDA:760,62,0,0
BRDA:760,62,1,0
BRDA:761,63,0,0
BRDA:761,63,1,0
BRDA:762,64,0,0
BRDA:762,64,1,0
BRDA:763,65,0,0
BRDA:763,65,1,0
BRDA:768,66,0,0
BRDA:768,66,1,0
BRDA:768,67,0,0
BRDA:768,67,1,0
BRDA:768,68,0,0
BRDA:768,68,1,0
BRDA:769,69,0,0
BRDA:769,69,1,0
BRDA:769,70,0,0
BRDA:769,70,1,0
BRDA:769,71,0,0
BRDA:769,71,1,0
BRDA:770,72,0,0
BRDA:770,72,1,0
BRDA:770,73,0,0
BRDA:770,73,1,0
BRDA:770,74,0,0
BRDA:770,74,1,0
BRDA:771,75,0,0
BRDA:771,75,1,0
BRDA:771,76,0,0
BRDA:771,76,1,0
BRDA:771,77,0,0
BRDA:771,77,1,0
BRDA:775,78,0,0
BRDA:775,78,1,0
BRDA:775,79,0,0
BRDA:775,79,1,0
BRDA:776,80,0,0
BRDA:776,80,1,0
BRDA:776,81,0,0
BRDA:776,81,1,0
BRDA:777,82,0,0
BRDA:777,82,1,0
BRDA:777,83,0,0
BRDA:777,83,1,0
BRDA:781,84,0,0
BRDA:781,84,1,0
BRDA:781,85,0,0
BRDA:781,85,1,0
BRDA:781,86,0,0
BRDA:781,86,1,0
BRDA:784,87,0,0
BRDA:784,87,1,0
BRDA:784,88,0,0
BRDA:784,88,1,0
BRDA:784,89,0,0
BRDA:784,89,1,0
BRDA:787,90,0,0
BRDA:787,91,0,0
BRDA:787,91,1,0
BRDA:787,92,0,0
BRDA:787,92,1,0
BRDA:794,93,0,0
BRDA:794,93,1,0
BRDA:794,94,0,0
BRDA:794,94,1,0
BRDA:794,95,0,0
BRDA:794,95,1,0
BRDA:795,96,0,0
BRDA:795,96,1,0
BRDA:795,96,2,0
BRDA:795,97,0,0
BRDA:795,97,1,0
BRDA:795,98,0,0
BRDA:795,98,1,0
BRDA:795,99,0,0
BRDA:795,99,1,0
BRDA:795,100,0,0
BRDA:795,100,1,0
BRDA:798,101,0,0
BRDA:798,101,1,0
BRDA:798,101,2,0
BRDA:798,102,0,0
BRDA:798,102,1,0
BRDA:798,103,0,0
BRDA:798,103,1,0
BRDA:798,104,0,0
BRDA:798,104,1,0
BRDA:798,105,0,0
BRDA:798,105,1,0
BRDA:799,106,0,0
BRDA:799,106,1,0
BRDA:799,106,2,0
BRDA:799,107,0,0
BRDA:799,107,1,0
BRDA:799,108,0,0
BRDA:799,108,1,0
BRDA:799,109,0,0
BRDA:799,109,1,0
BRDA:799,110,0,0
BRDA:799,110,1,0
BRDA:800,111,0,0
BRDA:800,111,1,0
BRDA:800,112,0,0
BRDA:800,112,1,0
BRDA:800,113,0,0
BRDA:800,113,1,0
BRDA:801,114,0,0
BRDA:801,114,1,0
BRDA:801,115,0,0
BRDA:801,115,1,0
BRDA:801,116,0,0
BRDA:801,116,1,0
BRDA:802,117,0,0
BRDA:802,117,1,0
BRDA:802,118,0,0
BRDA:802,118,1,0
BRDA:802,119,0,0
BRDA:802,119,1,0
BRDA:803,120,0,0
BRDA:803,120,1,0
BRDA:803,121,0,0
BRDA:803,121,1,0
BRDA:803,122,0,0
BRDA:803,122,1,0
BRDA:804,123,0,0
BRDA:804,123,1,0
BRDA:804,124,0,0
BRDA:804,124,1,0
BRDA:804,125,0,0
BRDA:804,125,1,0
BRDA:805,126,0,0
BRDA:805,126,1,0
BRDA:805,127,0,0
BRDA:805,127,1,0
BRDA:805,128,0,0
BRDA:805,128,1,0
BRDA:806,129,0,0
BRDA:806,129,1,0
BRDA:806,130,0,0
BRDA:806,130,1,0
BRDA:806,131,0,0
BRDA:806,131,1,0
BRDA:807,132,0,0
BRDA:807,132,1,0
BRDA:807,133,0,0
BRDA:807,133,1,0
BRDA:807,134,0,0
BRDA:807,134,1,0
BRDA:808,135,0,0
BRDA:808,135,1,0
BRDA:808,136,0,0
BRDA:808,136,1,0
BRDA:808,137,0,0
BRDA:808,137,1,0
BRDA:814,138,0,0
BRDA:814,138,1,0
BRDA:814,139,0,0
BRDA:814,139,1,0
BRDA:814,140,0,0
BRDA:814,140,1,0
BRDA:815,141,0,0
BRDA:815,141,1,0
BRDA:815,142,0,0
BRDA:815,142,1,0
BRDA:815,143,0,0
BRDA:815,143,1,0
BRF:279
BRH:0
end_of_record
TN:
SF:src\services\currencyService.ts
FN:26,(anonymous_0)
FN:31,(anonymous_1)
FN:44,(anonymous_2)
FN:52,(anonymous_3)
FN:56,(anonymous_4)
FN:17,(anonymous_5)
FNF:6
FNH:0
FNDA:0,(anonymous_0)
FNDA:0,(anonymous_1)
FNDA:0,(anonymous_2)
FNDA:0,(anonymous_3)
FNDA:0,(anonymous_4)
FNDA:0,(anonymous_5)
DA:2,0
DA:5,0
DA:14,0
DA:15,0
DA:18,0
DA:22,0
DA:28,0
DA:32,0
DA:34,0
DA:35,0
DA:38,0
DA:39,0
DA:41,0
DA:45,0
DA:53,0
DA:58,0
DA:71,0
LF:17
LH:0
BRDA:32,0,0,0
BRDA:71,1,0,0
BRDA:71,1,1,0
BRF:3
BRH:0
end_of_record
TN:
SF:src\services\customerSettingsService.ts
FN:59,(anonymous_7)
FN:110,(anonymous_9)
FN:165,(anonymous_11)
FN:279,(anonymous_12)
FNF:4
FNH:0
FNDA:0,(anonymous_7)
FNDA:0,(anonymous_9)
FNDA:0,(anonymous_11)
FNDA:0,(anonymous_12)
DA:1,0
DA:2,0
DA:39,0
DA:55,0
DA:60,0
DA:61,0
DA:64,0
DA:69,0
DA:71,0
DA:76,0
DA:77,0
DA:80,0
DA:81,0
DA:83,0
DA:88,0
DA:89,0
DA:90,0
DA:94,0
DA:97,0
DA:100,0
DA:102,0
DA:103,0
DA:114,0
DA:115,0
DA:116,0
DA:117,0
DA:120,0
DA:125,0
DA:127,0
DA:132,0
DA:133,0
DA:136,0
DA:141,0
DA:142,0
DA:143,0
DA:145,0
DA:149,0
DA:150,0
DA:155,0
DA:156,0
DA:165,0
DA:166,0
DA:168,0
DA:169,0
DA:172,0
DA:173,0
DA:183,0
DA:187,0
DA:188,0
DA:196,0
DA:200,0
DA:205,0
DA:212,0
DA:213,0
DA:223,0
DA:225,0
DA:226,0
DA:231,0
DA:232,0
DA:233,0
DA:234,0
DA:236,0
DA:242,0
DA:244,0
DA:245,0
DA:250,0
DA:251,0
DA:252,0
DA:253,0
DA:255,0
DA:261,0
DA:263,0
DA:264,0
DA:269,0
DA:271,0
DA:272,0
DA:281,0
DA:291,0
DA:299,0
DA:300,0
DA:301,0
DA:303,0
DA:304,0
DA:306,0
DA:309,0
DA:314,0
DA:315,0
DA:316,0
DA:318,0
DA:319,0
DA:321,0
DA:324,0
DA:328,0
LF:93
LH:0
BRDA:61,0,0,0
BRDA:61,0,1,0
BRDA:69,1,0,0
BRDA:76,2,0,0
BRDA:81,3,0,0
BRDA:88,4,0,0
BRDA:115,5,0,0
BRDA:115,5,1,0
BRDA:125,6,0,0
BRDA:132,7,0,0
BRDA:132,7,1,0
BRDA:141,8,0,0
BRDA:141,8,1,0
BRDA:168,9,0,0
BRDA:172,10,0,0
BRDA:187,11,0,0
BRDA:205,12,0,0
BRDA:206,13,0,0
BRDA:206,13,1,0
BRDA:206,13,2,0
BRDA:206,13,3,0
BRDA:206,13,4,0
BRDA:219,14,0,0
BRDA:219,14,1,0
BRDA:226,15,0,0
BRDA:226,15,1,0
BRDA:231,16,0,0
BRDA:245,17,0,0
BRDA:245,17,1,0
BRDA:250,18,0,0
BRDA:264,19,0,0
BRDA:264,19,1,0
BRDA:300,20,0,0
BRDA:303,21,0,0
BRDA:303,21,1,0
BRDA:315,22,0,0
BRDA:318,23,0,0
BRDA:318,23,1,0
BRDA:333,24,0,0
BRDA:333,24,1,0
BRDA:334,25,0,0
BRDA:334,25,1,0
BRDA:335,26,0,0
BRDA:335,26,1,0
BRDA:336,27,0,0
BRDA:336,27,1,0
BRDA:337,28,0,0
BRDA:337,28,1,0
BRDA:338,29,0,0
BRDA:338,29,1,0
BRDA:341,30,0,0
BRDA:341,30,1,0
BRDA:342,31,0,0
BRDA:342,31,1,0
BRF:54
BRH:0
end_of_record
TN:
SF:src\services\feedbackService.ts
FN:28,(anonymous_7)
FN:55,(anonymous_9)
FN:82,(anonymous_11)
FN:111,(anonymous_13)
FN:111,(anonymous_14)
FN:126,(anonymous_15)
FN:141,(anonymous_17)
FNF:7
FNH:0
FNDA:0,(anonymous_7)
FNDA:0,(anonymous_9)
FNDA:0,(anonymous_11)
FNDA:0,(anonymous_13)
FNDA:0,(anonymous_14)
FNDA:0,(anonymous_15)
FNDA:0,(anonymous_17)
DA:2,0
DA:27,0
DA:36,0
DA:38,0
DA:40,0
DA:45,0
DA:47,0
DA:48,0
DA:62,0
DA:64,0
DA:66,0
DA:71,0
DA:73,0
DA:74,0
DA:95,0
DA:97,0
DA:103,0
DA:104,0
DA:106,0
DA:107,0
DA:111,0
DA:112,0
DA:113,0
DA:115,0
DA:116,0
DA:119,0
DA:121,0
DA:122,0
DA:127,0
DA:128,0
DA:130,0
DA:131,0
DA:134,0
DA:136,0
DA:137,0
DA:142,0
DA:143,0
DA:145,0
DA:146,0
DA:149,0
DA:151,0
DA:152,0
DA:157,0
LF:43
LH:0
BRDA:38,0,0,0
BRDA:38,0,1,0
BRDA:64,1,0,0
BRDA:64,1,1,0
BRDA:111,2,0,0
BRDA:115,3,0,0
BRDA:116,4,0,0
BRDA:116,4,1,0
BRDA:130,5,0,0
BRDA:131,6,0,0
BRDA:131,6,1,0
BRDA:145,7,0,0
BRDA:146,8,0,0
BRDA:146,8,1,0
BRF:14
BRH:0
end_of_record
TN:
SF:src\services\healthService.ts
FN:23,getHealthStatus
FN:94,(anonymous_9)
FN:114,recordHealthCheck
FNF:3
FNH:0
FNDA:0,getHealthStatus
FNDA:0,(anonymous_9)
FNDA:0,recordHealthCheck
DA:1,0
DA:2,0
DA:23,0
DA:24,0
DA:25,0
DA:26,0
DA:29,0
DA:30,0
DA:31,0
DA:32,0
DA:34,0
DA:38,0
DA:41,0
DA:45,0
DA:49,0
DA:50,0
DA:51,0
DA:53,0
DA:54,0
DA:63,0
DA:65,0
DA:75,0
DA:79,0
DA:83,0
DA:93,0
DA:94,0
DA:95,0
DA:100,0
DA:101,0
DA:108,0
DA:115,0
DA:117,0
DA:128,0
DA:141,0
DA:150,0
DA:154,0
LF:36
LH:0
BRDA:31,0,0,0
BRDA:31,0,1,0
BRDA:31,1,0,0
BRDA:31,1,1,0
BRDA:31,1,2,0
BRDA:43,2,0,0
BRDA:43,2,1,0
BRDA:53,3,0,0
BRDA:53,3,1,0
BRDA:63,4,0,0
BRDA:77,5,0,0
BRDA:77,5,1,0
BRDA:79,6,0,0
BRDA:85,7,0,0
BRDA:85,7,1,0
BRDA:93,8,0,0
BRF:16
BRH:0
end_of_record
TN:
SF:src\services\mockDataService.ts
FN:42,getMockBusinessAnalytics
FN:118,getMockAdminAnalytics
FNF:2
FNH:0
FNDA:0,getMockBusinessAnalytics
FNDA:0,getMockAdminAnalytics
DA:15,0
DA:42,0
DA:47,0
DA:110,0
DA:118,0
DA:119,0
LF:6
LH:0
BRF:0
BRH:0
end_of_record
TN:
SF:src\services\notificationService.ts
FN:47,(anonymous_7)
FN:95,(anonymous_9)
FN:96,(anonymous_10)
FN:103,(anonymous_11)
FN:104,(anonymous_12)
FN:116,(anonymous_13)
FN:121,(anonymous_15)
FN:125,(anonymous_16)
FN:130,(anonymous_17)
FN:153,(anonymous_18)
FN:157,(anonymous_20)
FN:171,(anonymous_21)
FN:185,(anonymous_23)
FN:200,(anonymous_25)
FN:253,(anonymous_27)
FN:277,(anonymous_29)
FN:294,(anonymous_31)
FN:323,(anonymous_33)
FN:383,(anonymous_34)
FN:411,(anonymous_36)
FN:417,(anonymous_38)
FN:438,(anonymous_39)
FNF:22
FNH:0
FNDA:0,(anonymous_7)
FNDA:0,(anonymous_9)
FNDA:0,(anonymous_10)
FNDA:0,(anonymous_11)
FNDA:0,(anonymous_12)
FNDA:0,(anonymous_13)
FNDA:0,(anonymous_15)
FNDA:0,(anonymous_16)
FNDA:0,(anonymous_17)
FNDA:0,(anonymous_18)
FNDA:0,(anonymous_20)
FNDA:0,(anonymous_21)
FNDA:0,(anonymous_23)
FNDA:0,(anonymous_25)
FNDA:0,(anonymous_27)
FNDA:0,(anonymous_29)
FNDA:0,(anonymous_31)
FNDA:0,(anonymous_33)
FNDA:0,(anonymous_34)
FNDA:0,(anonymous_36)
FNDA:0,(anonymous_38)
FNDA:0,(anonymous_39)
DA:19,0
DA:20,0
DA:42,0
DA:43,0
DA:45,0
DA:54,0
DA:56,0
DA:68,0
DA:71,0
DA:74,0
DA:75,0
DA:78,0
DA:79,0
DA:82,0
DA:83,0
DA:86,0
DA:88,0
DA:96,0
DA:100,0
DA:102,0
DA:103,0
DA:104,0
DA:107,0
DA:109,0
DA:119,0
DA:120,0
DA:121,0
DA:124,0
DA:125,0
DA:128,0
DA:130,0
DA:131,0
DA:134,0
DA:142,0
DA:156,0
DA:157,0
DA:158,0
DA:159,0
DA:160,0
DA:162,0
DA:164,0
DA:174,0
DA:176,0
DA:182,0
DA:188,0
DA:189,0
DA:190,0
DA:192,0
DA:208,0
DA:209,0
DA:210,0
DA:211,0
DA:213,0
DA:214,0
DA:215,0
DA:216,0
DA:218,0
DA:219,0
DA:220,0
DA:224,0
DA:232,0
DA:240,0
DA:245,0
DA:261,0
DA:264,0
DA:265,0
DA:272,0
DA:283,0
DA:286,0
DA:291,0
DA:299,0
DA:301,0
DA:303,0
DA:304,0
DA:305,0
DA:310,0
DA:313,0
DA:315,0
DA:318,0
DA:328,0
DA:329,0
DA:330,0
DA:331,0
DA:332,0
DA:333,0
DA:335,0
DA:387,0
DA:388,0
DA:389,0
DA:393,0
DA:394,0
DA:397,0
DA:399,0
DA:415,0
DA:416,0
DA:417,0
DA:420,0
DA:422,0
DA:445,0
DA:450,0
DA:451,0
DA:452,0
DA:453,0
DA:457,0
DA:458,0
DA:459,0
DA:463,0
DA:471,0
DA:473,0
LF:109
LH:0
BRDA:74,0,0,0
BRDA:74,1,0,0
BRDA:74,1,1,0
BRDA:78,2,0,0
BRDA:78,3,0,0
BRDA:78,3,1,0
BRDA:82,4,0,0
BRDA:82,5,0,0
BRDA:82,5,1,0
BRDA:90,6,0,0
BRDA:90,6,1,0
BRDA:97,7,0,0
BRDA:98,8,0,0
BRDA:111,9,0,0
BRDA:111,9,1,0
BRDA:131,10,0,0
BRDA:131,10,1,0
BRDA:148,11,0,0
BRDA:148,11,1,0
BRDA:158,12,0,0
BRDA:166,13,0,0
BRDA:166,13,1,0
BRDA:174,14,0,0
BRDA:194,15,0,0
BRDA:194,15,1,0
BRDA:213,16,0,0
BRDA:213,16,1,0
BRDA:219,17,0,0
BRDA:219,17,1,0
BRDA:247,18,0,0
BRDA:247,18,1,0
BRDA:264,19,0,0
BRDA:264,20,0,0
BRDA:264,20,1,0
BRDA:264,20,2,0
BRDA:286,21,0,0
BRDA:286,21,1,0
BRDA:301,22,0,0
BRDA:301,22,1,0
BRDA:303,23,0,0
BRDA:329,24,0,0
BRDA:329,24,1,0
BRDA:330,25,0,0
BRDA:330,25,1,0
BRDA:331,26,0,0
BRDA:331,26,1,0
BRDA:362,27,0,0
BRDA:362,27,1,0
BRDA:388,28,0,0
BRDA:393,29,0,0
BRDA:401,30,0,0
BRDA:401,30,1,0
BRDA:416,31,0,0
BRDA:424,32,0,0
BRDA:424,32,1,0
BRDA:450,33,0,0
BRDA:450,33,1,0
BRDA:453,34,0,0
BRDA:453,34,1,0
BRDA:459,35,0,0
BRDA:459,35,1,0
BRDA:459,36,0,0
BRDA:459,36,1,0
BRDA:459,37,0,0
BRDA:459,37,1,0
BRDA:475,38,0,0
BRDA:475,38,1,0
BRF:67
BRH:0
end_of_record
TN:
SF:src\services\pageService.ts
FN:16,ensurePagesTableExists
FN:45,ensureDefaultPages
FN:128,getAllPages
FN:145,getPageById
FN:164,getPageBySlug
FN:183,createPage
FN:205,updatePage
FN:256,deletePage
FN:282,formatPage
FNF:9
FNH:0
FNDA:0,ensurePagesTableExists
FNDA:0,ensureDefaultPages
FNDA:0,getAllPages
FNDA:0,getPageById
FNDA:0,getPageBySlug
FNDA:0,createPage
FNDA:0,updatePage
FNDA:0,deletePage
FNDA:0,formatPage
DA:1,0
DA:16,0
DA:17,0
DA:18,0
DA:20,0
DA:34,0
DA:37,0
DA:39,0
DA:40,0
DA:46,0
DA:47,0
DA:49,0
DA:93,0
DA:94,0
DA:98,0
DA:101,0
DA:102,0
DA:104,0
DA:105,0
DA:106,0
DA:107,0
DA:111,0
DA:113,0
DA:117,0
DA:119,0
DA:122,0
DA:123,0
DA:128,0
DA:129,0
DA:130,0
DA:131,0
DA:136,0
DA:137,0
DA:139,0
DA:140,0
DA:145,0
DA:146,0
DA:147,0
DA:152,0
DA:153,0
DA:156,0
DA:158,0
DA:159,0
DA:164,0
DA:165,0
DA:166,0
DA:171,0
DA:172,0
DA:175,0
DA:177,0
DA:178,0
DA:183,0
DA:184,0
DA:186,0
DA:187,0
DA:188,0
DA:191,0
DA:197,0
DA:199,0
DA:200,0
DA:205,0
DA:206,0
DA:208,0
DA:209,0
DA:210,0
DA:214,0
DA:215,0
DA:216,0
DA:217,0
DA:222,0
DA:223,0
DA:224,0
DA:225,0
DA:226,0
DA:227,0
DA:230,0
DA:244,0
DA:245,0
DA:248,0
DA:250,0
DA:251,0
DA:256,0
DA:257,0
DA:259,0
DA:260,0
DA:261,0
DA:264,0
DA:265,0
DA:268,0
DA:274,0
DA:276,0
DA:277,0
DA:283,0
LF:93
LH:0
BRDA:101,0,0,0
BRDA:101,0,1,0
BRDA:152,1,0,0
BRDA:171,2,0,0
BRDA:187,3,0,0
BRDA:209,4,0,0
BRDA:214,5,0,0
BRDA:214,6,0,0
BRDA:214,6,1,0
BRDA:216,7,0,0
BRDA:216,8,0,0
BRDA:216,8,1,0
BRDA:222,9,0,0
BRDA:222,9,1,0
BRDA:223,10,0,0
BRDA:223,10,1,0
BRDA:224,11,0,0
BRDA:224,11,1,0
BRDA:225,12,0,0
BRDA:225,12,1,0
BRDA:226,13,0,0
BRDA:226,13,1,0
BRDA:227,14,0,0
BRDA:227,14,1,0
BRDA:244,15,0,0
BRDA:260,16,0,0
BRDA:264,17,0,0
BRF:27
BRH:0
end_of_record
TN:
SF:src\services\qrCodeStorageService.ts
FN:67,(anonymous_7)
FN:184,(anonymous_9)
FN:201,(anonymous_11)
FN:226,(anonymous_12)
FN:254,(anonymous_13)
FN:302,(anonymous_14)
FN:325,(anonymous_16)
FN:335,(anonymous_17)
FN:377,(anonymous_19)
FN:378,(anonymous_20)
FN:465,(anonymous_21)
FN:516,(anonymous_23)
FN:598,(anonymous_25)
FN:731,(anonymous_27)
FN:831,(anonymous_29)
FNF:15
FNH:0
FNDA:0,(anonymous_7)
FNDA:0,(anonymous_9)
FNDA:0,(anonymous_11)
FNDA:0,(anonymous_12)
FNDA:0,(anonymous_13)
FNDA:0,(anonymous_14)
FNDA:0,(anonymous_16)
FNDA:0,(anonymous_17)
FNDA:0,(anonymous_19)
FNDA:0,(anonymous_20)
FNDA:0,(anonymous_21)
FNDA:0,(anonymous_23)
FNDA:0,(anonymous_25)
FNDA:0,(anonymous_27)
FNDA:0,(anonymous_29)
DA:1,0
DA:2,0
DA:60,0
DA:61,0
DA:62,0
DA:68,0
DA:70,0
DA:71,0
DA:72,0
DA:73,0
DA:77,0
DA:79,0
DA:81,0
DA:82,0
DA:85,0
DA:88,0
DA:91,0
DA:94,0
DA:95,0
DA:96,0
DA:99,0
DA:100,0
DA:101,0
DA:104,0
DA:105,0
DA:106,0
DA:110,0
DA:143,0
DA:145,0
DA:146,0
DA:156,0
DA:158,0
DA:159,0
DA:162,0
DA:163,0
DA:164,0
DA:168,0
DA:169,0
DA:170,0
DA:173,0
DA:174,0
DA:175,0
DA:177,0
DA:185,0
DA:186,0
DA:191,0
DA:193,0
DA:194,0
DA:203,0
DA:204,0
DA:207,0
DA:208,0
DA:209,0
DA:211,0
DA:212,0
DA:215,0
DA:216,0
DA:220,0
DA:227,0
DA:229,0
DA:232,0
DA:233,0
DA:236,0
DA:237,0
DA:238,0
DA:239,0
DA:240,0
DA:244,0
DA:246,0
DA:247,0
DA:255,0
DA:256,0
DA:259,0
DA:261,0
DA:262,0
DA:263,0
DA:266,0
DA:267,0
DA:268,0
DA:272,0
DA:273,0
DA:274,0
DA:275,0
DA:276,0
DA:280,0
DA:281,0
DA:283,0
DA:284,0
DA:285,0
DA:286,0
DA:287,0
DA:290,0
DA:292,0
DA:294,0
DA:295,0
DA:303,0
DA:305,0
DA:308,0
DA:310,0
DA:318,0
DA:325,0
DA:327,0
DA:328,0
DA:336,0
DA:338,0
DA:339,0
DA:340,0
DA:341,0
DA:345,0
DA:348,0
DA:356,0
DA:357,0
DA:364,0
DA:367,0
DA:369,0
DA:370,0
DA:378,0
DA:390,0
DA:392,0
DA:393,0
DA:395,0
DA:411,0
DA:412,0
DA:415,0
DA:442,0
DA:443,0
DA:447,0
DA:448,0
DA:455,0
DA:457,0
DA:458,0
DA:470,0
DA:472,0
DA:475,0
DA:477,0
DA:479,0
DA:490,0
DA:498,0
DA:508,0
DA:509,0
DA:517,0
DA:518,0
DA:520,0
DA:521,0
DA:522,0
DA:526,0
DA:528,0
DA:530,0
DA:535,0
DA:536,0
DA:537,0
DA:538,0
DA:541,0
DA:542,0
DA:543,0
DA:544,0
DA:548,0
DA:558,0
DA:560,0
DA:575,0
DA:576,0
DA:578,0
DA:579,0
DA:580,0
DA:583,0
DA:584,0
DA:587,0
DA:588,0
DA:589,0
DA:591,0
DA:599,0
DA:600,0
DA:602,0
DA:603,0
DA:604,0
DA:608,0
DA:610,0
DA:612,0
DA:617,0
DA:618,0
DA:619,0
DA:620,0
DA:624,0
DA:625,0
DA:626,0
DA:627,0
DA:631,0
DA:632,0
DA:633,0
DA:636,0
DA:640,0
DA:647,0
DA:680,0
DA:681,0
DA:682,0
DA:683,0
DA:687,0
DA:696,0
DA:711,0
DA:713,0
DA:715,0
DA:716,0
DA:719,0
DA:720,0
DA:721,0
DA:722,0
DA:724,0
DA:732,0
DA:733,0
DA:735,0
DA:736,0
DA:737,0
DA:741,0
DA:743,0
DA:745,0
DA:751,0
DA:752,0
DA:753,0
DA:754,0
DA:758,0
DA:759,0
DA:760,0
DA:761,0
DA:764,0
DA:765,0
DA:766,0
DA:767,0
DA:771,0
DA:772,0
DA:774,0
DA:775,0
DA:776,0
DA:777,0
DA:781,0
DA:789,0
DA:791,0
DA:806,0
DA:808,0
DA:809,0
DA:811,0
DA:812,0
DA:813,0
DA:816,0
DA:817,0
DA:820,0
DA:821,0
DA:822,0
DA:824,0
DA:832,0
DA:833,0
DA:843,0
DA:845,0
DA:846,0
LF:253
LH:0
BRDA:71,0,0,0
BRDA:81,1,0,0
BRDA:81,1,1,0
BRDA:82,2,0,0
BRDA:82,2,1,0
BRDA:82,3,0,0
BRDA:82,3,1,0
BRDA:94,4,0,0
BRDA:94,5,0,0
BRDA:94,5,1,0
BRDA:99,6,0,0
BRDA:99,7,0,0
BRDA:99,7,1,0
BRDA:99,7,2,0
BRDA:104,8,0,0
BRDA:134,9,0,0
BRDA:134,9,1,0
BRDA:138,10,0,0
BRDA:138,10,1,0
BRDA:139,11,0,0
BRDA:139,11,1,0
BRDA:143,12,0,0
BRDA:143,12,1,0
BRDA:143,13,0,0
BRDA:143,13,1,0
BRDA:145,14,0,0
BRDA:174,15,0,0
BRDA:191,16,0,0
BRDA:191,16,1,0
BRDA:207,17,0,0
BRDA:207,17,1,0
BRDA:207,18,0,0
BRDA:207,18,1,0
BRDA:207,18,2,0
BRDA:229,19,0,0
BRDA:229,19,1,0
BRDA:255,20,0,0
BRDA:255,21,0,0
BRDA:255,21,1,0
BRDA:255,21,2,0
BRDA:262,22,0,0
BRDA:267,23,0,0
BRDA:274,24,0,0
BRDA:280,25,0,0
BRDA:280,25,1,0
BRDA:305,26,0,0
BRDA:305,26,1,0
BRDA:308,27,0,0
BRDA:308,27,1,0
BRDA:339,28,0,0
BRDA:345,29,0,0
BRDA:345,29,1,0
BRDA:356,30,0,0
BRDA:364,31,0,0
BRDA:364,31,1,0
BRDA:381,32,0,0
BRDA:393,33,0,0
BRDA:411,34,0,0
BRDA:411,34,1,0
BRDA:412,35,0,0
BRDA:412,35,1,0
BRDA:432,36,0,0
BRDA:432,36,1,0
BRDA:433,37,0,0
BRDA:433,37,1,0
BRDA:434,38,0,0
BRDA:434,38,1,0
BRDA:435,39,0,0
BRDA:435,39,1,0
BRDA:437,40,0,0
BRDA:437,40,1,0
BRDA:438,41,0,0
BRDA:438,41,1,0
BRDA:439,42,0,0
BRDA:439,42,1,0
BRDA:442,43,0,0
BRDA:447,44,0,0
BRDA:472,45,0,0
BRDA:472,45,1,0
BRDA:477,46,0,0
BRDA:477,46,1,0
BRDA:484,47,0,0
BRDA:484,47,1,0
BRDA:485,48,0,0
BRDA:485,48,1,0
BRDA:493,49,0,0
BRDA:493,49,1,0
BRDA:501,50,0,0
BRDA:501,50,1,0
BRDA:518,51,0,0
BRDA:518,51,1,0
BRDA:520,52,0,0
BRDA:520,53,0,0
BRDA:520,53,1,0
BRDA:535,54,0,0
BRDA:541,55,0,0
BRDA:556,56,0,0
BRDA:556,56,1,0
BRDA:558,57,0,0
BRDA:558,57,1,0
BRDA:558,58,0,0
BRDA:558,58,1,0
BRDA:572,59,0,0
BRDA:572,59,1,0
BRDA:588,60,0,0
BRDA:600,61,0,0
BRDA:600,61,1,0
BRDA:602,62,0,0
BRDA:602,63,0,0
BRDA:602,63,1,0
BRDA:617,64,0,0
BRDA:617,65,0,0
BRDA:617,65,1,0
BRDA:624,66,0,0
BRDA:636,67,0,0
BRDA:636,67,1,0
BRDA:640,68,0,0
BRDA:640,68,1,0
BRDA:641,69,0,0
BRDA:641,69,1,0
BRDA:671,70,0,0
BRDA:671,70,1,0
BRDA:676,71,0,0
BRDA:676,71,1,0
BRDA:680,72,0,0
BRDA:680,73,0,0
BRDA:680,73,1,0
BRDA:720,74,0,0
BRDA:733,75,0,0
BRDA:733,75,1,0
BRDA:735,76,0,0
BRDA:735,77,0,0
BRDA:735,77,1,0
BRDA:751,78,0,0
BRDA:758,79,0,0
BRDA:764,80,0,0
BRDA:774,81,0,0
BRDA:789,82,0,0
BRDA:789,82,1,0
BRDA:789,83,0,0
BRDA:789,83,1,0
BRDA:821,84,0,0
BRDA:843,85,0,0
BRDA:843,85,1,0
BRDA:61,86,0,0
BRDA:61,86,1,0
BRF:146
BRH:0
end_of_record
TN:
SF:src\services\queryUtilities.ts
FN:13,withRetry
FN:13,(anonymous_8)
FN:38,(anonymous_9)
FN:49,executeWithFallback
FN:65,executeQueriesInParallel
FN:72,validateAnalyticsInputs
FN:87,fetchBusinessMetrics
FN:88,(anonymous_16)
FN:109,fetchPlatformMetrics
FN:110,(anonymous_18)
FN:129,mapSqlRowsToObjects
FNF:11
FNH:0
FNDA:0,withRetry
FNDA:0,(anonymous_8)
FNDA:0,(anonymous_9)
FNDA:0,executeWithFallback
FNDA:0,executeQueriesInParallel
FNDA:0,validateAnalyticsInputs
FNDA:0,fetchBusinessMetrics
FNDA:0,(anonymous_16)
FNDA:0,fetchPlatformMetrics
FNDA:0,(anonymous_18)
FNDA:0,mapSqlRowsToObjects
DA:1,0
DA:2,0
DA:13,0
DA:14,0
DA:15,0
DA:16,0
DA:17,0
DA:19,0
DA:20,0
DA:23,0
DA:30,0
DA:31,0
DA:32,0
DA:35,0
DA:36,0
DA:37,0
DA:38,0
DA:43,0
DA:49,0
DA:54,0
DA:55,0
DA:57,0
DA:58,0
DA:65,0
DA:66,0
DA:72,0
DA:77,0
DA:78,0
DA:79,0
DA:81,0
DA:87,0
DA:88,0
DA:96,0
DA:109,0
DA:110,0
DA:117,0
DA:129,0
DA:133,0
DA:139,0
LF:39
LH:0
BRDA:13,0,0,0
BRDA:23,1,0,0
BRDA:23,1,1,0
BRDA:23,1,2,0
BRDA:23,1,3,0
BRDA:23,1,4,0
BRDA:23,1,5,0
BRDA:30,2,0,0
BRDA:35,3,0,0
BRDA:43,4,0,0
BRDA:43,4,1,0
BRDA:77,5,0,0
BRDA:77,5,1,0
BRDA:78,6,0,0
BRDA:78,6,1,0
BRDA:79,7,0,0
BRDA:79,7,1,0
BRDA:92,8,0,0
BRDA:93,9,0,0
BRDA:102,10,0,0
BRDA:102,10,1,0
BRDA:113,11,0,0
BRDA:114,12,0,0
BRDA:122,13,0,0
BRDA:122,13,1,0
BRF:25
BRH:0
end_of_record
TN:
SF:src\services\userSettingsService.ts
FN:25,(anonymous_7)
FN:80,(anonymous_9)
FN:134,(anonymous_11)
FN:177,(anonymous_12)
FN:205,(anonymous_14)
FNF:5
FNH:0
FNDA:0,(anonymous_7)
FNDA:0,(anonymous_9)
FNDA:0,(anonymous_11)
FNDA:0,(anonymous_12)
FNDA:0,(anonymous_14)
DA:1,0
DA:21,0
DA:26,0
DA:27,0
DA:30,0
DA:35,0
DA:36,0
DA:37,0
DA:40,0
DA:43,0
DA:72,0
DA:73,0
DA:84,0
DA:85,0
DA:88,0
DA:93,0
DA:94,0
DA:95,0
DA:99,0
DA:105,0
DA:117,0
DA:118,0
DA:127,0
DA:128,0
DA:134,0
DA:135,0
DA:138,0
DA:139,0
DA:147,0
DA:157,0
DA:167,0
DA:169,0
DA:170,0
DA:182,0
DA:183,0
DA:186,0
DA:191,0
DA:192,0
DA:193,0
DA:196,0
DA:199,0
DA:200,0
DA:201,0
DA:205,0
DA:208,0
DA:210,0
DA:211,0
DA:212,0
DA:216,0
DA:219,0
DA:226,0
DA:228,0
DA:229,0
LF:53
LH:0
BRDA:27,0,0,0
BRDA:27,0,1,0
BRDA:35,1,0,0
BRDA:45,2,0,0
BRDA:45,2,1,0
BRDA:46,3,0,0
BRDA:46,3,1,0
BRDA:47,4,0,0
BRDA:47,4,1,0
BRDA:48,5,0,0
BRDA:48,5,1,0
BRDA:49,6,0,0
BRDA:49,6,1,0
BRDA:51,7,0,0
BRDA:51,7,1,0
BRDA:52,8,0,0
BRDA:52,8,1,0
BRDA:64,9,0,0
BRDA:64,9,1,0
BRDA:67,10,0,0
BRDA:67,10,1,0
BRDA:85,11,0,0
BRDA:85,11,1,0
BRDA:93,12,0,0
BRDA:99,13,0,0
BRDA:100,14,0,0
BRDA:100,14,1,0
BRDA:100,14,2,0
BRDA:100,14,3,0
BRDA:117,15,0,0
BRDA:127,16,0,0
BRDA:138,17,0,0
BRDA:138,17,1,0
BRDA:183,18,0,0
BRDA:183,18,1,0
BRDA:191,19,0,0
BRDA:199,20,0,0
BRDA:210,21,0,0
BRF:38
BRH:0
end_of_record
TN:
SF:src\types\currency.ts
FNF:0
FNH:0
DA:16,0
LF:1
LH:0
BRF:0
BRH:0
end_of_record
TN:
SF:src\types\qrCode.ts
FN:118,ensureId
FN:128,isCustomerQrCodeData
FN:141,isLoyaltyCardQrCodeData
FN:154,isPromoCodeQrCodeData
FN:167,isQrCodeData
FNF:5
FNH:5
FNDA:5,ensureId
FNDA:13,isCustomerQrCodeData
FNDA:12,isLoyaltyCardQrCodeData
FNDA:11,isPromoCodeQrCodeData
FNDA:7,isQrCodeData
DA:118,1
DA:119,5
DA:120,2
DA:122,3
DA:128,1
DA:129,13
DA:141,1
DA:142,12
DA:154,1
DA:155,11
DA:167,1
DA:168,7
LF:12
LH:12
BRDA:119,0,0,2
BRDA:119,1,0,5
BRDA:119,1,1,4
BRDA:130,2,0,13
BRDA:130,2,1,11
BRDA:130,2,2,9
BRDA:130,2,3,7
BRDA:130,2,4,3
BRDA:143,3,0,12
BRDA:143,3,1,10
BRDA:143,3,2,8
BRDA:143,3,3,6
BRDA:143,3,4,3
BRDA:156,4,0,11
BRDA:156,4,1,9
BRDA:156,4,2,7
BRDA:156,4,3,5
BRDA:156,4,4,3
BRDA:169,5,0,7
BRDA:169,5,1,6
BRDA:169,5,2,5
BRDA:169,5,3,4
BRDA:169,5,4,3
BRDA:169,5,5,2
BRDA:169,5,6,1
BRF:25
BRH:25
end_of_record
TN:
SF:src\utils\alertService.ts
FN:19,(anonymous_7)
FN:19,(anonymous_8)
FN:48,getSeverityEmoji
FN:70,(anonymous_10)
FN:73,(anonymous_11)
FNF:5
FNH:0
FNDA:0,(anonymous_7)
FNDA:0,(anonymous_8)
FNDA:0,getSeverityEmoji
FNDA:0,(anonymous_10)
FNDA:0,(anonymous_11)
DA:1,0
DA:19,0
DA:20,0
DA:22,0
DA:29,0
DA:30,0
DA:38,0
DA:41,0
DA:49,0
DA:51,0
DA:53,0
DA:55,0
DA:57,0
DA:59,0
DA:70,0
DA:73,0
DA:74,0
DA:75,0
DA:76,0
DA:82,0
DA:84,0
DA:89,0
DA:92,0
DA:93,0
DA:97,0
LF:25
LH:0
BRDA:25,0,0,0
BRDA:25,0,1,0
BRDA:49,1,0,0
BRDA:49,1,1,0
BRDA:49,1,2,0
BRDA:49,1,3,0
BRDA:49,1,4,0
BRDA:71,2,0,0
BRDA:75,3,0,0
BRDA:75,3,1,0
BRF:10
BRH:0
end_of_record
TN:
SF:src\utils\auditLogger.ts
FN:23,(anonymous_7)
FN:23,(anonymous_8)
FN:50,(anonymous_9)
FN:61,(anonymous_10)
FN:116,(anonymous_11)
FN:118,(anonymous_12)
FNF:6
FNH:0
FNDA:0,(anonymous_7)
FNDA:0,(anonymous_8)
FNDA:0,(anonymous_9)
FNDA:0,(anonymous_10)
FNDA:0,(anonymous_11)
FNDA:0,(anonymous_12)
DA:2,0
DA:23,0
DA:24,0
DA:25,0
DA:39,0
DA:40,0
DA:50,0
DA:61,0
DA:62,0
DA:63,0
DA:66,0
DA:67,0
DA:70,0
DA:71,0
DA:74,0
DA:75,0
DA:78,0
DA:79,0
DA:82,0
DA:83,0
DA:86,0
DA:87,0
DA:91,0
DA:94,0
DA:95,0
DA:97,0
DA:98,0
DA:102,0
DA:103,0
DA:105,0
DA:106,0
DA:116,0
DA:118,0
DA:119,0
DA:122,0
DA:124,0
DA:125,0
DA:127,0
DA:128,0
DA:130,0
DA:131,0
DA:133,0
DA:136,0
DA:146,0
DA:148,0
DA:149,0
DA:153,0
LF:47
LH:0
BRDA:34,0,0,0
BRDA:34,0,1,0
BRDA:66,1,0,0
BRDA:70,2,0,0
BRDA:74,3,0,0
BRDA:78,4,0,0
BRDA:82,5,0,0
BRDA:86,6,0,0
BRDA:94,7,0,0
BRDA:97,8,0,0
BRDA:122,9,0,0
BRDA:122,9,1,0
BRDA:122,9,2,0
BRDA:122,9,3,0
BRF:14
BRH:0
end_of_record
TN:
SF:src\utils\batchQueries.ts
FN:27,batchDatabaseQueries
FN:36,(anonymous_9)
FN:52,(anonymous_10)
FN:75,(anonymous_11)
FN:75,(anonymous_12)
FN:114,executeDynamicQuery
FN:154,batchEntityQueries
FN:155,(anonymous_16)
FN:169,(anonymous_17)
FN:169,(anonymous_18)
FN:178,(anonymous_19)
FN:201,(anonymous_20)
FNF:12
FNH:0
FNDA:0,batchDatabaseQueries
FNDA:0,(anonymous_9)
FNDA:0,(anonymous_10)
FNDA:0,(anonymous_11)
FNDA:0,(anonymous_12)
FNDA:0,executeDynamicQuery
FNDA:0,batchEntityQueries
FNDA:0,(anonymous_16)
FNDA:0,(anonymous_17)
FNDA:0,(anonymous_18)
FNDA:0,(anonymous_19)
FNDA:0,(anonymous_20)
DA:5,0
DA:27,0
DA:30,0
DA:31,0
DA:35,0
DA:38,0
DA:43,0
DA:45,0
DA:48,0
DA:51,0
DA:52,0
DA:53,0
DA:54,0
DA:56,0
DA:63,0
DA:66,0
DA:69,0
DA:71,0
DA:74,0
DA:75,0
DA:76,0
DA:79,0
DA:83,0
DA:85,0
DA:88,0
DA:91,0
DA:93,0
DA:98,0
DA:107,0
DA:116,0
DA:117,0
DA:119,0
DA:124,0
DA:126,0
DA:127,0
DA:129,0
DA:130,0
DA:132,0
DA:135,0
DA:136,0
DA:137,0
DA:139,0
DA:142,0
DA:154,0
DA:155,0
DA:159,0
DA:160,0
DA:164,0
DA:167,0
DA:168,0
DA:169,0
DA:170,0
DA:172,0
DA:173,0
DA:177,0
DA:178,0
DA:179,0
DA:180,0
DA:184,0
DA:189,0
DA:190,0
DA:196,0
DA:199,0
DA:200,0
DA:201,0
DA:202,0
DA:203,0
DA:204,0
DA:209,0
LF:69
LH:0
BRDA:30,0,0,0
BRDA:51,1,0,0
BRDA:51,1,1,0
BRDA:51,2,0,0
BRDA:51,2,1,0
BRDA:54,3,0,0
BRDA:54,3,1,0
BRDA:79,4,0,0
BRDA:79,4,1,0
BRDA:79,5,0,0
BRDA:79,5,1,0
BRDA:91,6,0,0
BRDA:91,6,1,0
BRDA:101,7,0,0
BRDA:101,7,1,0
BRDA:117,8,0,0
BRDA:124,9,0,0
BRDA:124,9,1,0
BRDA:127,10,0,0
BRDA:127,10,1,0
BRDA:130,11,0,0
BRDA:130,11,1,0
BRDA:157,12,0,0
BRDA:159,13,0,0
BRDA:167,14,0,0
BRDA:179,15,0,0
BRDA:200,16,0,0
BRDA:203,17,0,0
BRF:28
BRH:0
end_of_record
TN:
SF:src\utils\browserSupport.ts
FN:12,checkCameraSupport
FN:20,checkCanvasSupport
FN:29,checkClipboardSupport
FN:37,applyPolyfills
FN:43,(anonymous_4)
FN:61,(anonymous_5)
FN:62,(anonymous_6)
FN:71,(anonymous_7)
FN:84,initBrowserSupport
FN:104,isMobileDevice
FNF:10
FNH:0
FNDA:0,checkCameraSupport
FNDA:0,checkCanvasSupport
FNDA:0,checkClipboardSupport
FNDA:0,applyPolyfills
FNDA:0,(anonymous_4)
FNDA:0,(anonymous_5)
FNDA:0,(anonymous_6)
FNDA:0,(anonymous_7)
FNDA:0,initBrowserSupport
FNDA:0,isMobileDevice
DA:12,0
DA:13,0
DA:20,0
DA:21,0
DA:22,0
DA:29,0
DA:30,0
DA:37,0
DA:38,0
DA:41,0
DA:42,0
DA:44,0
DA:45,0
DA:46,0
DA:47,0
DA:49,0
DA:50,0
DA:53,0
DA:56,0
DA:60,0
DA:61,0
DA:62,0
DA:63,0
DA:66,0
DA:70,0
DA:71,0
DA:72,0
DA:74,0
DA:77,0
DA:84,0
DA:90,0
DA:92,0
DA:104,0
DA:105,0
DA:108,0
LF:35
LH:0
BRDA:13,0,0,0
BRDA:13,0,1,0
BRDA:22,1,0,0
BRDA:22,1,1,0
BRDA:41,2,0,0
BRDA:53,3,0,0
BRDA:53,3,1,0
BRDA:60,4,0,0
BRDA:70,5,0,0
BRF:9
BRH:0
end_of_record
TN:
SF:src\utils\cache.ts
FN:30,setCacheData
FN:44,(anonymous_8)
FN:57,getCacheData
FN:76,isCacheFresh
FN:96,invalidateCache
FN:103,invalidateCacheByTag
FN:107,(anonymous_13)
FN:118,clearCache
FN:126,createCachedQuery
FN:131,(anonymous_16)
FN:131,(anonymous_17)
FN:153,withCache
FN:166,(anonymous_19)
FNF:13
FNH:0
FNDA:0,setCacheData
FNDA:0,(anonymous_8)
FNDA:0,getCacheData
FNDA:0,isCacheFresh
FNDA:0,invalidateCache
FNDA:0,invalidateCacheByTag
FNDA:0,(anonymous_13)
FNDA:0,clearCache
FNDA:0,createCachedQuery
FNDA:0,(anonymous_16)
FNDA:0,(anonymous_17)
FNDA:0,withCache
FNDA:0,(anonymous_19)
DA:20,0
DA:21,0
DA:24,0
DA:25,0
DA:30,0
DA:31,0
DA:32,0
DA:34,0
DA:40,0
DA:43,0
DA:44,0
DA:45,0
DA:46,0
DA:49,0
DA:57,0
DA:58,0
DA:60,0
DA:61,0
DA:65,0
DA:66,0
DA:67,0
DA:70,0
DA:76,0
DA:77,0
DA:79,0
DA:80,0
DA:84,0
DA:85,0
DA:86,0
DA:90,0
DA:96,0
DA:97,0
DA:103,0
DA:104,0
DA:106,0
DA:107,0
DA:108,0
DA:111,0
DA:118,0
DA:119,0
DA:120,0
DA:126,0
DA:131,0
DA:132,0
DA:135,0
DA:136,0
DA:137,0
DA:141,0
DA:144,0
DA:146,0
DA:153,0
DA:159,0
DA:161,0
DA:162,0
DA:166,0
DA:168,0
DA:169,0
LF:57
LH:0
BRDA:30,0,0,0
BRDA:31,1,0,0
BRDA:31,1,1,0
BRDA:31,2,0,0
BRDA:31,2,1,0
BRDA:43,3,0,0
BRDA:43,4,0,0
BRDA:43,4,1,0
BRDA:45,5,0,0
BRDA:49,6,0,0
BRDA:49,6,1,0
BRDA:49,7,0,0
BRDA:49,7,1,0
BRDA:60,8,0,0
BRDA:65,9,0,0
BRDA:76,10,0,0
BRDA:79,11,0,0
BRDA:84,12,0,0
BRDA:106,13,0,0
BRDA:129,14,0,0
BRDA:136,15,0,0
BRDA:156,16,0,0
BRDA:161,17,0,0
BRF:23
BRH:0
end_of_record
TN:
SF:src\utils\cryptoUtils.ts
FN:8,createSha256Hash
FN:21,bufferToHex
FN:24,(anonymous_10)
FN:29,generateRandomBytes
FN:33,(anonymous_12)
FNF:5
FNH:0
FNDA:0,createSha256Hash
FNDA:0,bufferToHex
FNDA:0,(anonymous_10)
FNDA:0,generateRandomBytes
FNDA:0,(anonymous_12)
DA:8,0
DA:10,0
DA:11,0
DA:14,0
DA:17,0
DA:21,0
DA:23,0
DA:24,0
DA:29,0
DA:30,0
DA:31,0
DA:32,0
DA:33,0
DA:37,0
LF:14
LH:0
BRDA:29,0,0,0
BRF:1
BRH:0
end_of_record
TN:
SF:src\utils\databaseConnector.ts
FN:95,shouldUseMockData
FN:111,getMockDataForQuery
FN:139,executeQuery
FN:140,(anonymous_10)
FN:195,(anonymous_11)
FN:195,(anonymous_12)
FN:336,(anonymous_13)
FN:340,(anonymous_14)
FN:367,(anonymous_15)
FN:392,executeBatch
FN:393,(anonymous_17)
FN:406,(anonymous_18)
FN:417,(anonymous_19)
FN:417,(anonymous_20)
FN:459,(anonymous_21)
FN:476,(anonymous_22)
FN:480,(anonymous_23)
FN:508,(anonymous_24)
FN:530,isConnectionError
FN:546,(anonymous_26)
FN:552,mergeWithDefaults
FN:587,invalidateQueryCache
FN:596,invalidateQueryCacheByTag
FN:603,getDatabaseStatus
FNF:24
FNH:0
FNDA:0,shouldUseMockData
FNDA:0,getMockDataForQuery
FNDA:0,executeQuery
FNDA:0,(anonymous_10)
FNDA:0,(anonymous_11)
FNDA:0,(anonymous_12)
FNDA:0,(anonymous_13)
FNDA:0,(anonymous_14)
FNDA:0,(anonymous_15)
FNDA:0,executeBatch
FNDA:0,(anonymous_17)
FNDA:0,(anonymous_18)
FNDA:0,(anonymous_19)
FNDA:0,(anonymous_20)
FNDA:0,(anonymous_21)
FNDA:0,(anonymous_22)
FNDA:0,(anonymous_23)
FNDA:0,(anonymous_24)
FNDA:0,isConnectionError
FNDA:0,(anonymous_26)
FNDA:0,mergeWithDefaults
FNDA:0,invalidateQueryCache
FNDA:0,invalidateQueryCacheByTag
FNDA:0,getDatabaseStatus
DA:7,0
DA:8,0
DA:9,0
DA:10,0
DA:12,0
DA:13,0
DA:14,0
DA:15,0
DA:16,0
DA:17,0
DA:63,0
DA:97,0
DA:100,0
DA:101,0
DA:102,0
DA:105,0
DA:113,0
DA:114,0
DA:119,0
DA:120,0
DA:121,0
DA:122,0
DA:123,0
DA:128,0
DA:139,0
DA:140,0
DA:145,0
DA:148,0
DA:154,0
DA:160,0
DA:161,0
DA:165,0
DA:168,0
DA:169,0
DA:170,0
DA:176,0
DA:177,0
DA:180,0
DA:181,0
DA:187,0
DA:191,0
DA:195,0
DA:196,0
DA:197,0
DA:200,0
DA:205,0
DA:207,0
DA:210,0
DA:212,0
DA:213,0
DA:215,0
DA:216,0
DA:218,0
DA:219,0
DA:221,0
DA:222,0
DA:224,0
DA:227,0
DA:228,0
DA:229,0
DA:231,0
DA:235,0
DA:239,0
DA:243,0
DA:244,0
DA:245,0
DA:252,0
DA:255,0
DA:257,0
DA:258,0
DA:259,0
DA:264,0
DA:271,0
DA:273,0
DA:275,0
DA:285,0
DA:287,0
DA:290,0
DA:293,0
DA:294,0
DA:295,0
DA:297,0
DA:299,0
DA:304,0
DA:305,0
DA:306,0
DA:312,0
DA:313,0
DA:316,0
DA:317,0
DA:323,0
DA:327,0
DA:332,0
DA:333,0
DA:336,0
DA:342,0
DA:343,0
DA:362,0
DA:363,0
DA:369,0
DA:370,0
DA:382,0
DA:392,0
DA:393,0
DA:402,0
DA:405,0
DA:406,0
DA:409,0
DA:410,0
DA:417,0
DA:418,0
DA:419,0
DA:420,0
DA:423,0
DA:424,0
DA:425,0
DA:432,0
DA:435,0
DA:437,0
DA:438,0
DA:439,0
DA:445,0
DA:452,0
DA:454,0
DA:456,0
DA:459,0
DA:467,0
DA:472,0
DA:473,0
DA:476,0
DA:482,0
DA:483,0
DA:503,0
DA:504,0
DA:510,0
DA:511,0
DA:524,0
DA:531,0
DA:533,0
DA:534,0
DA:546,0
DA:553,0
DA:587,0
DA:588,0
DA:596,0
DA:597,0
DA:603,0
DA:613,0
DA:616,0
DA:617,0
DA:618,0
DA:619,0
DA:622,0
DA:626,0
DA:639,0
LF:155
LH:0
BRDA:97,0,0,0
BRDA:100,1,0,0
BRDA:100,2,0,0
BRDA:100,2,1,0
BRDA:113,3,0,0
BRDA:113,4,0,0
BRDA:113,4,1,0
BRDA:120,5,0,0
BRDA:120,6,0,0
BRDA:120,6,1,0
BRDA:122,7,0,0
BRDA:141,8,0,0
BRDA:142,9,0,0
BRDA:148,10,0,0
BRDA:148,10,1,0
BRDA:148,11,0,0
BRDA:148,11,1,0
BRDA:148,12,0,0
BRDA:148,12,1,0
BRDA:149,13,0,0
BRDA:149,13,1,0
BRDA:154,14,0,0
BRDA:154,14,1,0
BRDA:154,15,0,0
BRDA:154,15,1,0
BRDA:154,16,0,0
BRDA:154,16,1,0
BRDA:155,17,0,0
BRDA:155,17,1,0
BRDA:160,18,0,0
BRDA:160,19,0,0
BRDA:160,19,1,0
BRDA:160,20,0,0
BRDA:160,20,1,0
BRDA:160,21,0,0
BRDA:160,21,1,0
BRDA:160,22,0,0
BRDA:160,22,1,0
BRDA:160,23,0,0
BRDA:160,23,1,0
BRDA:165,24,0,0
BRDA:165,24,1,0
BRDA:165,25,0,0
BRDA:165,25,1,0
BRDA:165,26,0,0
BRDA:165,26,1,0
BRDA:168,27,0,0
BRDA:169,28,0,0
BRDA:169,28,1,0
BRDA:173,29,0,0
BRDA:173,29,1,0
BRDA:173,30,0,0
BRDA:173,30,1,0
BRDA:176,31,0,0
BRDA:180,32,0,0
BRDA:180,33,0,0
BRDA:180,33,1,0
BRDA:180,34,0,0
BRDA:180,34,1,0
BRDA:180,35,0,0
BRDA:180,35,1,0
BRDA:180,36,0,0
BRDA:180,36,1,0
BRDA:180,37,0,0
BRDA:180,37,1,0
BRDA:200,38,0,0
BRDA:200,38,1,0
BRDA:205,39,0,0
BRDA:205,39,1,0
BRDA:205,40,0,0
BRDA:205,40,1,0
BRDA:210,41,0,0
BRDA:210,41,1,0
BRDA:213,42,0,0
BRDA:213,42,1,0
BRDA:216,43,0,0
BRDA:216,43,1,0
BRDA:219,44,0,0
BRDA:219,44,1,0
BRDA:222,45,0,0
BRDA:222,45,1,0
BRDA:244,46,0,0
BRDA:244,47,0,0
BRDA:244,47,1,0
BRDA:244,48,0,0
BRDA:244,48,1,0
BRDA:244,49,0,0
BRDA:244,49,1,0
BRDA:244,50,0,0
BRDA:244,50,1,0
BRDA:244,51,0,0
BRDA:244,51,1,0
BRDA:257,52,0,0
BRDA:257,53,0,0
BRDA:257,53,1,0
BRDA:257,54,0,0
BRDA:257,54,1,0
BRDA:258,55,0,0
BRDA:258,56,0,0
BRDA:258,56,1,0
BRDA:258,57,0,0
BRDA:258,57,1,0
BRDA:261,58,0,0
BRDA:261,58,1,0
BRDA:271,59,0,0
BRDA:271,60,0,0
BRDA:271,60,1,0
BRDA:271,61,0,0
BRDA:271,61,1,0
BRDA:273,62,0,0
BRDA:273,62,1,0
BRDA:277,63,0,0
BRDA:277,63,1,0
BRDA:277,64,0,0
BRDA:277,64,1,0
BRDA:277,65,0,0
BRDA:277,65,1,0
BRDA:278,66,0,0
BRDA:278,66,1,0
BRDA:279,67,0,0
BRDA:279,67,1,0
BRDA:285,68,0,0
BRDA:285,69,0,0
BRDA:285,69,1,0
BRDA:285,70,0,0
BRDA:285,70,1,0
BRDA:285,71,0,0
BRDA:285,71,1,0
BRDA:285,72,0,0
BRDA:285,72,1,0
BRDA:285,73,0,0
BRDA:285,73,1,0
BRDA:287,74,0,0
BRDA:287,74,1,0
BRDA:294,75,0,0
BRDA:294,75,1,0
BRDA:304,76,0,0
BRDA:304,77,0,0
BRDA:304,77,1,0
BRDA:304,78,0,0
BRDA:304,78,1,0
BRDA:304,79,0,0
BRDA:304,79,1,0
BRDA:305,80,0,0
BRDA:305,80,1,0
BRDA:309,81,0,0
BRDA:309,81,1,0
BRDA:309,82,0,0
BRDA:309,82,1,0
BRDA:312,83,0,0
BRDA:316,84,0,0
BRDA:316,85,0,0
BRDA:316,85,1,0
BRDA:316,86,0,0
BRDA:316,86,1,0
BRDA:316,87,0,0
BRDA:316,87,1,0
BRDA:316,88,0,0
BRDA:316,88,1,0
BRDA:316,89,0,0
BRDA:316,89,1,0
BRDA:319,90,0,0
BRDA:319,90,1,0
BRDA:332,91,0,0
BRDA:332,92,0,0
BRDA:332,92,1,0
BRDA:332,93,0,0
BRDA:332,93,1,0
BRDA:335,94,0,0
BRDA:335,94,1,0
BRDA:335,95,0,0
BRDA:335,95,1,0
BRDA:335,96,0,0
BRDA:335,96,1,0
BRDA:337,97,0,0
BRDA:337,97,1,0
BRDA:337,98,0,0
BRDA:337,98,1,0
BRDA:338,99,0,0
BRDA:338,99,1,0
BRDA:338,100,0,0
BRDA:338,100,1,0
BRDA:339,101,0,0
BRDA:339,101,1,0
BRDA:339,102,0,0
BRDA:339,102,1,0
BRDA:342,103,0,0
BRDA:342,104,0,0
BRDA:342,104,1,0
BRDA:342,105,0,0
BRDA:342,105,1,0
BRDA:342,106,0,0
BRDA:342,106,1,0
BRDA:342,107,0,0
BRDA:342,107,1,0
BRDA:342,108,0,0
BRDA:342,108,1,0
BRDA:346,109,0,0
BRDA:346,109,1,0
BRDA:362,110,0,0
BRDA:362,111,0,0
BRDA:362,111,1,0
BRDA:362,112,0,0
BRDA:362,112,1,0
BRDA:369,113,0,0
BRDA:369,114,0,0
BRDA:369,114,1,0
BRDA:369,115,0,0
BRDA:369,115,1,0
BRDA:369,116,0,0
BRDA:369,116,1,0
BRDA:369,117,0,0
BRDA:369,117,1,0
BRDA:369,118,0,0
BRDA:369,118,1,0
BRDA:373,119,0,0
BRDA:373,119,1,0
BRDA:399,120,0,0
BRDA:405,121,0,0
BRDA:405,121,1,0
BRDA:405,122,0,0
BRDA:405,122,1,0
BRDA:405,123,0,0
BRDA:405,123,1,0
BRDA:409,124,0,0
BRDA:409,125,0,0
BRDA:409,125,1,0
BRDA:409,126,0,0
BRDA:409,126,1,0
BRDA:409,127,0,0
BRDA:409,127,1,0
BRDA:409,128,0,0
BRDA:409,128,1,0
BRDA:409,129,0,0
BRDA:409,129,1,0
BRDA:424,130,0,0
BRDA:424,131,0,0
BRDA:424,131,1,0
BRDA:424,132,0,0
BRDA:424,132,1,0
BRDA:424,133,0,0
BRDA:424,133,1,0
BRDA:424,134,0,0
BRDA:424,134,1,0
BRDA:424,135,0,0
BRDA:424,135,1,0
BRDA:437,136,0,0
BRDA:437,137,0,0
BRDA:437,137,1,0
BRDA:437,138,0,0
BRDA:437,138,1,0
BRDA:438,139,0,0
BRDA:438,140,0,0
BRDA:438,140,1,0
BRDA:438,141,0,0
BRDA:438,141,1,0
BRDA:442,142,0,0
BRDA:442,142,1,0
BRDA:452,143,0,0
BRDA:452,144,0,0
BRDA:452,144,1,0
BRDA:452,145,0,0
BRDA:452,145,1,0
BRDA:454,146,0,0
BRDA:454,146,1,0
BRDA:460,147,0,0
BRDA:460,147,1,0
BRDA:461,148,0,0
BRDA:461,148,1,0
BRDA:472,149,0,0
BRDA:472,150,0,0
BRDA:472,150,1,0
BRDA:472,151,0,0
BRDA:472,151,1,0
BRDA:475,152,0,0
BRDA:475,152,1,0
BRDA:475,153,0,0
BRDA:475,153,1,0
BRDA:475,154,0,0
BRDA:475,154,1,0
BRDA:477,155,0,0
BRDA:477,155,1,0
BRDA:477,156,0,0
BRDA:477,156,1,0
BRDA:478,157,0,0
BRDA:478,157,1,0
BRDA:478,158,0,0
BRDA:478,158,1,0
BRDA:479,159,0,0
BRDA:479,159,1,0
BRDA:479,160,0,0
BRDA:479,160,1,0
BRDA:482,161,0,0
BRDA:482,162,0,0
BRDA:482,162,1,0
BRDA:482,163,0,0
BRDA:482,163,1,0
BRDA:482,164,0,0
BRDA:482,164,1,0
BRDA:482,165,0,0
BRDA:482,165,1,0
BRDA:482,166,0,0
BRDA:482,166,1,0
BRDA:487,167,0,0
BRDA:487,167,1,0
BRDA:503,168,0,0
BRDA:503,169,0,0
BRDA:503,169,1,0
BRDA:503,170,0,0
BRDA:503,170,1,0
BRDA:510,171,0,0
BRDA:510,172,0,0
BRDA:510,172,1,0
BRDA:510,173,0,0
BRDA:510,173,1,0
BRDA:510,174,0,0
BRDA:510,174,1,0
BRDA:510,175,0,0
BRDA:510,175,1,0
BRDA:510,176,0,0
BRDA:510,176,1,0
BRDA:515,177,0,0
BRDA:515,177,1,0
BRDA:531,178,0,0
BRDA:555,179,0,0
BRDA:555,179,1,0
BRDA:555,180,0,0
BRDA:555,180,1,0
BRDA:555,181,0,0
BRDA:555,181,1,0
BRDA:555,182,0,0
BRDA:555,182,1,0
BRDA:555,183,0,0
BRDA:555,183,1,0
BRDA:555,184,0,0
BRDA:555,184,1,0
BRDA:555,185,0,0
BRDA:555,185,1,0
BRDA:555,186,0,0
BRDA:555,186,1,0
BRDA:556,187,0,0
BRDA:556,187,1,0
BRDA:556,188,0,0
BRDA:556,188,1,0
BRDA:556,189,0,0
BRDA:556,189,1,0
BRDA:556,190,0,0
BRDA:556,190,1,0
BRDA:556,191,0,0
BRDA:556,191,1,0
BRDA:556,192,0,0
BRDA:556,192,1,0
BRDA:557,193,0,0
BRDA:557,193,1,0
BRDA:557,194,0,0
BRDA:557,194,1,0
BRDA:557,195,0,0
BRDA:557,195,1,0
BRDA:557,196,0,0
BRDA:557,196,1,0
BRDA:557,197,0,0
BRDA:557,197,1,0
BRDA:557,198,0,0
BRDA:557,198,1,0
BRDA:558,199,0,0
BRDA:558,199,1,0
BRDA:558,200,0,0
BRDA:558,200,1,0
BRDA:558,201,0,0
BRDA:558,201,1,0
BRDA:558,202,0,0
BRDA:558,202,1,0
BRDA:558,203,0,0
BRDA:558,203,1,0
BRDA:558,204,0,0
BRDA:558,204,1,0
BRDA:561,205,0,0
BRDA:561,205,1,0
BRDA:561,206,0,0
BRDA:561,206,1,0
BRDA:561,207,0,0
BRDA:561,207,1,0
BRDA:561,208,0,0
BRDA:561,208,1,0
BRDA:561,209,0,0
BRDA:561,209,1,0
BRDA:561,210,0,0
BRDA:561,210,1,0
BRDA:561,211,0,0
BRDA:561,211,1,0
BRDA:561,212,0,0
BRDA:561,212,1,0
BRDA:562,213,0,0
BRDA:562,213,1,0
BRDA:562,214,0,0
BRDA:562,214,1,0
BRDA:562,215,0,0
BRDA:562,215,1,0
BRDA:562,216,0,0
BRDA:562,216,1,0
BRDA:562,217,0,0
BRDA:562,217,1,0
BRDA:562,218,0,0
BRDA:562,218,1,0
BRDA:563,219,0,0
BRDA:563,219,1,0
BRDA:563,220,0,0
BRDA:563,220,1,0
BRDA:563,221,0,0
BRDA:563,221,1,0
BRDA:563,222,0,0
BRDA:563,222,1,0
BRDA:563,223,0,0
BRDA:563,223,1,0
BRDA:563,224,0,0
BRDA:563,224,1,0
BRDA:564,225,0,0
BRDA:564,225,1,0
BRDA:564,226,0,0
BRDA:564,226,1,0
BRDA:564,227,0,0
BRDA:564,227,1,0
BRDA:564,228,0,0
BRDA:564,228,1,0
BRDA:564,229,0,0
BRDA:564,229,1,0
BRDA:564,230,0,0
BRDA:564,230,1,0
BRDA:567,231,0,0
BRDA:567,231,1,0
BRDA:567,232,0,0
BRDA:567,232,1,0
BRDA:567,233,0,0
BRDA:567,233,1,0
BRDA:567,234,0,0
BRDA:567,234,1,0
BRDA:567,235,0,0
BRDA:567,235,1,0
BRDA:567,236,0,0
BRDA:567,236,1,0
BRDA:567,237,0,0
BRDA:567,237,1,0
BRDA:567,238,0,0
BRDA:567,238,1,0
BRDA:568,239,0,0
BRDA:568,239,1,0
BRDA:568,240,0,0
BRDA:568,240,1,0
BRDA:568,241,0,0
BRDA:568,241,1,0
BRDA:568,242,0,0
BRDA:568,242,1,0
BRDA:568,243,0,0
BRDA:568,243,1,0
BRDA:568,244,0,0
BRDA:568,244,1,0
BRDA:569,245,0,0
BRDA:569,245,1,0
BRDA:569,246,0,0
BRDA:569,246,1,0
BRDA:569,247,0,0
BRDA:569,247,1,0
BRDA:569,248,0,0
BRDA:569,248,1,0
BRDA:569,249,0,0
BRDA:569,249,1,0
BRDA:569,250,0,0
BRDA:569,250,1,0
BRDA:570,251,0,0
BRDA:570,251,1,0
BRDA:570,252,0,0
BRDA:570,252,1,0
BRDA:570,253,0,0
BRDA:570,253,1,0
BRDA:570,254,0,0
BRDA:570,254,1,0
BRDA:570,255,0,0
BRDA:570,255,1,0
BRDA:570,256,0,0
BRDA:570,256,1,0
BRDA:571,257,0,0
BRDA:571,257,1,0
BRDA:571,258,0,0
BRDA:571,258,1,0
BRDA:571,259,0,0
BRDA:571,259,1,0
BRDA:571,260,0,0
BRDA:571,260,1,0
BRDA:571,261,0,0
BRDA:571,261,1,0
BRDA:571,262,0,0
BRDA:571,262,1,0
BRDA:574,263,0,0
BRDA:574,263,1,0
BRDA:574,264,0,0
BRDA:574,264,1,0
BRDA:574,265,0,0
BRDA:574,265,1,0
BRDA:574,266,0,0
BRDA:574,266,1,0
BRDA:574,267,0,0
BRDA:574,267,1,0
BRDA:574,268,0,0
BRDA:574,268,1,0
BRDA:574,269,0,0
BRDA:574,269,1,0
BRDA:574,270,0,0
BRDA:574,270,1,0
BRDA:575,271,0,0
BRDA:575,271,1,0
BRDA:575,272,0,0
BRDA:575,272,1,0
BRDA:575,273,0,0
BRDA:575,273,1,0
BRDA:575,274,0,0
BRDA:575,274,1,0
BRDA:575,275,0,0
BRDA:575,275,1,0
BRDA:575,276,0,0
BRDA:575,276,1,0
BRDA:575,277,0,0
BRDA:575,277,1,0
BRDA:575,278,0,0
BRDA:575,278,1,0
BRDA:576,279,0,0
BRDA:576,279,1,0
BRDA:576,280,0,0
BRDA:576,280,1,0
BRDA:576,281,0,0
BRDA:576,281,1,0
BRDA:576,282,0,0
BRDA:576,282,1,0
BRDA:576,283,0,0
BRDA:576,283,1,0
BRDA:576,284,0,0
BRDA:576,284,1,0
BRDA:576,285,0,0
BRDA:576,285,1,0
BRDA:576,286,0,0
BRDA:576,286,1,0
BRDA:577,287,0,0
BRDA:577,287,1,0
BRDA:577,288,0,0
BRDA:577,288,1,0
BRDA:622,289,0,0
BRDA:622,289,1,0
BRF:546
BRH:0
end_of_record
TN:
SF:src\utils\dbConnectionManager.ts
FN:7,(anonymous_7)
FN:26,(anonymous_8)
FN:34,(anonymous_9)
FN:56,(anonymous_11)
FN:61,(anonymous_12)
FN:61,(anonymous_13)
FN:80,(anonymous_14)
FN:103,(anonymous_15)
FN:103,(anonymous_16)
FN:136,(anonymous_17)
FN:145,(anonymous_18)
FN:157,(anonymous_19)
FN:168,(anonymous_20)
FN:177,(anonymous_21)
FN:190,(anonymous_22)
FN:191,(anonymous_23)
FN:210,(anonymous_24)
FN:218,(anonymous_25)
FN:225,(anonymous_26)
FN:232,(anonymous_27)
FNF:20
FNH:0
FNDA:0,(anonymous_7)
FNDA:0,(anonymous_8)
FNDA:0,(anonymous_9)
FNDA:0,(anonymous_11)
FNDA:0,(anonymous_12)
FNDA:0,(anonymous_13)
FNDA:0,(anonymous_14)
FNDA:0,(anonymous_15)
FNDA:0,(anonymous_16)
FNDA:0,(anonymous_17)
FNDA:0,(anonymous_18)
FNDA:0,(anonymous_19)
FNDA:0,(anonymous_20)
FNDA:0,(anonymous_21)
FNDA:0,(anonymous_22)
FNDA:0,(anonymous_23)
FNDA:0,(anonymous_24)
FNDA:0,(anonymous_25)
FNDA:0,(anonymous_26)
FNDA:0,(anonymous_27)
DA:1,0
DA:2,0
DA:7,0
DA:8,0
DA:9,0
DA:10,0
DA:11,0
DA:18,0
DA:19,0
DA:20,0
DA:21,0
DA:22,0
DA:23,0
DA:24,0
DA:27,0
DA:28,0
DA:35,0
DA:37,0
DA:38,0
DA:40,0
DA:41,0
DA:43,0
DA:46,0
DA:50,0
DA:57,0
DA:58,0
DA:61,0
DA:62,0
DA:63,0
DA:64,0
DA:65,0
DA:66,0
DA:67,0
DA:70,0
DA:71,0
DA:81,0
DA:82,0
DA:85,0
DA:86,0
DA:89,0
DA:95,0
DA:97,0
DA:99,0
DA:100,0
DA:103,0
DA:104,0
DA:106,0
DA:107,0
DA:109,0
DA:110,0
DA:111,0
DA:112,0
DA:113,0
DA:114,0
DA:116,0
DA:117,0
DA:120,0
DA:122,0
DA:123,0
DA:124,0
DA:126,0
DA:127,0
DA:137,0
DA:138,0
DA:139,0
DA:146,0
DA:147,0
DA:148,0
DA:151,0
DA:158,0
DA:159,0
DA:160,0
DA:161,0
DA:162,0
DA:169,0
DA:170,0
DA:171,0
DA:178,0
DA:179,0
DA:181,0
DA:182,0
DA:183,0
DA:191,0
DA:194,0
DA:196,0
DA:197,0
DA:198,0
DA:200,0
DA:202,0
DA:203,0
DA:204,0
DA:207,0
DA:208,0
DA:210,0
DA:219,0
DA:226,0
DA:233,0
DA:234,0
DA:235,0
DA:241,0
DA:242,0
LF:101
LH:0
BRDA:7,0,0,0
BRDA:7,0,1,0
BRDA:40,1,0,0
BRDA:40,1,1,0
BRDA:56,2,0,0
BRDA:57,3,0,0
BRDA:62,4,0,0
BRDA:65,5,0,0
BRDA:81,6,0,0
BRDA:99,7,0,0
BRDA:109,8,0,0
BRDA:109,8,1,0
BRDA:111,9,0,0
BRDA:111,9,1,0
BRDA:122,10,0,0
BRDA:122,10,1,0
BRDA:181,11,0,0
BRDA:192,12,0,0
BRDA:202,13,0,0
BRDA:233,14,0,0
BRF:20
BRH:0
end_of_record
TN:
SF:src\utils\dbRetry.ts
FN:38,isCircuitBreakerOpen
FN:51,openCircuitBreaker
FN:60,resetCircuitBreaker
FN:68,isRetryableError
FN:102,calculateBackoffDelay
FN:120,delay
FN:121,(anonymous_13)
FN:132,withRetryableQuery
FN:133,(anonymous_15)
FN:153,(anonymous_16)
FN:153,(anonymous_17)
FN:157,(anonymous_18)
FN:158,(anonymous_19)
FN:240,withRetryableTransaction
FN:241,(anonymous_21)
FNF:15
FNH:0
FNDA:0,isCircuitBreakerOpen
FNDA:0,openCircuitBreaker
FNDA:0,resetCircuitBreaker
FNDA:0,isRetryableError
FNDA:0,calculateBackoffDelay
FNDA:0,delay
FNDA:0,(anonymous_13)
FNDA:0,withRetryableQuery
FNDA:0,(anonymous_15)
FNDA:0,(anonymous_16)
FNDA:0,(anonymous_17)
FNDA:0,(anonymous_18)
FNDA:0,(anonymous_19)
FNDA:0,withRetryableTransaction
FNDA:0,(anonymous_21)
DA:7,0
DA:8,0
DA:11,0
DA:12,0
DA:13,0
DA:16,0
DA:38,0
DA:40,0
DA:41,0
DA:42,0
DA:45,0
DA:51,0
DA:52,0
DA:53,0
DA:54,0
DA:60,0
DA:61,0
DA:62,0
DA:70,0
DA:74,0
DA:78,0
DA:86,0
DA:90,0
DA:91,0
DA:103,0
DA:109,0
DA:110,0
DA:111,0
DA:114,0
DA:121,0
DA:132,0
DA:133,0
DA:137,0
DA:138,0
DA:141,0
DA:142,0
DA:150,0
DA:153,0
DA:154,0
DA:157,0
DA:158,0
DA:162,0
DA:166,0
DA:167,0
DA:169,0
DA:170,0
DA:171,0
DA:172,0
DA:176,0
DA:179,0
DA:180,0
DA:183,0
DA:185,0
DA:186,0
DA:189,0
DA:192,0
DA:193,0
DA:199,0
DA:207,0
DA:208,0
DA:215,0
DA:216,0
DA:219,0
DA:229,0
DA:240,0
DA:241,0
DA:245,0
DA:246,0
DA:249,0
DA:250,0
DA:260,0
DA:261,0
DA:263,0
DA:264,0
DA:265,0
DA:266,0
DA:271,0
DA:272,0
DA:273,0
DA:274,0
DA:277,0
DA:278,0
DA:281,0
DA:284,0
DA:285,0
DA:287,0
DA:291,0
DA:294,0
DA:297,0
DA:300,0
DA:301,0
DA:308,0
DA:316,0
DA:317,0
DA:325,0
DA:326,0
DA:329,0
DA:339,0
LF:98
LH:0
BRDA:40,0,0,0
BRDA:40,1,0,0
BRDA:40,1,1,0
BRDA:70,2,0,0
BRDA:70,3,0,0
BRDA:70,3,1,0
BRDA:70,3,2,0
BRDA:70,3,3,0
BRDA:78,4,0,0
BRDA:78,5,0,0
BRDA:78,5,1,0
BRDA:78,5,2,0
BRDA:78,5,3,0
BRDA:78,5,4,0
BRDA:78,5,5,0
BRDA:78,5,6,0
BRDA:78,5,7,0
BRDA:90,6,0,0
BRDA:90,6,1,0
BRDA:90,7,0,0
BRDA:90,7,1,0
BRDA:90,8,0,0
BRDA:90,8,1,0
BRDA:91,9,0,0
BRDA:91,9,1,0
BRDA:91,9,2,0
BRDA:91,9,3,0
BRDA:91,9,4,0
BRDA:91,9,5,0
BRDA:134,10,0,0
BRDA:135,11,0,0
BRDA:141,12,0,0
BRDA:154,13,0,0
BRDA:169,14,0,0
BRDA:179,15,0,0
BRDA:192,16,0,0
BRDA:193,17,0,0
BRDA:193,17,1,0
BRDA:201,18,0,0
BRDA:201,18,1,0
BRDA:207,19,0,0
BRDA:208,20,0,0
BRDA:208,20,1,0
BRDA:215,21,0,0
BRDA:221,22,0,0
BRDA:221,22,1,0
BRDA:229,23,0,0
BRDA:229,23,1,0
BRDA:242,24,0,0
BRDA:243,25,0,0
BRDA:249,26,0,0
BRDA:263,27,0,0
BRDA:277,28,0,0
BRDA:300,29,0,0
BRDA:301,30,0,0
BRDA:301,30,1,0
BRDA:310,31,0,0
BRDA:310,31,1,0
BRDA:316,32,0,0
BRDA:317,33,0,0
BRDA:317,33,1,0
BRDA:325,34,0,0
BRDA:331,35,0,0
BRDA:331,35,1,0
BRDA:339,36,0,0
BRDA:339,36,1,0
BRF:66
BRH:0
end_of_record
TN:
SF:src\utils\defineEnv.ts
FN:7,defineEnv
FNF:1
FNH:0
FNDA:0,defineEnv
DA:7,0
DA:8,0
LF:2
LH:0
BRF:0
BRH:0
end_of_record
TN:
SF:src\utils\enhancedRateLimiter.ts
FN:29,(anonymous_7)
FN:60,(anonymous_8)
FN:70,(anonymous_9)
FN:96,(anonymous_10)
FN:145,(anonymous_12)
FN:169,(anonymous_14)
FNF:6
FNH:0
FNDA:0,(anonymous_7)
FNDA:0,(anonymous_8)
FNDA:0,(anonymous_9)
FNDA:0,(anonymous_10)
FNDA:0,(anonymous_12)
FNDA:0,(anonymous_14)
DA:7,0
DA:8,0
DA:22,0
DA:31,0
DA:38,0
DA:61,0
DA:62,0
DA:64,0
DA:76,0
DA:79,0
DA:81,0
DA:82,0
DA:84,0
DA:87,0
DA:107,0
DA:108,0
DA:109,0
DA:111,0
DA:113,0
DA:115,0
DA:116,0
DA:124,0
DA:130,0
DA:133,0
DA:151,0
DA:152,0
DA:153,0
DA:155,0
DA:157,0
DA:159,0
DA:175,0
DA:177,0
DA:178,0
DA:191,0
DA:195,0
LF:35
LH:0
BRDA:61,0,0,0
BRDA:61,1,0,0
BRDA:61,1,1,0
BRDA:79,2,0,0
BRDA:79,2,1,0
BRDA:82,3,0,0
BRDA:82,3,1,0
BRDA:84,4,0,0
BRDA:84,4,1,0
BRDA:87,5,0,0
BRDA:87,5,1,0
BRDA:115,6,0,0
BRDA:177,7,0,0
BRDA:179,8,0,0
BRDA:179,8,1,0
BRF:15
BRH:0
end_of_record
TN:
SF:src\utils\errorHandler.ts
FN:9,(anonymous_7)
FN:21,(anonymous_8)
FN:28,(anonymous_9)
FN:35,(anonymous_10)
FN:42,(anonymous_11)
FN:49,(anonymous_12)
FN:55,logError
FN:81,(anonymous_14)
FN:88,logErrorToDatabase
FN:126,asyncHandler
FN:127,(anonymous_18)
FN:128,(anonymous_19)
FN:136,withTransaction
FNF:13
FNH:0
FNDA:0,(anonymous_7)
FNDA:0,(anonymous_8)
FNDA:0,(anonymous_9)
FNDA:0,(anonymous_10)
FNDA:0,(anonymous_11)
FNDA:0,(anonymous_12)
FNDA:0,logError
FNDA:0,(anonymous_14)
FNDA:0,logErrorToDatabase
FNDA:0,asyncHandler
FNDA:0,(anonymous_18)
FNDA:0,(anonymous_19)
FNDA:0,withTransaction
DA:1,0
DA:2,0
DA:4,0
DA:10,0
DA:11,0
DA:12,0
DA:13,0
DA:15,0
DA:20,0
DA:22,0
DA:27,0
DA:29,0
DA:34,0
DA:36,0
DA:41,0
DA:43,0
DA:48,0
DA:50,0
DA:55,0
DA:57,0
DA:72,0
DA:73,0
DA:76,0
DA:80,0
DA:81,0
DA:82,0
DA:89,0
DA:91,0
DA:104,0
DA:121,0
DA:126,0
DA:127,0
DA:128,0
DA:129,0
DA:130,0
DA:136,0
DA:137,0
DA:139,0
DA:142,0
DA:145,0
DA:147,0
DA:150,0
DA:151,0
DA:155,0
LF:44
LH:0
BRDA:12,0,0,0
BRDA:12,0,1,0
BRDA:28,1,0,0
BRDA:35,2,0,0
BRDA:42,3,0,0
BRDA:61,4,0,0
BRDA:61,4,1,0
BRDA:67,5,0,0
BRDA:67,5,1,0
BRDA:67,6,0,0
BRDA:67,6,1,0
BRDA:72,7,0,0
BRDA:72,7,1,0
BRDA:80,8,0,0
BRDA:80,9,0,0
BRDA:80,9,1,0
BRDA:80,9,2,0
BRDA:81,10,0,0
BRDA:81,10,1,0
BRDA:81,11,0,0
BRDA:81,11,1,0
BRDA:81,12,0,0
BRDA:81,12,1,0
BRDA:81,13,0,0
BRDA:81,13,1,0
BRDA:113,14,0,0
BRDA:113,14,1,0
BRDA:114,15,0,0
BRDA:114,15,1,0
BRDA:114,16,0,0
BRDA:114,16,1,0
BRDA:114,17,0,0
BRDA:114,17,1,0
BRDA:115,18,0,0
BRDA:115,18,1,0
BRDA:116,19,0,0
BRDA:116,19,1,0
BRF:37
BRH:0
end_of_record
TN:
SF:src\utils\initApp.ts
FN:8,initializeApp
FN:29,safeInitializeApp
FN:38,startAppInitialization
FN:40,(anonymous_12)
FNF:4
FNH:0
FNDA:0,initializeApp
FNDA:0,safeInitializeApp
FNDA:0,startAppInitialization
FNDA:0,(anonymous_12)
DA:1,0
DA:8,0
DA:9,0
DA:10,0
DA:13,0
DA:14,0
DA:15,0
DA:17,0
DA:20,0
DA:21,0
DA:23,0
DA:24,0
DA:29,0
DA:30,0
DA:31,0
DA:33,0
DA:38,0
DA:40,0
DA:41,0
LF:19
LH:0
BRF:0
BRH:0
end_of_record
TN:
SF:src\utils\initDb.ts
FN:9,initializeDbSchema
FN:56,ensureCustomerSettingsColumns
FN:131,ensureCustomerExists
FN:131,(anonymous_12)
FN:213,initializeDatabase
FN:307,initDb
FN:309,(anonymous_16)
FNF:7
FNH:0
FNDA:0,initializeDbSchema
FNDA:0,ensureCustomerSettingsColumns
FNDA:0,ensureCustomerExists
FNDA:0,(anonymous_12)
FNDA:0,initializeDatabase
FNDA:0,initDb
FNDA:0,(anonymous_16)
DA:1,0
DA:2,0
DA:3,0
DA:4,0
DA:5,0
DA:6,0
DA:10,0
DA:11,0
DA:14,0
DA:15,0
DA:16,0
DA:17,0
DA:27,0
DA:31,0
DA:32,0
DA:33,0
DA:34,0
DA:45,0
DA:48,0
DA:50,0
DA:51,0
DA:57,0
DA:58,0
DA:61,0
DA:62,0
DA:63,0
DA:64,0
DA:68,0
DA:77,0
DA:78,0
DA:81,0
DA:102,0
DA:120,0
DA:122,0
DA:125,0
DA:126,0
DA:131,0
DA:132,0
DA:133,0
DA:136,0
DA:141,0
DA:142,0
DA:143,0
DA:147,0
DA:150,0
DA:151,0
DA:152,0
DA:157,0
DA:158,0
DA:159,0
DA:162,0
DA:166,0
DA:200,0
DA:201,0
DA:202,0
DA:205,0
DA:207,0
DA:208,0
DA:213,0
DA:214,0
DA:216,0
DA:218,0
DA:219,0
DA:221,0
DA:223,0
DA:224,0
DA:225,0
DA:227,0
DA:230,0
DA:232,0
DA:233,0
DA:234,0
DA:236,0
DA:239,0
DA:241,0
DA:242,0
DA:243,0
DA:245,0
DA:248,0
DA:250,0
DA:251,0
DA:252,0
DA:254,0
DA:257,0
DA:259,0
DA:260,0
DA:261,0
DA:263,0
DA:266,0
DA:268,0
DA:269,0
DA:270,0
DA:272,0
DA:275,0
DA:277,0
DA:278,0
DA:279,0
DA:281,0
DA:284,0
DA:286,0
DA:287,0
DA:288,0
DA:290,0
DA:293,0
DA:295,0
DA:297,0
DA:298,0
DA:299,0
DA:301,0
DA:307,0
DA:309,0
DA:310,0
LF:112
LH:0
BRDA:15,0,0,0
BRDA:32,1,0,0
BRDA:62,2,0,0
BRDA:77,3,0,0
BRDA:77,3,1,0
BRDA:131,4,0,0
BRDA:141,5,0,0
BRDA:151,6,0,0
BRDA:157,7,0,0
BRDA:178,8,0,0
BRDA:178,8,1,0
BRDA:200,9,0,0
BRDA:297,10,0,0
BRDA:297,10,1,0
BRF:14
BRH:0
end_of_record
TN:
SF:src\utils\logger.ts
FN:6,(anonymous_0)
FN:25,configure
FN:32,error
FN:41,warn
FN:50,info
FN:59,debug
FN:68,trace
FNF:7
FNH:0
FNDA:0,(anonymous_0)
FNDA:0,configure
FNDA:0,error
FNDA:0,warn
FNDA:0,info
FNDA:0,debug
FNDA:0,trace
DA:6,0
DA:7,0
DA:8,0
DA:9,0
DA:10,0
DA:11,0
DA:15,0
DA:20,0
DA:25,0
DA:26,0
DA:32,0
DA:33,0
DA:34,0
DA:41,0
DA:42,0
DA:43,0
DA:50,0
DA:51,0
DA:52,0
DA:59,0
DA:60,0
DA:61,0
DA:68,0
DA:69,0
DA:70,0
DA:75,0
DA:85,0
LF:27
LH:0
BRDA:6,0,0,0
BRDA:6,0,1,0
BRDA:15,1,0,0
BRDA:15,1,1,0
BRDA:33,2,0,0
BRDA:42,3,0,0
BRDA:51,4,0,0
BRDA:60,5,0,0
BRDA:69,6,0,0
BRF:9
BRH:0
end_of_record
TN:
SF:src\utils\mockData.ts
FNF:0
FNH:0
DA:7,0
DA:19,0
LF:2
LH:0
BRF:0
BRH:0
end_of_record
TN:
SF:src\utils\qrCodeErrorHandler.ts
FN:11,(anonymous_7)
FN:30,(anonymous_8)
FN:50,(anonymous_9)
FN:72,(anonymous_10)
FN:88,(anonymous_11)
FN:103,(anonymous_12)
FN:118,(anonymous_13)
FN:133,(anonymous_14)
FN:148,(anonymous_15)
FN:163,(anonymous_16)
FN:177,logQrCodeError
FN:178,(anonymous_18)
FN:247,mapToQrCodeError
FNF:13
FNH:0
FNDA:0,(anonymous_7)
FNDA:0,(anonymous_8)
FNDA:0,(anonymous_9)
FNDA:0,(anonymous_10)
FNDA:0,(anonymous_11)
FNDA:0,(anonymous_12)
FNDA:0,(anonymous_13)
FNDA:0,(anonymous_14)
FNDA:0,(anonymous_15)
FNDA:0,(anonymous_16)
FNDA:0,logQrCodeError
FNDA:0,(anonymous_18)
FNDA:0,mapToQrCodeError
DA:6,0
DA:11,0
DA:12,0
DA:13,0
DA:14,0
DA:15,0
DA:16,0
DA:17,0
DA:18,0
DA:24,0
DA:36,0
DA:37,0
DA:38,0
DA:39,0
DA:40,0
DA:41,0
DA:44,0
DA:51,0
DA:53,0
DA:55,0
DA:57,0
DA:59,0
DA:61,0
DA:63,0
DA:65,0
DA:73,0
DA:87,0
DA:89,0
DA:95,0
DA:102,0
DA:104,0
DA:110,0
DA:117,0
DA:119,0
DA:125,0
DA:132,0
DA:134,0
DA:140,0
DA:147,0
DA:149,0
DA:155,0
DA:162,0
DA:164,0
DA:170,0
DA:177,0
DA:178,0
DA:182,0
DA:183,0
DA:185,0
DA:186,0
DA:187,0
DA:189,0
DA:192,0
DA:193,0
DA:194,0
DA:195,0
DA:196,0
DA:197,0
DA:198,0
DA:199,0
DA:200,0
DA:201,0
DA:202,0
DA:203,0
DA:204,0
DA:205,0
DA:206,0
DA:207,0
DA:212,0
DA:219,0
DA:221,0
DA:240,0
DA:247,0
DA:251,0
DA:253,0
DA:256,0
DA:263,0
DA:265,0
DA:266,0
DA:269,0
DA:270,0
DA:273,0
DA:274,0
DA:277,0
DA:278,0
DA:281,0
DA:282,0
DA:285,0
DA:286,0
DA:290,0
LF:90
LH:0
BRDA:11,0,0,0
BRDA:11,0,1,0
BRDA:32,1,0,0
BRDA:33,2,0,0
BRDA:34,3,0,0
BRDA:51,4,0,0
BRDA:51,4,1,0
BRDA:51,4,2,0
BRDA:51,4,3,0
BRDA:51,4,4,0
BRDA:51,4,5,0
BRDA:51,4,6,0
BRDA:88,5,0,0
BRDA:103,6,0,0
BRDA:118,7,0,0
BRDA:133,8,0,0
BRDA:148,9,0,0
BRDA:163,10,0,0
BRDA:179,11,0,0
BRDA:185,12,0,0
BRDA:185,12,1,0
BRDA:193,13,0,0
BRDA:193,13,1,0
BRDA:193,14,0,0
BRDA:193,14,1,0
BRDA:193,14,2,0
BRDA:196,15,0,0
BRDA:196,15,1,0
BRDA:196,16,0,0
BRDA:196,16,1,0
BRDA:196,16,2,0
BRDA:199,17,0,0
BRDA:199,17,1,0
BRDA:199,18,0,0
BRDA:199,18,1,0
BRDA:199,18,2,0
BRDA:202,19,0,0
BRDA:202,19,1,0
BRDA:202,20,0,0
BRDA:202,20,1,0
BRDA:205,21,0,0
BRDA:205,22,0,0
BRDA:205,22,1,0
BRDA:233,23,0,0
BRDA:233,23,1,0
BRDA:249,24,0,0
BRDA:251,25,0,0
BRDA:256,26,0,0
BRDA:256,26,1,0
BRDA:258,27,0,0
BRDA:258,27,1,0
BRDA:265,28,0,0
BRDA:265,29,0,0
BRDA:265,29,1,0
BRDA:265,29,2,0
BRDA:269,30,0,0
BRDA:269,31,0,0
BRDA:269,31,1,0
BRDA:269,31,2,0
BRDA:273,32,0,0
BRDA:273,33,0,0
BRDA:273,33,1,0
BRDA:273,33,2,0
BRDA:277,34,0,0
BRDA:277,35,0,0
BRDA:277,35,1,0
BRDA:277,35,2,0
BRDA:281,36,0,0
BRDA:281,37,0,0
BRDA:281,37,1,0
BRDA:281,37,2,0
BRDA:285,38,0,0
BRDA:285,39,0,0
BRDA:285,39,1,0
BRDA:285,39,2,0
BRF:75
BRH:0
end_of_record
TN:
SF:src\utils\qrCodeGenerator.ts
FN:14,generateQRCodeDataURL
FN:15,(anonymous_8)
FN:35,(anonymous_9)
FN:53,(anonymous_10)
FN:53,(anonymous_11)
FN:61,(anonymous_12)
FN:125,(anonymous_13)
FN:135,(anonymous_14)
FN:154,(anonymous_15)
FN:232,(anonymous_16)
FN:232,(anonymous_17)
FN:235,(anonymous_18)
FN:239,(anonymous_19)
FN:271,(anonymous_20)
FN:281,(anonymous_21)
FN:282,(anonymous_22)
FN:286,(anonymous_23)
FN:302,downloadQRCode
FN:303,(anonymous_25)
FN:331,createCustomerQRCode
FN:351,createPromoQRCode
FN:370,createLoyaltyCardQRCode
FNF:22
FNH:0
FNDA:0,generateQRCodeDataURL
FNDA:0,(anonymous_8)
FNDA:0,(anonymous_9)
FNDA:0,(anonymous_10)
FNDA:0,(anonymous_11)
FNDA:0,(anonymous_12)
FNDA:0,(anonymous_13)
FNDA:0,(anonymous_14)
FNDA:0,(anonymous_15)
FNDA:0,(anonymous_16)
FNDA:0,(anonymous_17)
FNDA:0,(anonymous_18)
FNDA:0,(anonymous_19)
FNDA:0,(anonymous_20)
FNDA:0,(anonymous_21)
FNDA:0,(anonymous_22)
FNDA:0,(anonymous_23)
FNDA:0,downloadQRCode
FNDA:0,(anonymous_25)
FNDA:0,createCustomerQRCode
FNDA:0,createPromoQRCode
FNDA:0,createLoyaltyCardQRCode
DA:14,0
DA:15,0
DA:30,0
DA:33,0
DA:35,0
DA:36,0
DA:38,0
DA:39,0
DA:40,0
DA:41,0
DA:43,0
DA:44,0
DA:48,0
DA:49,0
DA:53,0
DA:55,0
DA:57,0
DA:58,0
DA:61,0
DA:63,0
DA:71,0
DA:72,0
DA:80,0
DA:81,0
DA:88,0
DA:92,0
DA:93,0
DA:94,0
DA:97,0
DA:98,0
DA:100,0
DA:104,0
DA:107,0
DA:114,0
DA:125,0
DA:126,0
DA:127,0
DA:130,0
DA:131,0
DA:135,0
DA:138,0
DA:139,0
DA:140,0
DA:141,0
DA:143,0
DA:145,0
DA:146,0
DA:147,0
DA:148,0
DA:154,0
DA:155,0
DA:156,0
DA:157,0
DA:158,0
DA:159,0
DA:167,0
DA:169,0
DA:173,0
DA:176,0
DA:177,0
DA:179,0
DA:185,0
DA:189,0
DA:190,0
DA:196,0
DA:198,0
DA:210,0
DA:213,0
DA:214,0
DA:215,0
DA:218,0
DA:219,0
DA:220,0
DA:223,0
DA:229,0
DA:232,0
DA:233,0
DA:235,0
DA:236,0
DA:237,0
DA:239,0
DA:240,0
DA:241,0
DA:242,0
DA:244,0
DA:247,0
DA:250,0
DA:251,0
DA:252,0
DA:253,0
DA:254,0
DA:255,0
DA:256,0
DA:257,0
DA:258,0
DA:259,0
DA:260,0
DA:261,0
DA:262,0
DA:265,0
DA:266,0
DA:268,0
DA:271,0
DA:272,0
DA:275,0
DA:280,0
DA:281,0
DA:284,0
DA:287,0
DA:291,0
DA:302,0
DA:303,0
DA:307,0
DA:308,0
DA:311,0
DA:312,0
DA:313,0
DA:316,0
DA:317,0
DA:318,0
DA:320,0
DA:321,0
DA:331,0
DA:336,0
DA:351,0
DA:355,0
DA:370,0
DA:375,0
LF:128
LH:0
BRDA:16,0,0,0
BRDA:25,1,0,0
BRDA:26,2,0,0
BRDA:27,3,0,0
BRDA:29,4,0,0
BRDA:33,5,0,0
BRDA:33,5,1,0
BRDA:43,6,0,0
BRDA:98,7,0,0
BRDA:100,8,0,0
BRDA:101,9,0,0
BRDA:101,9,1,0
BRDA:101,9,2,0
BRDA:101,9,3,0
BRDA:101,9,4,0
BRDA:126,10,0,0
BRDA:126,10,1,0
BRDA:143,11,0,0
BRDA:143,12,0,0
BRDA:143,12,1,0
BRDA:146,13,0,0
BRDA:147,14,0,0
BRDA:148,15,0,0
BRDA:148,16,0,0
BRDA:148,16,1,0
BRDA:155,17,0,0
BRDA:155,18,0,0
BRDA:155,18,1,0
BRDA:158,19,0,0
BRDA:158,20,0,0
BRDA:158,20,1,0
BRDA:158,20,2,0
BRDA:158,20,3,0
BRDA:158,20,4,0
BRDA:158,20,5,0
BRDA:179,21,0,0
BRDA:180,22,0,0
BRDA:180,22,1,0
BRDA:180,22,2,0
BRDA:180,22,3,0
BRDA:180,22,4,0
BRDA:180,22,5,0
BRDA:180,22,6,0
BRDA:180,22,7,0
BRDA:189,23,0,0
BRDA:189,23,1,0
BRDA:189,24,0,0
BRDA:189,24,1,0
BRDA:196,25,0,0
BRDA:210,26,0,0
BRDA:210,26,1,0
BRDA:223,27,0,0
BRDA:223,27,1,0
BRDA:225,28,0,0
BRDA:225,28,1,0
BRDA:233,29,0,0
BRDA:304,30,0,0
BRDA:305,31,0,0
BRF:58
BRH:0
end_of_record
TN:
SF:src\utils\qrCodeValidator.ts
FN:45,validateQrCodeData
FN:108,isValidQrCodeType
FN:119,validateCustomerCard
FN:200,validateLoyaltyCard
FN:289,validatePromoCode
FN:367,validateUnknownData
FN:384,safeValidateQrCode
FNF:7
FNH:0
FNDA:0,validateQrCodeData
FNDA:0,isValidQrCodeType
FNDA:0,validateCustomerCard
FNDA:0,validateLoyaltyCard
FNDA:0,validatePromoCode
FNDA:0,validateUnknownData
FNDA:0,safeValidateQrCode
DA:7,0
DA:18,0
DA:23,0
DA:45,0
DA:47,0
DA:48,0
DA:53,0
DA:54,0
DA:55,0
DA:57,0
DA:63,0
DA:67,0
DA:68,0
DA:75,0
DA:76,0
DA:82,0
DA:85,0
DA:86,0
DA:93,0
DA:95,0
DA:97,0
DA:99,0
DA:101,0
DA:109,0
DA:121,0
DA:122,0
DA:126,0
DA:127,0
DA:131,0
DA:132,0
DA:133,0
DA:134,0
DA:142,0
DA:145,0
DA:146,0
DA:154,0
DA:155,0
DA:163,0
DA:164,0
DA:172,0
DA:175,0
DA:183,0
DA:202,0
DA:203,0
DA:207,0
DA:208,0
DA:212,0
DA:213,0
DA:214,0
DA:215,0
DA:223,0
DA:226,0
DA:227,0
DA:235,0
DA:236,0
DA:244,0
DA:245,0
DA:253,0
DA:254,0
DA:262,0
DA:263,0
DA:271,0
DA:291,0
DA:292,0
DA:296,0
DA:297,0
DA:301,0
DA:302,0
DA:303,0
DA:304,0
DA:312,0
DA:315,0
DA:316,0
DA:324,0
DA:325,0
DA:333,0
DA:334,0
DA:342,0
DA:343,0
DA:351,0
DA:369,0
DA:371,0
DA:384,0
DA:389,0
DA:390,0
DA:391,0
DA:393,0
DA:394,0
DA:397,0
LF:89
LH:0
BRDA:47,0,0,0
BRDA:53,1,0,0
BRDA:53,1,1,0
BRDA:67,2,0,0
BRDA:67,3,0,0
BRDA:67,3,1,0
BRDA:75,4,0,0
BRDA:85,5,0,0
BRDA:93,6,0,0
BRDA:93,6,1,0
BRDA:93,6,2,0
BRDA:93,6,3,0
BRDA:109,7,0,0
BRDA:109,7,1,0
BRDA:121,8,0,0
BRDA:126,9,0,0
BRDA:126,10,0,0
BRDA:126,10,1,0
BRDA:133,11,0,0
BRDA:145,12,0,0
BRDA:145,13,0,0
BRDA:145,13,1,0
BRDA:154,14,0,0
BRDA:154,15,0,0
BRDA:154,15,1,0
BRDA:163,16,0,0
BRDA:163,17,0,0
BRDA:163,17,1,0
BRDA:172,18,0,0
BRDA:172,19,0,0
BRDA:172,19,1,0
BRDA:172,19,2,0
BRDA:189,20,0,0
BRDA:189,20,1,0
BRDA:202,21,0,0
BRDA:207,22,0,0
BRDA:207,23,0,0
BRDA:207,23,1,0
BRDA:214,24,0,0
BRDA:226,25,0,0
BRDA:226,26,0,0
BRDA:226,26,1,0
BRDA:235,27,0,0
BRDA:235,28,0,0
BRDA:235,28,1,0
BRDA:244,29,0,0
BRDA:244,30,0,0
BRDA:244,30,1,0
BRDA:253,31,0,0
BRDA:253,32,0,0
BRDA:253,32,1,0
BRDA:262,33,0,0
BRDA:262,34,0,0
BRDA:262,34,1,0
BRDA:278,35,0,0
BRDA:278,35,1,0
BRDA:291,36,0,0
BRDA:296,37,0,0
BRDA:296,38,0,0
BRDA:296,38,1,0
BRDA:303,39,0,0
BRDA:315,40,0,0
BRDA:324,41,0,0
BRDA:324,42,0,0
BRDA:324,42,1,0
BRDA:333,43,0,0
BRDA:333,44,0,0
BRDA:333,44,1,0
BRDA:342,45,0,0
BRDA:342,46,0,0
BRDA:342,46,1,0
BRDA:357,47,0,0
BRDA:357,47,1,0
BRDA:369,48,0,0
BRDA:369,48,1,0
BRDA:393,49,0,0
BRDA:400,50,0,0
BRDA:400,50,1,0
BRF:78
BRH:0
end_of_record
TN:
SF:src\utils\qrScanMonitor.ts
FN:35,recordSuccessfulScan
FN:58,recordFailedScan
FN:87,getScanStatistics
FN:104,resetScanStatistics
FN:116,diagnoseQrCodeFormat
FN:171,(anonymous_5)
FN:183,(anonymous_6)
FN:202,(anonymous_7)
FN:222,(anonymous_8)
FN:236,(anonymous_9)
FN:247,(anonymous_10)
FN:292,(anonymous_11)
FN:300,(anonymous_12)
FN:309,(anonymous_13)
FNF:14
FNH:0
FNDA:0,recordSuccessfulScan
FNDA:0,recordFailedScan
FNDA:0,getScanStatistics
FNDA:0,resetScanStatistics
FNDA:0,diagnoseQrCodeFormat
FNDA:0,(anonymous_5)
FNDA:0,(anonymous_6)
FNDA:0,(anonymous_7)
FNDA:0,(anonymous_8)
FNDA:0,(anonymous_9)
FNDA:0,(anonymous_10)
FNDA:0,(anonymous_11)
FNDA:0,(anonymous_12)
FNDA:0,(anonymous_13)
DA:9,0
DA:10,0
DA:11,0
DA:16,0
DA:19,0
DA:24,0
DA:30,0
DA:35,0
DA:36,0
DA:37,0
DA:39,0
DA:45,0
DA:46,0
DA:50,0
DA:51,0
DA:58,0
DA:59,0
DA:60,0
DA:62,0
DA:69,0
DA:70,0
DA:71,0
DA:75,0
DA:76,0
DA:77,0
DA:81,0
DA:87,0
DA:88,0
DA:90,0
DA:104,0
DA:105,0
DA:106,0
DA:107,0
DA:108,0
DA:109,0
DA:110,0
DA:116,0
DA:121,0
DA:122,0
DA:123,0
DA:126,0
DA:127,0
DA:130,0
DA:131,0
DA:132,0
DA:133,0
DA:134,0
DA:136,0
DA:137,0
DA:138,0
DA:139,0
DA:140,0
DA:142,0
DA:143,0
DA:144,0
DA:145,0
DA:146,0
DA:149,0
DA:150,0
DA:151,0
DA:154,0
DA:155,0
DA:156,0
DA:159,0
DA:172,0
DA:173,0
DA:174,0
DA:175,0
DA:176,0
DA:177,0
DA:178,0
DA:184,0
DA:185,0
DA:188,0
DA:189,0
DA:192,0
DA:203,0
DA:204,0
DA:207,0
DA:208,0
DA:211,0
DA:223,0
DA:237,0
DA:238,0
DA:239,0
DA:240,0
DA:241,0
DA:248,0
DA:249,0
DA:252,0
DA:253,0
DA:256,0
DA:257,0
DA:258,0
DA:262,0
DA:263,0
DA:264,0
DA:265,0
DA:267,0
DA:268,0
DA:269,0
DA:270,0
DA:272,0
DA:273,0
DA:274,0
DA:275,0
DA:279,0
DA:280,0
DA:283,0
DA:293,0
DA:294,0
DA:301,0
DA:302,0
DA:303,0
DA:310,0
DA:315,0
DA:316,0
LF:117
LH:0
BRDA:45,0,0,0
BRDA:50,1,0,0
BRDA:65,2,0,0
BRDA:65,2,1,0
BRDA:65,3,0,0
BRDA:65,3,1,0
BRDA:70,4,0,0
BRDA:76,5,0,0
BRDA:88,6,0,0
BRDA:88,6,1,0
BRDA:130,7,0,0
BRDA:130,7,1,0
BRDA:130,8,0,0
BRDA:130,8,1,0
BRDA:131,9,0,0
BRDA:136,10,0,0
BRDA:136,10,1,0
BRDA:136,11,0,0
BRDA:136,11,1,0
BRDA:137,12,0,0
BRDA:137,13,0,0
BRDA:137,13,1,0
BRDA:142,14,0,0
BRDA:142,14,1,0
BRDA:142,15,0,0
BRDA:142,15,1,0
BRDA:143,16,0,0
BRDA:188,17,0,0
BRDA:207,18,0,0
BRDA:227,19,0,0
BRDA:227,19,1,0
BRDA:256,20,0,0
BRDA:262,21,0,0
BRDA:262,21,1,0
BRDA:263,22,0,0
BRDA:267,23,0,0
BRDA:267,23,1,0
BRDA:268,24,0,0
BRDA:268,25,0,0
BRDA:268,25,1,0
BRDA:272,26,0,0
BRDA:273,27,0,0
BRDA:273,28,0,0
BRDA:273,28,1,0
BRF:44
BRH:0
end_of_record
TN:
SF:src\utils\queryCache.ts
FN:30,getFromCache
FN:52,setInCache
FN:64,(anonymous_2)
FN:78,invalidateCache
FN:86,invalidateCacheByTag
FN:90,(anonymous_5)
FN:104,isCached
FN:125,getCacheTimestamp
FN:133,getCacheStats
FN:138,(anonymous_9)
FN:158,pruneExpiredEntries
FN:162,(anonymous_11)
FN:175,clearCache
FNF:13
FNH:0
FNDA:0,getFromCache
FNDA:0,setInCache
FNDA:0,(anonymous_2)
FNDA:0,invalidateCache
FNDA:0,invalidateCacheByTag
FNDA:0,(anonymous_5)
FNDA:0,isCached
FNDA:0,getCacheTimestamp
FNDA:0,getCacheStats
FNDA:0,(anonymous_9)
FNDA:0,pruneExpiredEntries
FNDA:0,(anonymous_11)
FNDA:0,clearCache
DA:19,0
DA:20,0
DA:23,0
DA:30,0
DA:31,0
DA:33,0
DA:34,0
DA:38,0
DA:39,0
DA:40,0
DA:43,0
DA:52,0
DA:53,0
DA:54,0
DA:56,0
DA:63,0
DA:64,0
DA:65,0
DA:66,0
DA:69,0
DA:78,0
DA:79,0
DA:86,0
DA:87,0
DA:89,0
DA:90,0
DA:91,0
DA:95,0
DA:104,0
DA:105,0
DA:107,0
DA:108,0
DA:112,0
DA:113,0
DA:114,0
DA:117,0
DA:125,0
DA:126,0
DA:133,0
DA:134,0
DA:135,0
DA:136,0
DA:138,0
DA:139,0
DA:140,0
DA:142,0
DA:146,0
DA:158,0
DA:159,0
DA:160,0
DA:162,0
DA:163,0
DA:164,0
DA:165,0
DA:169,0
DA:175,0
DA:176,0
DA:177,0
DA:181,0
LF:59
LH:0
BRDA:33,0,0,0
BRDA:38,1,0,0
BRDA:52,2,0,0
BRDA:53,3,0,0
BRDA:53,3,1,0
BRDA:63,4,0,0
BRDA:63,5,0,0
BRDA:63,5,1,0
BRDA:65,6,0,0
BRDA:69,7,0,0
BRDA:69,7,1,0
BRDA:69,8,0,0
BRDA:69,8,1,0
BRDA:89,9,0,0
BRDA:107,10,0,0
BRDA:112,11,0,0
BRDA:126,12,0,0
BRDA:126,12,1,0
BRDA:126,13,0,0
BRDA:126,13,1,0
BRDA:139,14,0,0
BRDA:139,14,1,0
BRDA:163,15,0,0
BRF:23
BRH:0
end_of_record
TN:
SF:src\utils\queryClient.ts
FN:15,(anonymous_0)
FN:29,(anonymous_1)
FN:35,(anonymous_2)
FN:37,(anonymous_3)
FN:39,(anonymous_4)
FN:46,(anonymous_5)
FN:48,(anonymous_6)
FN:50,(anonymous_7)
FN:57,(anonymous_8)
FN:59,(anonymous_9)
FN:61,(anonymous_10)
FN:68,(anonymous_11)
FN:74,(anonymous_12)
FN:76,(anonymous_13)
FN:78,(anonymous_14)
FN:80,(anonymous_15)
FN:86,invalidateCustomerQueries
FN:93,invalidateProgramQueries
FNF:18
FNH:0
FNDA:0,(anonymous_0)
FNDA:0,(anonymous_1)
FNDA:0,(anonymous_2)
FNDA:0,(anonymous_3)
FNDA:0,(anonymous_4)
FNDA:0,(anonymous_5)
FNDA:0,(anonymous_6)
FNDA:0,(anonymous_7)
FNDA:0,(anonymous_8)
FNDA:0,(anonymous_9)
FNDA:0,(anonymous_10)
FNDA:0,(anonymous_11)
FNDA:0,(anonymous_12)
FNDA:0,(anonymous_13)
FNDA:0,(anonymous_14)
FNDA:0,(anonymous_15)
FNDA:0,invalidateCustomerQueries
FNDA:0,invalidateProgramQueries
DA:1,0
DA:4,0
DA:15,0
DA:27,0
DA:30,0
DA:36,0
DA:38,0
DA:40,0
DA:47,0
DA:49,0
DA:51,0
DA:58,0
DA:60,0
DA:62,0
DA:69,0
DA:75,0
DA:77,0
DA:79,0
DA:81,0
DA:86,0
DA:87,0
DA:88,0
DA:89,0
DA:93,0
DA:94,0
DA:95,0
LF:26
LH:0
BRDA:30,0,0,0
BRDA:30,0,1,0
BRF:2
BRH:0
end_of_record
TN:
SF:src\utils\rateLimiter.ts
FN:19,(anonymous_0)
FN:26,(anonymous_1)
FN:35,(anonymous_2)
FN:71,(anonymous_3)
FN:94,(anonymous_4)
FN:101,(anonymous_5)
FNF:6
FNH:0
FNDA:0,(anonymous_0)
FNDA:0,(anonymous_1)
FNDA:0,(anonymous_2)
FNDA:0,(anonymous_3)
FNDA:0,(anonymous_4)
FNDA:0,(anonymous_5)
DA:5,0
DA:14,0
DA:20,0
DA:21,0
DA:22,0
DA:25,0
DA:26,0
DA:36,0
DA:37,0
DA:40,0
DA:41,0
DA:46,0
DA:54,0
DA:55,0
DA:56,0
DA:59,0
DA:60,0
DA:61,0
DA:63,0
DA:72,0
DA:73,0
DA:75,0
DA:76,0
DA:83,0
DA:84,0
DA:85,0
DA:87,0
DA:95,0
DA:102,0
DA:103,0
DA:104,0
DA:105,0
DA:112,0
DA:114,0
LF:34
LH:0
BRDA:25,0,0,0
BRDA:40,1,0,0
BRDA:40,2,0,0
BRDA:40,2,1,0
BRDA:75,3,0,0
BRDA:75,4,0,0
BRDA:75,4,1,0
BRDA:104,5,0,0
BRF:8
BRH:0
end_of_record
TN:
SF:src\utils\sqlSafety.ts
FN:15,validateBusinessId
FN:52,validatePeriod
FN:72,validateCurrencyCode
FN:92,validateEmail
FN:118,validateUserId
FN:132,sanitizeDbIdentifier
FN:145,escapeLikeValue
FN:153,validateProgramId
FN:172,sanitizeString
FN:189,validateDateString
FNF:10
FNH:0
FNDA:0,validateBusinessId
FNDA:0,validatePeriod
FNDA:0,validateCurrencyCode
FNDA:0,validateEmail
FNDA:0,validateUserId
FNDA:0,sanitizeDbIdentifier
FNDA:0,escapeLikeValue
FNDA:0,validateProgramId
FNDA:0,sanitizeString
FNDA:0,validateDateString
DA:15,0
DA:17,0
DA:18,0
DA:21,0
DA:24,0
DA:25,0
DA:29,0
DA:31,0
DA:32,0
DA:35,0
DA:39,0
DA:40,0
DA:44,0
DA:52,0
DA:53,0
DA:54,0
DA:57,0
DA:60,0
DA:61,0
DA:64,0
DA:72,0
DA:73,0
DA:74,0
DA:77,0
DA:80,0
DA:81,0
DA:84,0
DA:92,0
DA:93,0
DA:94,0
DA:97,0
DA:101,0
DA:102,0
DA:106,0
DA:107,0
DA:110,0
DA:118,0
DA:120,0
DA:132,0
DA:134,0
DA:135,0
DA:138,0
DA:145,0
DA:147,0
DA:153,0
DA:154,0
DA:155,0
DA:159,0
DA:162,0
DA:163,0
DA:166,0
DA:172,0
DA:173,0
DA:174,0
DA:178,0
DA:181,0
DA:189,0
DA:190,0
DA:191,0
DA:195,0
DA:197,0
DA:198,0
DA:202,0
LF:63
LH:0
BRDA:17,0,0,0
BRDA:17,1,0,0
BRDA:17,1,1,0
BRDA:24,2,0,0
BRDA:29,3,0,0
BRDA:31,4,0,0
BRDA:39,5,0,0
BRDA:53,6,0,0
BRDA:53,7,0,0
BRDA:53,7,1,0
BRDA:60,8,0,0
BRDA:73,9,0,0
BRDA:73,10,0,0
BRDA:73,10,1,0
BRDA:80,11,0,0
BRDA:93,12,0,0
BRDA:93,13,0,0
BRDA:93,13,1,0
BRDA:101,14,0,0
BRDA:106,15,0,0
BRDA:134,16,0,0
BRDA:154,17,0,0
BRDA:154,18,0,0
BRDA:154,18,1,0
BRDA:159,19,0,0
BRDA:159,19,1,0
BRDA:162,20,0,0
BRDA:162,21,0,0
BRDA:162,21,1,0
BRDA:173,22,0,0
BRDA:173,23,0,0
BRDA:173,23,1,0
BRDA:190,24,0,0
BRDA:197,25,0,0
BRF:34
BRH:0
end_of_record
TN:
SF:src\utils\telemetry.ts
FN:75,recordMetric
FN:90,(anonymous_1)
FN:111,recordEvent
FN:126,(anonymous_3)
FN:165,updateConnectionStatusFromEvent
FN:209,notifyConnectionStatusChange
FN:210,(anonymous_6)
FN:222,subscribeToMetrics
FN:224,(anonymous_8)
FN:235,subscribeToEvents
FN:237,(anonymous_10)
FN:248,subscribeToConnectionStatus
FN:258,(anonymous_12)
FN:269,getConnectionStatus
FN:287,getRecentMetrics
FN:289,(anonymous_15)
FN:297,getRecentEvents
FN:299,(anonymous_17)
FN:307,getAggregatedMetrics
FN:317,(anonymous_19)
FN:318,(anonymous_20)
FN:319,(anonymous_21)
FN:327,(anonymous_22)
FN:345,clearTelemetryData
FNF:24
FNH:0
FNDA:0,recordMetric
FNDA:0,(anonymous_1)
FNDA:0,recordEvent
FNDA:0,(anonymous_3)
FNDA:0,updateConnectionStatusFromEvent
FNDA:0,notifyConnectionStatusChange
FNDA:0,(anonymous_6)
FNDA:0,subscribeToMetrics
FNDA:0,(anonymous_8)
FNDA:0,subscribeToEvents
FNDA:0,(anonymous_10)
FNDA:0,subscribeToConnectionStatus
FNDA:0,(anonymous_12)
FNDA:0,getConnectionStatus
FNDA:0,getRecentMetrics
FNDA:0,(anonymous_15)
FNDA:0,getRecentEvents
FNDA:0,(anonymous_17)
FNDA:0,getAggregatedMetrics
FNDA:0,(anonymous_19)
FNDA:0,(anonymous_20)
FNDA:0,(anonymous_21)
FNDA:0,(anonymous_22)
FNDA:0,clearTelemetryData
DA:6,0
DA:56,0
DA:57,0
DA:58,0
DA:63,0
DA:64,0
DA:69,0
DA:70,0
DA:75,0
DA:76,0
DA:84,0
DA:85,0
DA:86,0
DA:90,0
DA:91,0
DA:92,0
DA:94,0
DA:99,0
DA:100,0
DA:101,0
DA:104,0
DA:111,0
DA:112,0
DA:120,0
DA:121,0
DA:122,0
DA:126,0
DA:127,0
DA:128,0
DA:130,0
DA:135,0
DA:137,0
DA:138,0
DA:140,0
DA:141,0
DA:144,0
DA:145,0
DA:149,0
DA:151,0
DA:154,0
DA:155,0
DA:156,0
DA:157,0
DA:167,0
DA:168,0
DA:171,0
DA:173,0
DA:175,0
DA:176,0
DA:178,0
DA:179,0
DA:181,0
DA:182,0
DA:184,0
DA:185,0
DA:187,0
DA:188,0
DA:190,0
DA:193,0
DA:194,0
DA:195,0
DA:198,0
DA:204,0
DA:210,0
DA:211,0
DA:212,0
DA:214,0
DA:222,0
DA:223,0
DA:224,0
DA:225,0
DA:226,0
DA:227,0
DA:235,0
DA:236,0
DA:237,0
DA:238,0
DA:239,0
DA:240,0
DA:248,0
DA:249,0
DA:252,0
DA:253,0
DA:255,0
DA:258,0
DA:259,0
DA:260,0
DA:261,0
DA:269,0
DA:271,0
DA:272,0
DA:278,0
DA:287,0
DA:288,0
DA:289,0
DA:291,0
DA:297,0
DA:298,0
DA:299,0
DA:301,0
DA:307,0
DA:315,0
DA:316,0
DA:317,0
DA:318,0
DA:319,0
DA:321,0
DA:322,0
DA:325,0
DA:326,0
DA:327,0
DA:328,0
DA:329,0
DA:330,0
DA:332,0
DA:345,0
DA:346,0
DA:347,0
DA:351,0
DA:364,0
LF:120
LH:0
BRDA:85,0,0,0
BRDA:99,1,0,0
BRDA:99,2,0,0
BRDA:99,2,1,0
BRDA:100,3,0,0
BRDA:100,3,1,0
BRDA:100,4,0,0
BRDA:100,4,1,0
BRDA:100,5,0,0
BRDA:100,5,1,0
BRDA:111,6,0,0
BRDA:121,7,0,0
BRDA:135,8,0,0
BRDA:135,8,1,0
BRDA:135,8,2,0
BRDA:135,8,3,0
BRDA:149,9,0,0
BRDA:149,9,1,0
BRDA:154,10,0,0
BRDA:167,11,0,0
BRDA:173,12,0,0
BRDA:173,12,1,0
BRDA:173,12,2,0
BRDA:173,12,3,0
BRDA:173,12,4,0
BRDA:187,13,0,0
BRDA:187,14,0,0
BRDA:187,14,1,0
BRDA:193,15,0,0
BRDA:193,16,0,0
BRDA:193,16,1,0
BRDA:226,17,0,0
BRDA:239,18,0,0
BRDA:252,19,0,0
BRDA:252,19,1,0
BRDA:260,20,0,0
BRDA:271,21,0,0
BRDA:288,22,0,0
BRDA:298,23,0,0
BRDA:307,24,0,0
BRDA:317,25,0,0
BRDA:317,25,1,0
BRDA:321,26,0,0
BRDA:337,27,0,0
BRDA:337,27,1,0
BRDA:338,28,0,0
BRDA:338,28,1,0
BRF:47
BRH:0
end_of_record
TN:
SF:src\utils\withRetry.ts
FN:22,withRetry
FN:23,(anonymous_8)
FN:30,(anonymous_9)
FN:31,(anonymous_10)
FN:69,(anonymous_11)
FN:82,withDatabaseRetry
FN:88,(anonymous_13)
FN:104,(anonymous_14)
FNF:8
FNH:0
FNDA:0,withRetry
FNDA:0,(anonymous_8)
FNDA:0,(anonymous_9)
FNDA:0,(anonymous_10)
FNDA:0,(anonymous_11)
FNDA:0,withDatabaseRetry
FNDA:0,(anonymous_13)
FNDA:0,(anonymous_14)
DA:22,0
DA:23,0
DA:30,0
DA:32,0
DA:36,0
DA:37,0
DA:38,0
DA:40,0
DA:43,0
DA:44,0
DA:48,0
DA:49,0
DA:53,0
DA:57,0
DA:63,0
DA:66,0
DA:69,0
DA:75,0
DA:82,0
DA:86,0
DA:90,0
DA:91,0
DA:92,0
DA:102,0
DA:105,0
LF:25
LH:0
BRDA:24,0,0,0
BRDA:27,1,0,0
BRDA:28,2,0,0
BRDA:29,3,0,0
BRDA:30,4,0,0
BRDA:31,5,0,0
BRDA:43,6,0,0
BRDA:48,7,0,0
BRDA:84,8,0,0
BRDA:90,9,0,0
BRDA:93,10,0,0
BRDA:93,10,1,0
BRDA:93,10,2,0
BRDA:93,10,3,0
BRDA:93,10,4,0
BRDA:93,10,5,0
BRDA:93,10,6,0
BRDA:106,11,0,0
BRDA:106,11,1,0
BRDA:107,12,0,0
BRDA:107,12,1,0
BRF:21
BRH:0
end_of_record
